<?xml version="1.0" encoding="UTF-8" ?>
<testsuite tests="1" failures="0" name="PetTest" time="0.596" errors="1" skipped="0">
  <properties>
    <property name="idea.version" value="2021.1.3"/>
    <property name="java.runtime.name" value="Java(TM) SE Runtime Environment"/>
    <property name="sun.boot.library.path" value="C:\Program Files\Java\jdk1.8.0_333\jdk1.8.0_333\jre\bin"/>
    <property name="java.vm.version" value="25.333-b02"/>
    <property name="user.country.format" value="NZ"/>
    <property name="java.vm.vendor" value="Oracle Corporation"/>
    <property name="maven.multiModuleProjectDirectory" value="C:\Users\RAZER\Desktop\PetPicJournal\PetPicBackend"/>
    <property name="java.vendor.url" value="http://java.oracle.com/"/>
    <property name="path.separator" value=";"/>
    <property name="guice.disable.misplaced.annotation.check" value="true"/>
    <property name="java.vm.name" value="Java HotSpot(TM) 64-Bit Server VM"/>
    <property name="file.encoding.pkg" value="sun.io"/>
    <property name="user.script" value=""/>
    <property name="user.country" value="CN"/>
    <property name="sun.java.launcher" value="SUN_STANDARD"/>
    <property name="sun.os.patch.level" value=""/>
    <property name="java.vm.specification.name" value="Java Virtual Machine Specification"/>
    <property name="user.dir" value="C:\Users\RAZER\Desktop\PetPicJournal\PetPicBackend"/>
    <property name="java.runtime.version" value="1.8.0_333-b02"/>
    <property name="java.awt.graphicsenv" value="sun.awt.Win32GraphicsEnvironment"/>
    <property name="java.endorsed.dirs" value="C:\Program Files\Java\jdk1.8.0_333\jdk1.8.0_333\jre\lib\endorsed"/>
    <property name="os.arch" value="amd64"/>
    <property name="java.io.tmpdir" value="C:\Users\RAZER\AppData\Local\Temp\"/>
    <property name="line.separator" value="
"/>
    <property name="java.vm.specification.vendor" value="Oracle Corporation"/>
    <property name="user.variant" value=""/>
    <property name="os.name" value="Windows 11"/>
    <property name="maven.ext.class.path" value="D:\Program Files\JetBrains\IntelliJ IDEA 2021.1.3\plugins\maven\lib\maven-event-listener.jar"/>
    <property name="classworlds.conf" value="D:\Program Files\JetBrains\IntelliJ IDEA 2021.1.3\plugins\maven\lib\maven3\bin\m2.conf"/>
    <property name="sun.jnu.encoding" value="GBK"/>
    <property name="java.library.path" value="C:\Program Files\Java\jdk1.8.0_333\jdk1.8.0_333\bin;C:\WINDOWS\Sun\Java\bin;C:\WINDOWS\system32;C:\WINDOWS;C:\Program Files\Java\jdk-11\bin;D:\WINDOWS.X64_213000_db_home\bin;C:\Program Files\Common Files\Oracle\Java\javapath;C:\Program Files (x86)\Common Files\Oracle\Java\javapath;D:\py\anaconda3;D:\py\anaconda3\Library\mingw-w64\bin;D:\py\anaconda3\Library\usr\bin;D:\py\anaconda3\Library\bin;D:\py\anaconda3\Scripts;C:\Windows;C:\Program Files\Java\jdk-11\jdk\bin;C:\Program Files\Java\jdk-11\jdk\jre\bin;C:\Users\RAZER\AppData\Roaming\tc\python-3.6.4;C:\Users\RAZER\AppData\Roaming\tc\python-3.6.4\Scripts;C:\Program Files (x86)\Razer Chroma SDK\bin;C:\Program Files\Razer Chroma SDK\bin;C:\Program Files (x86)\VMware\VMware Workstation\bin\;C:\Program Files\Microsoft MPI\Bin\;C:\Program Files (x86)\Razer\ChromaBroadcast\bin;C:\Program Files\Razer\ChromaBroadcast\bin;C:\Windows\system32;C:\Windows\System32\Wbem;C:\Windows\System32\WindowsPowerShell\v1.0\;C:\Windows\System32\OpenSSH\;C:\Program Files (x86)\NVIDIA Corporation\PhysX\Common;C:\Windows\system32\config\systemprofile\AppData\Local\Microsoft\WindowsApps;C:\Program Files\dotnet\;C:\Program Files\Microsoft SQL Server\130\Tools\Binn\;C:\Users\RAZER\AppData\Local\Microsoft\WindowsApps;C:\Users\RAZER\.dotnet\tools;C:\Program Files (x86)\Tencent\微信web开发者工具\dll;C:\Pro;ram Files\MATLAB\R2022a\bin;C:\WINDOWS\system32;C:\WINDOWS;C:\WINDOWS\System32\Wbem;C:\WINDOWS\System32\WindowsPowerShell\v1.0\;C:\WINDOWS\System32\OpenSSH\;C:\Program Files\Git\cmd;D:\bysj\mysql-5.7.25-winx64\bin;;C:\Program Files\NVIDIA Corporation\NVIDIA NvDLISR;C:\Users\RAZER\AppData\Local\Programs\Python\Python311\Scripts\;C:\Users\RAZER\AppData\Local\Programs\Python\Python311\;C:\Users\RAZER\AppData\Roaming\tc\python-3.6.4;C:\Users\RAZER\AppData\Roaming\tc\python-3.6.4\Scripts;C:\Users\RAZER\AppData\Local\Microsoft\WindowsApps;C:\Users\RAZER\.dotnet\tools;C:\Users\RAZER\AppData\Local\Programs\Microsoft VS Code\bin;C:\Users\RAZER\AppData\Local\GitHubDesktop\bin;;D:\py\PyCharm Community Edition 2022.2.4\bin;;%PyCharm%;."/>
    <property name="maven.conf" value="D:\Program Files\JetBrains\IntelliJ IDEA 2021.1.3\plugins\maven\lib\maven3/conf"/>
    <property name="java.specification.name" value="Java Platform API Specification"/>
    <property name="java.class.version" value="52.0"/>
    <property name="sun.management.compiler" value="HotSpot 64-Bit Tiered Compilers"/>
    <property name="os.version" value="10.0"/>
    <property name="user.home" value="C:\Users\RAZER"/>
    <property name="user.timezone" value="Pacific/Auckland"/>
    <property name="java.awt.printerjob" value="sun.awt.windows.WPrinterJob"/>
    <property name="java.specification.version" value="1.8"/>
    <property name="file.encoding" value="UTF-8"/>
    <property name="user.name" value="RAZER"/>
    <property name="java.class.path" value="D:\Program Files\JetBrains\IntelliJ IDEA 2021.1.3\plugins\maven\lib\maven3\boot\plexus-classworlds-2.6.0.jar;D:\Program Files\JetBrains\IntelliJ IDEA 2021.1.3\plugins\maven\lib\maven3\boot\plexus-classworlds.license;D:\Program Files\JetBrains\IntelliJ IDEA 2021.1.3\lib\idea_rt.jar"/>
    <property name="java.vm.specification.version" value="1.8"/>
    <property name="sun.arch.data.model" value="64"/>
    <property name="java.home" value="C:\Program Files\Java\jdk1.8.0_333\jdk1.8.0_333\jre"/>
    <property name="sun.java.command" value="org.codehaus.classworlds.Launcher -Didea.version=2021.1.3 install"/>
    <property name="java.specification.vendor" value="Oracle Corporation"/>
    <property name="user.language" value="zh"/>
    <property name="user.language.format" value="en"/>
    <property name="awt.toolkit" value="sun.awt.windows.WToolkit"/>
    <property name="java.vm.info" value="mixed mode"/>
    <property name="java.version" value="1.8.0_333"/>
    <property name="java.ext.dirs" value="C:\Program Files\Java\jdk1.8.0_333\jdk1.8.0_333\jre\lib\ext;C:\WINDOWS\Sun\Java\lib\ext"/>
    <property name="sun.boot.class.path" value="C:\Program Files\Java\jdk1.8.0_333\jdk1.8.0_333\jre\lib\resources.jar;C:\Program Files\Java\jdk1.8.0_333\jdk1.8.0_333\jre\lib\rt.jar;C:\Program Files\Java\jdk1.8.0_333\jdk1.8.0_333\jre\lib\sunrsasign.jar;C:\Program Files\Java\jdk1.8.0_333\jdk1.8.0_333\jre\lib\jsse.jar;C:\Program Files\Java\jdk1.8.0_333\jdk1.8.0_333\jre\lib\jce.jar;C:\Program Files\Java\jdk1.8.0_333\jdk1.8.0_333\jre\lib\charsets.jar;C:\Program Files\Java\jdk1.8.0_333\jdk1.8.0_333\jre\lib\jfr.jar;C:\Program Files\Java\jdk1.8.0_333\jdk1.8.0_333\jre\classes"/>
    <property name="java.vendor" value="Oracle Corporation"/>
    <property name="maven.home" value="D:\Program Files\JetBrains\IntelliJ IDEA 2021.1.3\plugins\maven\lib\maven3"/>
    <property name="file.separator" value="\"/>
    <property name="java.vendor.url.bug" value="http://bugreport.sun.com/bugreport/"/>
    <property name="sun.cpu.endian" value="little"/>
    <property name="sun.io.unicode.encoding" value="UnicodeLittle"/>
    <property name="sun.desktop" value="windows"/>
    <property name="sun.cpu.isalist" value="amd64"/>
  </properties>
  <testcase classname="PetTest" name="test" time="0.596">
    <error message="
### Error querying database.  Cause: java.sql.SQLSyntaxErrorException: Table &apos;ssm85bqd1pj.petimage&apos; doesn&apos;t exist
### The error may exist in com/dao/PetImageDao.java (best guess)
### The error may involve defaultParameterMap
### The error occurred while setting parameters
### SQL: SELECT id AS id,pettitle,imageclass,imagetime,petimage,username,imageremark,addtime FROM petimage WHERE id=?
### Cause: java.sql.SQLSyntaxErrorException: Table &apos;ssm85bqd1pj.petimage&apos; doesn&apos;t exist
; bad SQL grammar []; nested exception is java.sql.SQLSyntaxErrorException: Table &apos;ssm85bqd1pj.petimage&apos; doesn&apos;t exist" type="org.springframework.jdbc.BadSqlGrammarException">org.springframework.jdbc.BadSqlGrammarException: 
### Error querying database.  Cause: java.sql.SQLSyntaxErrorException: Table &apos;ssm85bqd1pj.petimage&apos; doesn&apos;t exist
### The error may exist in com/dao/PetImageDao.java (best guess)
### The error may involve defaultParameterMap
### The error occurred while setting parameters
### SQL: SELECT id AS id,pettitle,imageclass,imagetime,petimage,username,imageremark,addtime FROM petimage WHERE id=?
### Cause: java.sql.SQLSyntaxErrorException: Table &apos;ssm85bqd1pj.petimage&apos; doesn&apos;t exist
; bad SQL grammar []; nested exception is java.sql.SQLSyntaxErrorException: Table &apos;ssm85bqd1pj.petimage&apos; doesn&apos;t exist
	at org.springframework.jdbc.support.SQLErrorCodeSQLExceptionTranslator.doTranslate(SQLErrorCodeSQLExceptionTranslator.java:235)
	at org.springframework.jdbc.support.AbstractFallbackSQLExceptionTranslator.translate(AbstractFallbackSQLExceptionTranslator.java:72)
	at org.mybatis.spring.MyBatisExceptionTranslator.translateExceptionIfPossible(MyBatisExceptionTranslator.java:73)
	at org.mybatis.spring.SqlSessionTemplate$SqlSessionInterceptor.invoke(SqlSessionTemplate.java:446)
	at com.sun.proxy.$Proxy19.selectOne(Unknown Source)
	at org.mybatis.spring.SqlSessionTemplate.selectOne(SqlSessionTemplate.java:166)
	at org.apache.ibatis.binding.MapperMethod.execute(MapperMethod.java:83)
	at org.apache.ibatis.binding.MapperProxy.invoke(MapperProxy.java:59)
	at com.sun.proxy.$Proxy42.selectById(Unknown Source)
	at com.baomidou.mybatisplus.service.impl.ServiceImpl.selectById(ServiceImpl.java:359)
	at sun.reflect.NativeMethodAccessorImpl.invoke0(Native Method)
	at sun.reflect.NativeMethodAccessorImpl.invoke(NativeMethodAccessorImpl.java:62)
	at sun.reflect.DelegatingMethodAccessorImpl.invoke(DelegatingMethodAccessorImpl.java:43)
	at java.lang.reflect.Method.invoke(Method.java:498)
	at org.springframework.aop.support.AopUtils.invokeJoinpointUsingReflection(AopUtils.java:338)
	at org.springframework.aop.framework.ReflectiveMethodInvocation.invokeJoinpoint(ReflectiveMethodInvocation.java:197)
	at org.springframework.aop.framework.ReflectiveMethodInvocation.proceed(ReflectiveMethodInvocation.java:163)
	at org.springframework.aop.interceptor.ExposeInvocationInterceptor.invoke(ExposeInvocationInterceptor.java:92)
	at org.springframework.aop.framework.ReflectiveMethodInvocation.proceed(ReflectiveMethodInvocation.java:185)
	at org.springframework.aop.framework.JdkDynamicAopProxy.invoke(JdkDynamicAopProxy.java:212)
	at com.sun.proxy.$Proxy43.selectById(Unknown Source)
	at PetTest.test(PetTest.java:48)
	at sun.reflect.NativeMethodAccessorImpl.invoke0(Native Method)
	at sun.reflect.NativeMethodAccessorImpl.invoke(NativeMethodAccessorImpl.java:62)
	at sun.reflect.DelegatingMethodAccessorImpl.invoke(DelegatingMethodAccessorImpl.java:43)
	at java.lang.reflect.Method.invoke(Method.java:498)
	at org.junit.runners.model.FrameworkMethod$1.runReflectiveCall(FrameworkMethod.java:50)
	at org.junit.internal.runners.model.ReflectiveCallable.run(ReflectiveCallable.java:12)
	at org.junit.runners.model.FrameworkMethod.invokeExplosively(FrameworkMethod.java:47)
	at org.junit.internal.runners.statements.InvokeMethod.evaluate(InvokeMethod.java:17)
	at org.junit.runners.ParentRunner.runLeaf(ParentRunner.java:325)
	at org.junit.runners.BlockJUnit4ClassRunner.runChild(BlockJUnit4ClassRunner.java:78)
	at org.junit.runners.BlockJUnit4ClassRunner.runChild(BlockJUnit4ClassRunner.java:57)
	at org.junit.runners.ParentRunner$3.run(ParentRunner.java:290)
	at org.junit.runners.ParentRunner$1.schedule(ParentRunner.java:71)
	at org.junit.runners.ParentRunner.runChildren(ParentRunner.java:288)
	at org.junit.runners.ParentRunner.access$000(ParentRunner.java:58)
	at org.junit.runners.ParentRunner$2.evaluate(ParentRunner.java:268)
	at org.junit.runners.ParentRunner.run(ParentRunner.java:363)
	at org.apache.maven.surefire.junit4.JUnit4Provider.execute(JUnit4Provider.java:252)
	at org.apache.maven.surefire.junit4.JUnit4Provider.executeTestSet(JUnit4Provider.java:141)
	at org.apache.maven.surefire.junit4.JUnit4Provider.invoke(JUnit4Provider.java:112)
	at sun.reflect.NativeMethodAccessorImpl.invoke0(Native Method)
	at sun.reflect.NativeMethodAccessorImpl.invoke(NativeMethodAccessorImpl.java:62)
	at sun.reflect.DelegatingMethodAccessorImpl.invoke(DelegatingMethodAccessorImpl.java:43)
	at java.lang.reflect.Method.invoke(Method.java:498)
	at org.apache.maven.surefire.util.ReflectionUtils.invokeMethodWithArray(ReflectionUtils.java:189)
	at org.apache.maven.surefire.booter.ProviderFactory$ProviderProxy.invoke(ProviderFactory.java:165)
	at org.apache.maven.surefire.booter.ProviderFactory.invokeProvider(ProviderFactory.java:85)
	at org.apache.maven.surefire.booter.ForkedBooter.runSuitesInProcess(ForkedBooter.java:115)
	at org.apache.maven.surefire.booter.ForkedBooter.main(ForkedBooter.java:75)
Caused by: java.sql.SQLSyntaxErrorException: Table &apos;ssm85bqd1pj.petimage&apos; doesn&apos;t exist
	at com.mysql.cj.jdbc.exceptions.SQLError.createSQLException(SQLError.java:120)
	at com.mysql.cj.jdbc.exceptions.SQLError.createSQLException(SQLError.java:97)
	at com.mysql.cj.jdbc.exceptions.SQLExceptionsMapping.translateException(SQLExceptionsMapping.java:122)
	at com.mysql.cj.jdbc.ClientPreparedStatement.executeInternal(ClientPreparedStatement.java:953)
	at com.mysql.cj.jdbc.ClientPreparedStatement.execute(ClientPreparedStatement.java:370)
	at com.alibaba.druid.filter.FilterChainImpl.preparedStatement_execute(FilterChainImpl.java:3005)
	at com.alibaba.druid.filter.FilterEventAdapter.preparedStatement_execute(FilterEventAdapter.java:440)
	at com.alibaba.druid.filter.FilterChainImpl.preparedStatement_execute(FilterChainImpl.java:3003)
	at com.alibaba.druid.proxy.jdbc.PreparedStatementProxyImpl.execute(PreparedStatementProxyImpl.java:136)
	at com.alibaba.druid.pool.DruidPooledPreparedStatement.execute(DruidPooledPreparedStatement.java:493)
	at sun.reflect.NativeMethodAccessorImpl.invoke0(Native Method)
	at sun.reflect.NativeMethodAccessorImpl.invoke(NativeMethodAccessorImpl.java:62)
	at sun.reflect.DelegatingMethodAccessorImpl.invoke(DelegatingMethodAccessorImpl.java:43)
	at java.lang.reflect.Method.invoke(Method.java:498)
	at org.apache.ibatis.logging.jdbc.PreparedStatementLogger.invoke(PreparedStatementLogger.java:59)
	at com.sun.proxy.$Proxy54.execute(Unknown Source)
	at org.apache.ibatis.executor.statement.PreparedStatementHandler.query(PreparedStatementHandler.java:63)
	at org.apache.ibatis.executor.statement.RoutingStatementHandler.query(RoutingStatementHandler.java:79)
	at sun.reflect.NativeMethodAccessorImpl.invoke0(Native Method)
	at sun.reflect.NativeMethodAccessorImpl.invoke(NativeMethodAccessorImpl.java:62)
	at sun.reflect.DelegatingMethodAccessorImpl.invoke(DelegatingMethodAccessorImpl.java:43)
	at java.lang.reflect.Method.invoke(Method.java:498)
	at org.apache.ibatis.plugin.Plugin.invoke(Plugin.java:63)
	at com.sun.proxy.$Proxy52.query(Unknown Source)
	at org.apache.ibatis.executor.ReuseExecutor.doQuery(ReuseExecutor.java:60)
	at org.apache.ibatis.executor.BaseExecutor.queryFromDatabase(BaseExecutor.java:326)
	at org.apache.ibatis.executor.BaseExecutor.query(BaseExecutor.java:156)
	at org.apache.ibatis.executor.CachingExecutor.query(CachingExecutor.java:109)
	at org.apache.ibatis.executor.CachingExecutor.query(CachingExecutor.java:83)
	at org.apache.ibatis.session.defaults.DefaultSqlSession.selectList(DefaultSqlSession.java:148)
	at org.apache.ibatis.session.defaults.DefaultSqlSession.selectList(DefaultSqlSession.java:141)
	at org.apache.ibatis.session.defaults.DefaultSqlSession.selectOne(DefaultSqlSession.java:77)
	at sun.reflect.NativeMethodAccessorImpl.invoke0(Native Method)
	at sun.reflect.NativeMethodAccessorImpl.invoke(NativeMethodAccessorImpl.java:62)
	at sun.reflect.DelegatingMethodAccessorImpl.invoke(DelegatingMethodAccessorImpl.java:43)
	at java.lang.reflect.Method.invoke(Method.java:498)
	at org.mybatis.spring.SqlSessionTemplate$SqlSessionInterceptor.invoke(SqlSessionTemplate.java:433)
	... 47 more
</error>
    <system-out>01:23:48.779 [main] DEBUG org.springframework.core.env.StandardEnvironment - Adding PropertySource &apos;systemProperties&apos; with lowest search precedence
01:23:48.780 [main] DEBUG org.springframework.core.env.StandardEnvironment - Adding PropertySource &apos;systemEnvironment&apos; with lowest search precedence
01:23:48.780 [main] DEBUG org.springframework.core.env.StandardEnvironment - Initialized StandardEnvironment with PropertySources [MapPropertySource@1504321715 {name=&apos;systemProperties&apos;, properties={idea.version=2021.1.3, java.runtime.name=Java(TM) SE Runtime Environment, sun.boot.library.path=C:\Program Files\Java\jdk1.8.0_333\jdk1.8.0_333\jre\bin, java.vm.version=25.333-b02, user.country.format=NZ, java.vm.vendor=Oracle Corporation, java.vendor.url=http://java.oracle.com/, path.separator=;, java.vm.name=Java HotSpot(TM) 64-Bit Server VM, file.encoding.pkg=sun.io, user.country=CN, user.script=, sun.java.launcher=SUN_STANDARD, sun.os.patch.level=, java.vm.specification.name=Java Virtual Machine Specification, user.dir=C:\Users\RAZER\Desktop\PetPicJournal\PetPicBackend, java.runtime.version=1.8.0_333-b02, basedir=C:\Users\RAZER\Desktop\PetPicJournal\PetPicBackend, java.awt.graphicsenv=sun.awt.Win32GraphicsEnvironment, java.endorsed.dirs=C:\Program Files\Java\jdk1.8.0_333\jdk1.8.0_333\jre\lib\endorsed, os.arch=amd64, surefire.real.class.path=C:\Users\RAZER\Desktop\PetPicJournal\PetPicBackend\target\surefire\surefirebooter2684572050030967239.jar, java.io.tmpdir=C:\Users\RAZER\AppData\Local\Temp\, line.separator=
, java.vm.specification.vendor=Oracle Corporation, user.variant=, os.name=Windows 11, sun.jnu.encoding=GBK, java.library.path=C:\Program Files\Java\jdk1.8.0_333\jdk1.8.0_333\jre\bin;C:\WINDOWS\Sun\Java\bin;C:\WINDOWS\system32;C:\WINDOWS;C:\Program Files\Java\jdk-11\bin;D:\WINDOWS.X64_213000_db_home\bin;C:\Program Files\Common Files\Oracle\Java\javapath;C:\Program Files (x86)\Common Files\Oracle\Java\javapath;D:\py\anaconda3;D:\py\anaconda3\Library\mingw-w64\bin;D:\py\anaconda3\Library\usr\bin;D:\py\anaconda3\Library\bin;D:\py\anaconda3\Scripts;C:\Windows;C:\Program Files\Java\jdk-11\jdk\bin;C:\Program Files\Java\jdk-11\jdk\jre\bin;C:\Users\RAZER\AppData\Roaming\tc\python-3.6.4;C:\Users\RAZER\AppData\Roaming\tc\python-3.6.4\Scripts;C:\Program Files (x86)\Razer Chroma SDK\bin;C:\Program Files\Razer Chroma SDK\bin;C:\Program Files (x86)\VMware\VMware Workstation\bin\;C:\Program Files\Microsoft MPI\Bin\;C:\Program Files (x86)\Razer\ChromaBroadcast\bin;C:\Program Files\Razer\ChromaBroadcast\bin;C:\Windows\system32;C:\Windows\System32\Wbem;C:\Windows\System32\WindowsPowerShell\v1.0\;C:\Windows\System32\OpenSSH\;C:\Program Files (x86)\NVIDIA Corporation\PhysX\Common;C:\Windows\system32\config\systemprofile\AppData\Local\Microsoft\WindowsApps;C:\Program Files\dotnet\;C:\Program Files\Microsoft SQL Server\130\Tools\Binn\;C:\Users\RAZER\AppData\Local\Microsoft\WindowsApps;C:\Users\RAZER\.dotnet\tools;C:\Program Files (x86)\Tencent\΢��web�����߹���\dll;C:\Pro;ram Files\MATLAB\R2022a\bin;C:\WINDOWS\system32;C:\WINDOWS;C:\WINDOWS\System32\Wbem;C:\WINDOWS\System32\WindowsPowerShell\v1.0\;C:\WINDOWS\System32\OpenSSH\;C:\Program Files\Git\cmd;D:\bysj\mysql-5.7.25-winx64\bin;;C:\Program Files\NVIDIA Corporation\NVIDIA NvDLISR;C:\Users\RAZER\AppData\Local\Programs\Python\Python311\Scripts\;C:\Users\RAZER\AppData\Local\Programs\Python\Python311\;C:\Users\RAZER\AppData\Roaming\tc\python-3.6.4;C:\Users\RAZER\AppData\Roaming\tc\python-3.6.4\Scripts;C:\Users\RAZER\AppData\Local\Microsoft\WindowsApps;C:\Users\RAZER\.dotnet\tools;C:\Users\RAZER\AppData\Local\Programs\Microsoft VS Code\bin;C:\Users\RAZER\AppData\Local\GitHubDesktop\bin;;D:\py\PyCharm Community Edition 2022.2.4\bin;;%PyCharm%;., surefire.test.class.path=C:\Users\RAZER\Desktop\PetPicJournal\PetPicBackend\target\test-classes;C:\Users\RAZER\Desktop\PetPicJournal\PetPicBackend\target\classes;C:\Users\RAZER\.m2\repository\org\springframework\spring-core\5.0.0.RELEASE\spring-core-5.0.0.RELEASE.jar;C:\Users\RAZER\.m2\repository\org\springframework\spring-jcl\5.0.0.RELEASE\spring-jcl-5.0.0.RELEASE.jar;C:\Users\RAZER\.m2\repository\org\springframework\spring-context\5.0.0.RELEASE\spring-context-5.0.0.RELEASE.jar;C:\Users\RAZER\.m2\repository\org\springframework\spring-expression\5.0.0.RELEASE\spring-expression-5.0.0.RELEASE.jar;C:\Users\RAZER\.m2\repository\org\springframework\boot\spring-boot-starter-test\2.2.13.RELEASE\spring-boot-starter-test-2.2.13.RELEASE.jar;C:\Users\RAZER\.m2\repository\org\springframework\boot\spring-boot-starter\2.2.13.RELEASE\spring-boot-starter-2.2.13.RELEASE.jar;C:\Users\RAZER\.m2\repository\org\springframework\boot\spring-boot\2.2.13.RELEASE\spring-boot-2.2.13.RELEASE.jar;C:\Users\RAZER\.m2\repository\org\springframework\boot\spring-boot-autoconfigure\2.2.13.RELEASE\spring-boot-autoconfigure-2.2.13.RELEASE.jar;C:\Users\RAZER\.m2\repository\org\springframework\boot\spring-boot-starter-logging\2.2.13.RELEASE\spring-boot-starter-logging-2.2.13.RELEASE.jar;C:\Users\RAZER\.m2\repository\ch\qos\logback\logback-classic\1.2.3\logback-classic-1.2.3.jar;C:\Users\RAZER\.m2\repository\ch\qos\logback\logback-core\1.2.3\logback-core-1.2.3.jar;C:\Users\RAZER\.m2\repository\org\apache\logging\log4j\log4j-to-slf4j\2.12.1\log4j-to-slf4j-2.12.1.jar;C:\Users\RAZER\.m2\repository\org\apache\logging\log4j\log4j-api\2.12.1\log4j-api-2.12.1.jar;C:\Users\RAZER\.m2\repository\org\slf4j\jul-to-slf4j\1.7.30\jul-to-slf4j-1.7.30.jar;C:\Users\RAZER\.m2\repository\jakarta\annotation\jakarta.annotation-api\1.3.5\jakarta.annotation-api-1.3.5.jar;C:\Users\RAZER\.m2\repository\org\yaml\snakeyaml\1.25\snakeyaml-1.25.jar;C:\Users\RAZER\.m2\repository\org\springframework\boot\spring-boot-test\2.2.13.RELEASE\spring-boot-test-2.2.13.RELEASE.jar;C:\Users\RAZER\.m2\repository\org\springframework\boot\spring-boot-test-autoconfigure\2.2.13.RELEASE\spring-boot-test-autoconfigure-2.2.13.RELEASE.jar;C:\Users\RAZER\.m2\repository\com\jayway\jsonpath\json-path\2.4.0\json-path-2.4.0.jar;C:\Users\RAZER\.m2\repository\net\minidev\json-smart\2.3\json-smart-2.3.jar;C:\Users\RAZER\.m2\repository\net\minidev\accessors-smart\1.2\accessors-smart-1.2.jar;C:\Users\RAZER\.m2\repository\org\ow2\asm\asm\5.0.4\asm-5.0.4.jar;C:\Users\RAZER\.m2\repository\jakarta\xml\bind\jakarta.xml.bind-api\2.3.3\jakarta.xml.bind-api-2.3.3.jar;C:\Users\RAZER\.m2\repository\jakarta\activation\jakarta.activation-api\1.2.2\jakarta.activation-api-1.2.2.jar;C:\Users\RAZER\.m2\repository\org\junit\jupiter\junit-jupiter\5.5.2\junit-jupiter-5.5.2.jar;C:\Users\RAZER\.m2\repository\org\junit\jupiter\junit-jupiter-api\5.5.2\junit-jupiter-api-5.5.2.jar;C:\Users\RAZER\.m2\repository\org\opentest4j\opentest4j\1.2.0\opentest4j-1.2.0.jar;C:\Users\RAZER\.m2\repository\org\junit\platform\junit-platform-commons\1.5.2\junit-platform-commons-1.5.2.jar;C:\Users\RAZER\.m2\repository\org\junit\jupiter\junit-jupiter-params\5.5.2\junit-jupiter-params-5.5.2.jar;C:\Users\RAZER\.m2\repository\org\junit\jupiter\junit-jupiter-engine\5.5.2\junit-jupiter-engine-5.5.2.jar;C:\Users\RAZER\.m2\repository\org\junit\vintage\junit-vintage-engine\5.5.2\junit-vintage-engine-5.5.2.jar;C:\Users\RAZER\.m2\repository\org\apiguardian\apiguardian-api\1.1.0\apiguardian-api-1.1.0.jar;C:\Users\RAZER\.m2\repository\org\junit\platform\junit-platform-engine\1.5.2\junit-platform-engine-1.5.2.jar;C:\Users\RAZER\.m2\repository\junit\junit\4.12\junit-4.12.jar;C:\Users\RAZER\.m2\repository\org\mockito\mockito-junit-jupiter\3.1.0\mockito-junit-jupiter-3.1.0.jar;C:\Users\RAZER\.m2\repository\org\assertj\assertj-core\3.13.2\assertj-core-3.13.2.jar;C:\Users\RAZER\.m2\repository\org\hamcrest\hamcrest\2.1\hamcrest-2.1.jar;C:\Users\RAZER\.m2\repository\org\mockito\mockito-core\3.1.0\mockito-core-3.1.0.jar;C:\Users\RAZER\.m2\repository\net\bytebuddy\byte-buddy\1.9.10\byte-buddy-1.9.10.jar;C:\Users\RAZER\.m2\repository\net\bytebuddy\byte-buddy-agent\1.9.10\byte-buddy-agent-1.9.10.jar;C:\Users\RAZER\.m2\repository\org\objenesis\objenesis\2.6\objenesis-2.6.jar;C:\Users\RAZER\.m2\repository\org\skyscreamer\jsonassert\1.5.0\jsonassert-1.5.0.jar;C:\Users\RAZER\.m2\repository\com\vaadin\external\google\android-json\0.0.20131108.vaadin1\android-json-0.0.20131108.vaadin1.jar;C:\Users\RAZER\.m2\repository\org\xmlunit\xmlunit-core\2.6.4\xmlunit-core-2.6.4.jar;C:\Users\RAZER\.m2\repository\org\springframework\spring-context-support\5.0.0.RELEASE\spring-context-support-5.0.0.RELEASE.jar;C:\Users\RAZER\.m2\repository\org\springframework\spring-tx\5.0.0.RELEASE\spring-tx-5.0.0.RELEASE.jar;C:\Users\RAZER\.m2\repository\org\springframework\spring-aop\5.0.0.RELEASE\spring-aop-5.0.0.RELEASE.jar;C:\Users\RAZER\.m2\repository\org\springframework\spring-beans\5.0.0.RELEASE\spring-beans-5.0.0.RELEASE.jar;C:\Users\RAZER\.m2\repository\org\springframework\spring-jdbc\5.0.0.RELEASE\spring-jdbc-5.0.0.RELEASE.jar;C:\Users\RAZER\.m2\repository\org\springframework\spring-web\5.0.0.RELEASE\spring-web-5.0.0.RELEASE.jar;C:\Users\RAZER\.m2\repository\org\springframework\spring-webmvc\5.0.0.RELEASE\spring-webmvc-5.0.0.RELEASE.jar;C:\Users\RAZER\.m2\repository\org\aspectj\aspectjweaver\1.8.8\aspectjweaver-1.8.8.jar;C:\Users\RAZER\.m2\repository\commons-fileupload\commons-fileupload\1.3.1\commons-fileupload-1.3.1.jar;C:\Users\RAZER\.m2\repository\javax\servlet\jstl\1.2\jstl-1.2.jar;C:\Users\RAZER\.m2\repository\com\baomidou\mybatis-plus\2.3\mybatis-plus-2.3.jar;C:\Users\RAZER\.m2\repository\com\baomidou\mybatis-plus-support\2.3\mybatis-plus-support-2.3.jar;C:\Users\RAZER\.m2\repository\com\baomidou\mybatis-plus-core\2.3\mybatis-plus-core-2.3.jar;C:\Users\RAZER\.m2\repository\com\github\jsqlparser\jsqlparser\1.1\jsqlparser-1.1.jar;C:\Users\RAZER\.m2\repository\org\mybatis\mybatis-spring\1.3.2\mybatis-spring-1.3.2.jar;C:\Users\RAZER\.m2\repository\org\mybatis\mybatis\3.4.6\mybatis-3.4.6.jar;C:\Users\RAZER\.m2\repository\com\baomidou\mybatis-plus-generate\2.3\mybatis-plus-generate-2.3.jar;C:\Users\RAZER\.m2\repository\mysql\mysql-connector-java\8.0.20\mysql-connector-java-8.0.20.jar;C:\Users\RAZER\.m2\repository\com\google\protobuf\protobuf-java\3.6.1\protobuf-java-3.6.1.jar;C:\Users\RAZER\.m2\repository\com\alibaba\druid\1.1.0\druid-1.1.0.jar;C:\Program Files\Java\jdk1.8.0_333\jdk1.8.0_333\jre\..\lib\jconsole.jar;C:\Program Files\Java\jdk1.8.0_333\jdk1.8.0_333\jre\..\lib\tools.jar;C:\Users\RAZER\.m2\repository\com\alibaba\fastjson\1.2.8\fastjson-1.2.8.jar;C:\Users\RAZER\.m2\repository\log4j\log4j\1.2.17\log4j-1.2.17.jar;C:\Users\RAZER\.m2\repository\org\slf4j\slf4j-api\1.7.19\slf4j-api-1.7.19.jar;C:\Users\RAZER\.m2\repository\org\slf4j\slf4j-log4j12\1.7.19\slf4j-log4j12-1.7.19.jar;C:\Users\RAZER\.m2\repository\org\springframework\spring-test\4.3.18.RELEASE\spring-test-4.3.18.RELEASE.jar;C:\Users\RAZER\.m2\repository\org\apache\commons\commons-lang3\3.0\commons-lang3-3.0.jar;C:\Users\RAZER\.m2\repository\javax\validation\validation-api\2.0.1.Final\validation-api-2.0.1.Final.jar;C:\Users\RAZER\.m2\repository\commons-io\commons-io\2.5\commons-io-2.5.jar;C:\Users\RAZER\.m2\repository\cn\hutool\hutool-all\4.0.12\hutool-all-4.0.12.jar;C:\Users\RAZER\.m2\repository\org\apache\tomcat\embed\tomcat-embed-core\9.0.29\tomcat-embed-core-9.0.29.jar;C:\Users\RAZER\.m2\repository\org\apache\tomcat\tomcat-annotations-api\9.0.29\tomcat-annotations-api-9.0.29.jar;C:\Users\RAZER\.m2\repository\commons-beanutils\commons-beanutils\1.8.0\commons-beanutils-1.8.0.jar;C:\Users\RAZER\.m2\repository\commons-logging\commons-logging\1.1.1\commons-logging-1.1.1.jar;C:\Users\RAZER\.m2\repository\com\baidu\aip\java-sdk\4.4.1\java-sdk-4.4.1.jar;C:\Users\RAZER\.m2\repository\org\json\json\20160810\json-20160810.jar;C:\Users\RAZER\.m2\repository\com\fasterxml\jackson\core\jackson-annotations\2.10.1\jackson-annotations-2.10.1.jar;C:\Users\RAZER\.m2\repository\com\fasterxml\jackson\core\jackson-databind\2.10.1\jackson-databind-2.10.1.jar;C:\Users\RAZER\.m2\repository\com\fasterxml\jackson\core\jackson-core\2.10.1\jackson-core-2.10.1.jar;C:\Users\RAZER\.m2\repository\org\codehaus\jackson\jackson-mapper-asl\1.9.13\jackson-mapper-asl-1.9.13.jar;C:\Users\RAZER\.m2\repository\org\codehaus\jackson\jackson-core-asl\1.9.13\jackson-core-asl-1.9.13.jar;C:\Users\RAZER\.m2\repository\org\apache\poi\poi\3.11\poi-3.11.jar;C:\Users\RAZER\.m2\repository\commons-codec\commons-codec\1.9\commons-codec-1.9.jar;C:\Users\RAZER\.m2\repository\org\apache\poi\poi-ooxml\3.9\poi-ooxml-3.9.jar;C:\Users\RAZER\.m2\repository\org\apache\poi\poi-ooxml-schemas\3.9\poi-ooxml-schemas-3.9.jar;C:\Users\RAZER\.m2\repository\org\apache\xmlbeans\xmlbeans\2.3.0\xmlbeans-2.3.0.jar;C:\Users\RAZER\.m2\repository\stax\stax-api\1.0.1\stax-api-1.0.1.jar;C:\Users\RAZER\.m2\repository\dom4j\dom4j\1.6.1\dom4j-1.6.1.jar;C:\Users\RAZER\.m2\repository\xml-apis\xml-apis\1.0.b2\xml-apis-1.0.b2.jar;, java.specification.name=Java Platform API Specification, java.class.version=52.0, sun.management.compiler=HotSpot 64-Bit Tiered Compilers, os.version=10.0, user.home=C:\Users\RAZER, user.timezone=Pacific/Auckland, java.awt.printerjob=sun.awt.windows.WPrinterJob, file.encoding=GBK, java.specification.version=1.8, java.class.path=C:\Users\RAZER\Desktop\PetPicJournal\PetPicBackend\target\test-classes;C:\Users\RAZER\Desktop\PetPicJournal\PetPicBackend\target\classes;C:\Users\RAZER\.m2\repository\org\springframework\spring-core\5.0.0.RELEASE\spring-core-5.0.0.RELEASE.jar;C:\Users\RAZER\.m2\repository\org\springframework\spring-jcl\5.0.0.RELEASE\spring-jcl-5.0.0.RELEASE.jar;C:\Users\RAZER\.m2\repository\org\springframework\spring-context\5.0.0.RELEASE\spring-context-5.0.0.RELEASE.jar;C:\Users\RAZER\.m2\repository\org\springframework\spring-expression\5.0.0.RELEASE\spring-expression-5.0.0.RELEASE.jar;C:\Users\RAZER\.m2\repository\org\springframework\boot\spring-boot-starter-test\2.2.13.RELEASE\spring-boot-starter-test-2.2.13.RELEASE.jar;C:\Users\RAZER\.m2\repository\org\springframework\boot\spring-boot-starter\2.2.13.RELEASE\spring-boot-starter-2.2.13.RELEASE.jar;C:\Users\RAZER\.m2\repository\org\springframework\boot\spring-boot\2.2.13.RELEASE\spring-boot-2.2.13.RELEASE.jar;C:\Users\RAZER\.m2\repository\org\springframework\boot\spring-boot-autoconfigure\2.2.13.RELEASE\spring-boot-autoconfigure-2.2.13.RELEASE.jar;C:\Users\RAZER\.m2\repository\org\springframework\boot\spring-boot-starter-logging\2.2.13.RELEASE\spring-boot-starter-logging-2.2.13.RELEASE.jar;C:\Users\RAZER\.m2\repository\ch\qos\logback\logback-classic\1.2.3\logback-classic-1.2.3.jar;C:\Users\RAZER\.m2\repository\ch\qos\logback\logback-core\1.2.3\logback-core-1.2.3.jar;C:\Users\RAZER\.m2\repository\org\apache\logging\log4j\log4j-to-slf4j\2.12.1\log4j-to-slf4j-2.12.1.jar;C:\Users\RAZER\.m2\repository\org\apache\logging\log4j\log4j-api\2.12.1\log4j-api-2.12.1.jar;C:\Users\RAZER\.m2\repository\org\slf4j\jul-to-slf4j\1.7.30\jul-to-slf4j-1.7.30.jar;C:\Users\RAZER\.m2\repository\jakarta\annotation\jakarta.annotation-api\1.3.5\jakarta.annotation-api-1.3.5.jar;C:\Users\RAZER\.m2\repository\org\yaml\snakeyaml\1.25\snakeyaml-1.25.jar;C:\Users\RAZER\.m2\repository\org\springframework\boot\spring-boot-test\2.2.13.RELEASE\spring-boot-test-2.2.13.RELEASE.jar;C:\Users\RAZER\.m2\repository\org\springframework\boot\spring-boot-test-autoconfigure\2.2.13.RELEASE\spring-boot-test-autoconfigure-2.2.13.RELEASE.jar;C:\Users\RAZER\.m2\repository\com\jayway\jsonpath\json-path\2.4.0\json-path-2.4.0.jar;C:\Users\RAZER\.m2\repository\net\minidev\json-smart\2.3\json-smart-2.3.jar;C:\Users\RAZER\.m2\repository\net\minidev\accessors-smart\1.2\accessors-smart-1.2.jar;C:\Users\RAZER\.m2\repository\org\ow2\asm\asm\5.0.4\asm-5.0.4.jar;C:\Users\RAZER\.m2\repository\jakarta\xml\bind\jakarta.xml.bind-api\2.3.3\jakarta.xml.bind-api-2.3.3.jar;C:\Users\RAZER\.m2\repository\jakarta\activation\jakarta.activation-api\1.2.2\jakarta.activation-api-1.2.2.jar;C:\Users\RAZER\.m2\repository\org\junit\jupiter\junit-jupiter\5.5.2\junit-jupiter-5.5.2.jar;C:\Users\RAZER\.m2\repository\org\junit\jupiter\junit-jupiter-api\5.5.2\junit-jupiter-api-5.5.2.jar;C:\Users\RAZER\.m2\repository\org\opentest4j\opentest4j\1.2.0\opentest4j-1.2.0.jar;C:\Users\RAZER\.m2\repository\org\junit\platform\junit-platform-commons\1.5.2\junit-platform-commons-1.5.2.jar;C:\Users\RAZER\.m2\repository\org\junit\jupiter\junit-jupiter-params\5.5.2\junit-jupiter-params-5.5.2.jar;C:\Users\RAZER\.m2\repository\org\junit\jupiter\junit-jupiter-engine\5.5.2\junit-jupiter-engine-5.5.2.jar;C:\Users\RAZER\.m2\repository\org\junit\vintage\junit-vintage-engine\5.5.2\junit-vintage-engine-5.5.2.jar;C:\Users\RAZER\.m2\repository\org\apiguardian\apiguardian-api\1.1.0\apiguardian-api-1.1.0.jar;C:\Users\RAZER\.m2\repository\org\junit\platform\junit-platform-engine\1.5.2\junit-platform-engine-1.5.2.jar;C:\Users\RAZER\.m2\repository\junit\junit\4.12\junit-4.12.jar;C:\Users\RAZER\.m2\repository\org\mockito\mockito-junit-jupiter\3.1.0\mockito-junit-jupiter-3.1.0.jar;C:\Users\RAZER\.m2\repository\org\assertj\assertj-core\3.13.2\assertj-core-3.13.2.jar;C:\Users\RAZER\.m2\repository\org\hamcrest\hamcrest\2.1\hamcrest-2.1.jar;C:\Users\RAZER\.m2\repository\org\mockito\mockito-core\3.1.0\mockito-core-3.1.0.jar;C:\Users\RAZER\.m2\repository\net\bytebuddy\byte-buddy\1.9.10\byte-buddy-1.9.10.jar;C:\Users\RAZER\.m2\repository\net\bytebuddy\byte-buddy-agent\1.9.10\byte-buddy-agent-1.9.10.jar;C:\Users\RAZER\.m2\repository\org\objenesis\objenesis\2.6\objenesis-2.6.jar;C:\Users\RAZER\.m2\repository\org\skyscreamer\jsonassert\1.5.0\jsonassert-1.5.0.jar;C:\Users\RAZER\.m2\repository\com\vaadin\external\google\android-json\0.0.20131108.vaadin1\android-json-0.0.20131108.vaadin1.jar;C:\Users\RAZER\.m2\repository\org\xmlunit\xmlunit-core\2.6.4\xmlunit-core-2.6.4.jar;C:\Users\RAZER\.m2\repository\org\springframework\spring-context-support\5.0.0.RELEASE\spring-context-support-5.0.0.RELEASE.jar;C:\Users\RAZER\.m2\repository\org\springframework\spring-tx\5.0.0.RELEASE\spring-tx-5.0.0.RELEASE.jar;C:\Users\RAZER\.m2\repository\org\springframework\spring-aop\5.0.0.RELEASE\spring-aop-5.0.0.RELEASE.jar;C:\Users\RAZER\.m2\repository\org\springframework\spring-beans\5.0.0.RELEASE\spring-beans-5.0.0.RELEASE.jar;C:\Users\RAZER\.m2\repository\org\springframework\spring-jdbc\5.0.0.RELEASE\spring-jdbc-5.0.0.RELEASE.jar;C:\Users\RAZER\.m2\repository\org\springframework\spring-web\5.0.0.RELEASE\spring-web-5.0.0.RELEASE.jar;C:\Users\RAZER\.m2\repository\org\springframework\spring-webmvc\5.0.0.RELEASE\spring-webmvc-5.0.0.RELEASE.jar;C:\Users\RAZER\.m2\repository\org\aspectj\aspectjweaver\1.8.8\aspectjweaver-1.8.8.jar;C:\Users\RAZER\.m2\repository\commons-fileupload\commons-fileupload\1.3.1\commons-fileupload-1.3.1.jar;C:\Users\RAZER\.m2\repository\javax\servlet\jstl\1.2\jstl-1.2.jar;C:\Users\RAZER\.m2\repository\com\baomidou\mybatis-plus\2.3\mybatis-plus-2.3.jar;C:\Users\RAZER\.m2\repository\com\baomidou\mybatis-plus-support\2.3\mybatis-plus-support-2.3.jar;C:\Users\RAZER\.m2\repository\com\baomidou\mybatis-plus-core\2.3\mybatis-plus-core-2.3.jar;C:\Users\RAZER\.m2\repository\com\github\jsqlparser\jsqlparser\1.1\jsqlparser-1.1.jar;C:\Users\RAZER\.m2\repository\org\mybatis\mybatis-spring\1.3.2\mybatis-spring-1.3.2.jar;C:\Users\RAZER\.m2\repository\org\mybatis\mybatis\3.4.6\mybatis-3.4.6.jar;C:\Users\RAZER\.m2\repository\com\baomidou\mybatis-plus-generate\2.3\mybatis-plus-generate-2.3.jar;C:\Users\RAZER\.m2\repository\mysql\mysql-connector-java\8.0.20\mysql-connector-java-8.0.20.jar;C:\Users\RAZER\.m2\repository\com\google\protobuf\protobuf-java\3.6.1\protobuf-java-3.6.1.jar;C:\Users\RAZER\.m2\repository\com\alibaba\druid\1.1.0\druid-1.1.0.jar;C:\Program Files\Java\jdk1.8.0_333\jdk1.8.0_333\jre\..\lib\jconsole.jar;C:\Program Files\Java\jdk1.8.0_333\jdk1.8.0_333\jre\..\lib\tools.jar;C:\Users\RAZER\.m2\repository\com\alibaba\fastjson\1.2.8\fastjson-1.2.8.jar;C:\Users\RAZER\.m2\repository\log4j\log4j\1.2.17\log4j-1.2.17.jar;C:\Users\RAZER\.m2\repository\org\slf4j\slf4j-api\1.7.19\slf4j-api-1.7.19.jar;C:\Users\RAZER\.m2\repository\org\slf4j\slf4j-log4j12\1.7.19\slf4j-log4j12-1.7.19.jar;C:\Users\RAZER\.m2\repository\org\springframework\spring-test\4.3.18.RELEASE\spring-test-4.3.18.RELEASE.jar;C:\Users\RAZER\.m2\repository\org\apache\commons\commons-lang3\3.0\commons-lang3-3.0.jar;C:\Users\RAZER\.m2\repository\javax\validation\validation-api\2.0.1.Final\validation-api-2.0.1.Final.jar;C:\Users\RAZER\.m2\repository\commons-io\commons-io\2.5\commons-io-2.5.jar;C:\Users\RAZER\.m2\repository\cn\hutool\hutool-all\4.0.12\hutool-all-4.0.12.jar;C:\Users\RAZER\.m2\repository\org\apache\tomcat\embed\tomcat-embed-core\9.0.29\tomcat-embed-core-9.0.29.jar;C:\Users\RAZER\.m2\repository\org\apache\tomcat\tomcat-annotations-api\9.0.29\tomcat-annotations-api-9.0.29.jar;C:\Users\RAZER\.m2\repository\commons-beanutils\commons-beanutils\1.8.0\commons-beanutils-1.8.0.jar;C:\Users\RAZER\.m2\repository\commons-logging\commons-logging\1.1.1\commons-logging-1.1.1.jar;C:\Users\RAZER\.m2\repository\com\baidu\aip\java-sdk\4.4.1\java-sdk-4.4.1.jar;C:\Users\RAZER\.m2\repository\org\json\json\20160810\json-20160810.jar;C:\Users\RAZER\.m2\repository\com\fasterxml\jackson\core\jackson-annotations\2.10.1\jackson-annotations-2.10.1.jar;C:\Users\RAZER\.m2\repository\com\fasterxml\jackson\core\jackson-databind\2.10.1\jackson-databind-2.10.1.jar;C:\Users\RAZER\.m2\repository\com\fasterxml\jackson\core\jackson-core\2.10.1\jackson-core-2.10.1.jar;C:\Users\RAZER\.m2\repository\org\codehaus\jackson\jackson-mapper-asl\1.9.13\jackson-mapper-asl-1.9.13.jar;C:\Users\RAZER\.m2\repository\org\codehaus\jackson\jackson-core-asl\1.9.13\jackson-core-asl-1.9.13.jar;C:\Users\RAZER\.m2\repository\org\apache\poi\poi\3.11\poi-3.11.jar;C:\Users\RAZER\.m2\repository\commons-codec\commons-codec\1.9\commons-codec-1.9.jar;C:\Users\RAZER\.m2\repository\org\apache\poi\poi-ooxml\3.9\poi-ooxml-3.9.jar;C:\Users\RAZER\.m2\repository\org\apache\poi\poi-ooxml-schemas\3.9\poi-ooxml-schemas-3.9.jar;C:\Users\RAZER\.m2\repository\org\apache\xmlbeans\xmlbeans\2.3.0\xmlbeans-2.3.0.jar;C:\Users\RAZER\.m2\repository\stax\stax-api\1.0.1\stax-api-1.0.1.jar;C:\Users\RAZER\.m2\repository\dom4j\dom4j\1.6.1\dom4j-1.6.1.jar;C:\Users\RAZER\.m2\repository\xml-apis\xml-apis\1.0.b2\xml-apis-1.0.b2.jar;, user.name=RAZER, java.vm.specification.version=1.8, sun.java.command=C:\Users\RAZER\Desktop\PetPicJournal\PetPicBackend\target\surefire\surefirebooter2684572050030967239.jar C:\Users\RAZER\Desktop\PetPicJournal\PetPicBackend\target\surefire\surefire5528989024803089364tmp C:\Users\RAZER\Desktop\PetPicJournal\PetPicBackend\target\surefire\surefire_03491191789896222500tmp, java.home=C:\Program Files\Java\jdk1.8.0_333\jdk1.8.0_333\jre, sun.arch.data.model=64, user.language=zh, java.specification.vendor=Oracle Corporation, user.language.format=en, awt.toolkit=sun.awt.windows.WToolkit, java.vm.info=mixed mode, java.version=1.8.0_333, java.ext.dirs=C:\Program Files\Java\jdk1.8.0_333\jdk1.8.0_333\jre\lib\ext;C:\WINDOWS\Sun\Java\lib\ext, sun.boot.class.path=C:\Program Files\Java\jdk1.8.0_333\jdk1.8.0_333\jre\lib\resources.jar;C:\Program Files\Java\jdk1.8.0_333\jdk1.8.0_333\jre\lib\rt.jar;C:\Program Files\Java\jdk1.8.0_333\jdk1.8.0_333\jre\lib\sunrsasign.jar;C:\Program Files\Java\jdk1.8.0_333\jdk1.8.0_333\jre\lib\jsse.jar;C:\Program Files\Java\jdk1.8.0_333\jdk1.8.0_333\jre\lib\jce.jar;C:\Program Files\Java\jdk1.8.0_333\jdk1.8.0_333\jre\lib\charsets.jar;C:\Program Files\Java\jdk1.8.0_333\jdk1.8.0_333\jre\lib\jfr.jar;C:\Program Files\Java\jdk1.8.0_333\jdk1.8.0_333\jre\classes, java.vendor=Oracle Corporation, localRepository=C:\Users\RAZER\.m2\repository, file.separator=\, java.vendor.url.bug=http://bugreport.sun.com/bugreport/, sun.io.unicode.encoding=UnicodeLittle, sun.cpu.endian=little, sun.desktop=windows, sun.cpu.isalist=amd64}}, SystemEnvironmentPropertySource@910123336 {name=&apos;systemEnvironment&apos;, properties={PATH=C:\Program Files\Java\jdk-11\bin;D:\WINDOWS.X64_213000_db_home\bin;C:\Program Files\Common Files\Oracle\Java\javapath;C:\Program Files (x86)\Common Files\Oracle\Java\javapath;D:\py\anaconda3;D:\py\anaconda3\Library\mingw-w64\bin;D:\py\anaconda3\Library\usr\bin;D:\py\anaconda3\Library\bin;D:\py\anaconda3\Scripts;C:\Windows;C:\Program Files\Java\jdk-11\jdk\bin;C:\Program Files\Java\jdk-11\jdk\jre\bin;C:\Users\RAZER\AppData\Roaming\tc\python-3.6.4;C:\Users\RAZER\AppData\Roaming\tc\python-3.6.4\Scripts;C:\Program Files (x86)\Razer Chroma SDK\bin;C:\Program Files\Razer Chroma SDK\bin;C:\Program Files (x86)\VMware\VMware Workstation\bin\;C:\Program Files\Microsoft MPI\Bin\;C:\Program Files (x86)\Razer\ChromaBroadcast\bin;C:\Program Files\Razer\ChromaBroadcast\bin;C:\Windows\system32;C:\Windows\System32\Wbem;C:\Windows\System32\WindowsPowerShell\v1.0\;C:\Windows\System32\OpenSSH\;C:\Program Files (x86)\NVIDIA Corporation\PhysX\Common;C:\Windows\system32\config\systemprofile\AppData\Local\Microsoft\WindowsApps;C:\Program Files\dotnet\;C:\Program Files\Microsoft SQL Server\130\Tools\Binn\;C:\Users\RAZER\AppData\Local\Microsoft\WindowsApps;C:\Users\RAZER\.dotnet\tools;C:\Program Files (x86)\Tencent\΢��web�����߹���\dll;C:\Pro;ram Files\MATLAB\R2022a\bin;C:\WINDOWS\system32;C:\WINDOWS;C:\WINDOWS\System32\Wbem;C:\WINDOWS\System32\WindowsPowerShell\v1.0\;C:\WINDOWS\System32\OpenSSH\;C:\Program Files\Git\cmd;D:\bysj\mysql-5.7.25-winx64\bin;;C:\Program Files\NVIDIA Corporation\NVIDIA NvDLISR;C:\Users\RAZER\AppData\Local\Programs\Python\Python311\Scripts\;C:\Users\RAZER\AppData\Local\Programs\Python\Python311\;C:\Users\RAZER\AppData\Roaming\tc\python-3.6.4;C:\Users\RAZER\AppData\Roaming\tc\python-3.6.4\Scripts;C:\Users\RAZER\AppData\Local\Microsoft\WindowsApps;C:\Users\RAZER\.dotnet\tools;C:\Users\RAZER\AppData\Local\Programs\Microsoft VS Code\bin;C:\Users\RAZER\AppData\Local\GitHubDesktop\bin;;D:\py\PyCharm Community Edition 2022.2.4\bin;;%PyCharm%, USERDOMAIN_ROAMINGPROFILE=LAPTOP-A7S63IPP, PROCESSOR_LEVEL=6, SYSTEMDRIVE=C:, SESSIONNAME=Console, ALLUSERSPROFILE=C:\ProgramData, PROCESSOR_ARCHITECTURE=AMD64, DRIVERDATA=C:\Windows\System32\Drivers\DriverData, PROGRAMFILES=C:\Program Files, PSMODULEPATH=C:\Program Files\WindowsPowerShell\Modules;C:\WINDOWS\system32\WindowsPowerShell\v1.0\Modules, PROGRAMDATA=C:\ProgramData, USERNAME=RAZER, ONEDRIVE=C:\Users\RAZER\OneDrive, PATHEXT=.COM;.EXE;.BAT;.CMD;.VBS;.VBE;.JS;.JSE;.WSF;.WSH;.MSC, ONEDRIVECONSUMER=C:\Users\RAZER\OneDrive, WINDIR=C:\WINDOWS, HOMEPATH=\Users\RAZER, PROCESSOR_IDENTIFIER=Intel64 Family 6 Model 154 Stepping 3, GenuineIntel, PUBLIC=C:\Users\Public, =::=::\, NVVFX_MODEL_DIR=C:\Program Files\NVIDIA Corporation\NVIDIA Video Effects\models, ZES_ENABLE_SYSMAN=1, PYCHARM COMMUNITY EDITION=D:\py\PyCharm Community Edition 2022.2.4\bin;, LOCALAPPDATA=C:\Users\RAZER\AppData\Local, MSMPI_BIN=C:\Program Files\Microsoft MPI\Bin\, COMMONPROGRAMFILES(X86)=C:\Program Files (x86)\Common Files, USERDOMAIN=LAPTOP-A7S63IPP, LOGONSERVER=\\LAPTOP-A7S63IPP, JAVA_HOME=C:\Program Files\Java\jdk-11\jdk, PROMPT=$P$G, PROGRAMFILES(X86)=C:\Program Files (x86), =C:=C:\Users\RAZER\Desktop\PetPicJournal\PetPicBackend, APPDATA=C:\Users\RAZER\AppData\Roaming, PROGRAMW6432=C:\Program Files, SYSTEMROOT=C:\WINDOWS, OS=Windows_NT, COMMONPROGRAMW6432=C:\Program Files\Common Files, COMPUTERNAME=LAPTOP-A7S63IPP, COMMONPROGRAMFILES=C:\Program Files\Common Files, COMSPEC=C:\WINDOWS\system32\cmd.exe, EFC_35708=1, PROCESSOR_REVISION=9a03, CLASSPATH=.;C:\Program Files\Java\jdk-11\jdk\lib\dt.jar;C:\Program Files\Java\jdk-11\jdklib\tools.jar, TEMP=C:\Users\RAZER\AppData\Local\Temp, HOMEDRIVE=C:, USERPROFILE=C:\Users\RAZER, TMP=C:\Users\RAZER\AppData\Local\Temp, NUMBER_OF_PROCESSORS=20, IDEA_INITIAL_DIRECTORY=C:\Users\RAZER\Desktop}}]
01:23:48.780 [main] INFO org.springframework.context.support.ClassPathXmlApplicationContext - Refreshing org.springframework.context.support.ClassPathXmlApplicationContext@1a69561c: startup date [Tue Oct 17 01:23:48 NZDT 2023]; root of context hierarchy
01:23:48.780 [main] DEBUG org.springframework.core.env.StandardEnvironment - Adding PropertySource &apos;systemProperties&apos; with lowest search precedence
01:23:48.780 [main] DEBUG org.springframework.core.env.StandardEnvironment - Adding PropertySource &apos;systemEnvironment&apos; with lowest search precedence
01:23:48.781 [main] DEBUG org.springframework.core.env.StandardEnvironment - Initialized StandardEnvironment with PropertySources [MapPropertySource@1260487756 {name=&apos;systemProperties&apos;, properties={idea.version=2021.1.3, java.runtime.name=Java(TM) SE Runtime Environment, sun.boot.library.path=C:\Program Files\Java\jdk1.8.0_333\jdk1.8.0_333\jre\bin, java.vm.version=25.333-b02, user.country.format=NZ, java.vm.vendor=Oracle Corporation, java.vendor.url=http://java.oracle.com/, path.separator=;, java.vm.name=Java HotSpot(TM) 64-Bit Server VM, file.encoding.pkg=sun.io, user.country=CN, user.script=, sun.java.launcher=SUN_STANDARD, sun.os.patch.level=, java.vm.specification.name=Java Virtual Machine Specification, user.dir=C:\Users\RAZER\Desktop\PetPicJournal\PetPicBackend, java.runtime.version=1.8.0_333-b02, basedir=C:\Users\RAZER\Desktop\PetPicJournal\PetPicBackend, java.awt.graphicsenv=sun.awt.Win32GraphicsEnvironment, java.endorsed.dirs=C:\Program Files\Java\jdk1.8.0_333\jdk1.8.0_333\jre\lib\endorsed, os.arch=amd64, surefire.real.class.path=C:\Users\RAZER\Desktop\PetPicJournal\PetPicBackend\target\surefire\surefirebooter2684572050030967239.jar, java.io.tmpdir=C:\Users\RAZER\AppData\Local\Temp\, line.separator=
, java.vm.specification.vendor=Oracle Corporation, user.variant=, os.name=Windows 11, sun.jnu.encoding=GBK, java.library.path=C:\Program Files\Java\jdk1.8.0_333\jdk1.8.0_333\jre\bin;C:\WINDOWS\Sun\Java\bin;C:\WINDOWS\system32;C:\WINDOWS;C:\Program Files\Java\jdk-11\bin;D:\WINDOWS.X64_213000_db_home\bin;C:\Program Files\Common Files\Oracle\Java\javapath;C:\Program Files (x86)\Common Files\Oracle\Java\javapath;D:\py\anaconda3;D:\py\anaconda3\Library\mingw-w64\bin;D:\py\anaconda3\Library\usr\bin;D:\py\anaconda3\Library\bin;D:\py\anaconda3\Scripts;C:\Windows;C:\Program Files\Java\jdk-11\jdk\bin;C:\Program Files\Java\jdk-11\jdk\jre\bin;C:\Users\RAZER\AppData\Roaming\tc\python-3.6.4;C:\Users\RAZER\AppData\Roaming\tc\python-3.6.4\Scripts;C:\Program Files (x86)\Razer Chroma SDK\bin;C:\Program Files\Razer Chroma SDK\bin;C:\Program Files (x86)\VMware\VMware Workstation\bin\;C:\Program Files\Microsoft MPI\Bin\;C:\Program Files (x86)\Razer\ChromaBroadcast\bin;C:\Program Files\Razer\ChromaBroadcast\bin;C:\Windows\system32;C:\Windows\System32\Wbem;C:\Windows\System32\WindowsPowerShell\v1.0\;C:\Windows\System32\OpenSSH\;C:\Program Files (x86)\NVIDIA Corporation\PhysX\Common;C:\Windows\system32\config\systemprofile\AppData\Local\Microsoft\WindowsApps;C:\Program Files\dotnet\;C:\Program Files\Microsoft SQL Server\130\Tools\Binn\;C:\Users\RAZER\AppData\Local\Microsoft\WindowsApps;C:\Users\RAZER\.dotnet\tools;C:\Program Files (x86)\Tencent\΢��web�����߹���\dll;C:\Pro;ram Files\MATLAB\R2022a\bin;C:\WINDOWS\system32;C:\WINDOWS;C:\WINDOWS\System32\Wbem;C:\WINDOWS\System32\WindowsPowerShell\v1.0\;C:\WINDOWS\System32\OpenSSH\;C:\Program Files\Git\cmd;D:\bysj\mysql-5.7.25-winx64\bin;;C:\Program Files\NVIDIA Corporation\NVIDIA NvDLISR;C:\Users\RAZER\AppData\Local\Programs\Python\Python311\Scripts\;C:\Users\RAZER\AppData\Local\Programs\Python\Python311\;C:\Users\RAZER\AppData\Roaming\tc\python-3.6.4;C:\Users\RAZER\AppData\Roaming\tc\python-3.6.4\Scripts;C:\Users\RAZER\AppData\Local\Microsoft\WindowsApps;C:\Users\RAZER\.dotnet\tools;C:\Users\RAZER\AppData\Local\Programs\Microsoft VS Code\bin;C:\Users\RAZER\AppData\Local\GitHubDesktop\bin;;D:\py\PyCharm Community Edition 2022.2.4\bin;;%PyCharm%;., surefire.test.class.path=C:\Users\RAZER\Desktop\PetPicJournal\PetPicBackend\target\test-classes;C:\Users\RAZER\Desktop\PetPicJournal\PetPicBackend\target\classes;C:\Users\RAZER\.m2\repository\org\springframework\spring-core\5.0.0.RELEASE\spring-core-5.0.0.RELEASE.jar;C:\Users\RAZER\.m2\repository\org\springframework\spring-jcl\5.0.0.RELEASE\spring-jcl-5.0.0.RELEASE.jar;C:\Users\RAZER\.m2\repository\org\springframework\spring-context\5.0.0.RELEASE\spring-context-5.0.0.RELEASE.jar;C:\Users\RAZER\.m2\repository\org\springframework\spring-expression\5.0.0.RELEASE\spring-expression-5.0.0.RELEASE.jar;C:\Users\RAZER\.m2\repository\org\springframework\boot\spring-boot-starter-test\2.2.13.RELEASE\spring-boot-starter-test-2.2.13.RELEASE.jar;C:\Users\RAZER\.m2\repository\org\springframework\boot\spring-boot-starter\2.2.13.RELEASE\spring-boot-starter-2.2.13.RELEASE.jar;C:\Users\RAZER\.m2\repository\org\springframework\boot\spring-boot\2.2.13.RELEASE\spring-boot-2.2.13.RELEASE.jar;C:\Users\RAZER\.m2\repository\org\springframework\boot\spring-boot-autoconfigure\2.2.13.RELEASE\spring-boot-autoconfigure-2.2.13.RELEASE.jar;C:\Users\RAZER\.m2\repository\org\springframework\boot\spring-boot-starter-logging\2.2.13.RELEASE\spring-boot-starter-logging-2.2.13.RELEASE.jar;C:\Users\RAZER\.m2\repository\ch\qos\logback\logback-classic\1.2.3\logback-classic-1.2.3.jar;C:\Users\RAZER\.m2\repository\ch\qos\logback\logback-core\1.2.3\logback-core-1.2.3.jar;C:\Users\RAZER\.m2\repository\org\apache\logging\log4j\log4j-to-slf4j\2.12.1\log4j-to-slf4j-2.12.1.jar;C:\Users\RAZER\.m2\repository\org\apache\logging\log4j\log4j-api\2.12.1\log4j-api-2.12.1.jar;C:\Users\RAZER\.m2\repository\org\slf4j\jul-to-slf4j\1.7.30\jul-to-slf4j-1.7.30.jar;C:\Users\RAZER\.m2\repository\jakarta\annotation\jakarta.annotation-api\1.3.5\jakarta.annotation-api-1.3.5.jar;C:\Users\RAZER\.m2\repository\org\yaml\snakeyaml\1.25\snakeyaml-1.25.jar;C:\Users\RAZER\.m2\repository\org\springframework\boot\spring-boot-test\2.2.13.RELEASE\spring-boot-test-2.2.13.RELEASE.jar;C:\Users\RAZER\.m2\repository\org\springframework\boot\spring-boot-test-autoconfigure\2.2.13.RELEASE\spring-boot-test-autoconfigure-2.2.13.RELEASE.jar;C:\Users\RAZER\.m2\repository\com\jayway\jsonpath\json-path\2.4.0\json-path-2.4.0.jar;C:\Users\RAZER\.m2\repository\net\minidev\json-smart\2.3\json-smart-2.3.jar;C:\Users\RAZER\.m2\repository\net\minidev\accessors-smart\1.2\accessors-smart-1.2.jar;C:\Users\RAZER\.m2\repository\org\ow2\asm\asm\5.0.4\asm-5.0.4.jar;C:\Users\RAZER\.m2\repository\jakarta\xml\bind\jakarta.xml.bind-api\2.3.3\jakarta.xml.bind-api-2.3.3.jar;C:\Users\RAZER\.m2\repository\jakarta\activation\jakarta.activation-api\1.2.2\jakarta.activation-api-1.2.2.jar;C:\Users\RAZER\.m2\repository\org\junit\jupiter\junit-jupiter\5.5.2\junit-jupiter-5.5.2.jar;C:\Users\RAZER\.m2\repository\org\junit\jupiter\junit-jupiter-api\5.5.2\junit-jupiter-api-5.5.2.jar;C:\Users\RAZER\.m2\repository\org\opentest4j\opentest4j\1.2.0\opentest4j-1.2.0.jar;C:\Users\RAZER\.m2\repository\org\junit\platform\junit-platform-commons\1.5.2\junit-platform-commons-1.5.2.jar;C:\Users\RAZER\.m2\repository\org\junit\jupiter\junit-jupiter-params\5.5.2\junit-jupiter-params-5.5.2.jar;C:\Users\RAZER\.m2\repository\org\junit\jupiter\junit-jupiter-engine\5.5.2\junit-jupiter-engine-5.5.2.jar;C:\Users\RAZER\.m2\repository\org\junit\vintage\junit-vintage-engine\5.5.2\junit-vintage-engine-5.5.2.jar;C:\Users\RAZER\.m2\repository\org\apiguardian\apiguardian-api\1.1.0\apiguardian-api-1.1.0.jar;C:\Users\RAZER\.m2\repository\org\junit\platform\junit-platform-engine\1.5.2\junit-platform-engine-1.5.2.jar;C:\Users\RAZER\.m2\repository\junit\junit\4.12\junit-4.12.jar;C:\Users\RAZER\.m2\repository\org\mockito\mockito-junit-jupiter\3.1.0\mockito-junit-jupiter-3.1.0.jar;C:\Users\RAZER\.m2\repository\org\assertj\assertj-core\3.13.2\assertj-core-3.13.2.jar;C:\Users\RAZER\.m2\repository\org\hamcrest\hamcrest\2.1\hamcrest-2.1.jar;C:\Users\RAZER\.m2\repository\org\mockito\mockito-core\3.1.0\mockito-core-3.1.0.jar;C:\Users\RAZER\.m2\repository\net\bytebuddy\byte-buddy\1.9.10\byte-buddy-1.9.10.jar;C:\Users\RAZER\.m2\repository\net\bytebuddy\byte-buddy-agent\1.9.10\byte-buddy-agent-1.9.10.jar;C:\Users\RAZER\.m2\repository\org\objenesis\objenesis\2.6\objenesis-2.6.jar;C:\Users\RAZER\.m2\repository\org\skyscreamer\jsonassert\1.5.0\jsonassert-1.5.0.jar;C:\Users\RAZER\.m2\repository\com\vaadin\external\google\android-json\0.0.20131108.vaadin1\android-json-0.0.20131108.vaadin1.jar;C:\Users\RAZER\.m2\repository\org\xmlunit\xmlunit-core\2.6.4\xmlunit-core-2.6.4.jar;C:\Users\RAZER\.m2\repository\org\springframework\spring-context-support\5.0.0.RELEASE\spring-context-support-5.0.0.RELEASE.jar;C:\Users\RAZER\.m2\repository\org\springframework\spring-tx\5.0.0.RELEASE\spring-tx-5.0.0.RELEASE.jar;C:\Users\RAZER\.m2\repository\org\springframework\spring-aop\5.0.0.RELEASE\spring-aop-5.0.0.RELEASE.jar;C:\Users\RAZER\.m2\repository\org\springframework\spring-beans\5.0.0.RELEASE\spring-beans-5.0.0.RELEASE.jar;C:\Users\RAZER\.m2\repository\org\springframework\spring-jdbc\5.0.0.RELEASE\spring-jdbc-5.0.0.RELEASE.jar;C:\Users\RAZER\.m2\repository\org\springframework\spring-web\5.0.0.RELEASE\spring-web-5.0.0.RELEASE.jar;C:\Users\RAZER\.m2\repository\org\springframework\spring-webmvc\5.0.0.RELEASE\spring-webmvc-5.0.0.RELEASE.jar;C:\Users\RAZER\.m2\repository\org\aspectj\aspectjweaver\1.8.8\aspectjweaver-1.8.8.jar;C:\Users\RAZER\.m2\repository\commons-fileupload\commons-fileupload\1.3.1\commons-fileupload-1.3.1.jar;C:\Users\RAZER\.m2\repository\javax\servlet\jstl\1.2\jstl-1.2.jar;C:\Users\RAZER\.m2\repository\com\baomidou\mybatis-plus\2.3\mybatis-plus-2.3.jar;C:\Users\RAZER\.m2\repository\com\baomidou\mybatis-plus-support\2.3\mybatis-plus-support-2.3.jar;C:\Users\RAZER\.m2\repository\com\baomidou\mybatis-plus-core\2.3\mybatis-plus-core-2.3.jar;C:\Users\RAZER\.m2\repository\com\github\jsqlparser\jsqlparser\1.1\jsqlparser-1.1.jar;C:\Users\RAZER\.m2\repository\org\mybatis\mybatis-spring\1.3.2\mybatis-spring-1.3.2.jar;C:\Users\RAZER\.m2\repository\org\mybatis\mybatis\3.4.6\mybatis-3.4.6.jar;C:\Users\RAZER\.m2\repository\com\baomidou\mybatis-plus-generate\2.3\mybatis-plus-generate-2.3.jar;C:\Users\RAZER\.m2\repository\mysql\mysql-connector-java\8.0.20\mysql-connector-java-8.0.20.jar;C:\Users\RAZER\.m2\repository\com\google\protobuf\protobuf-java\3.6.1\protobuf-java-3.6.1.jar;C:\Users\RAZER\.m2\repository\com\alibaba\druid\1.1.0\druid-1.1.0.jar;C:\Program Files\Java\jdk1.8.0_333\jdk1.8.0_333\jre\..\lib\jconsole.jar;C:\Program Files\Java\jdk1.8.0_333\jdk1.8.0_333\jre\..\lib\tools.jar;C:\Users\RAZER\.m2\repository\com\alibaba\fastjson\1.2.8\fastjson-1.2.8.jar;C:\Users\RAZER\.m2\repository\log4j\log4j\1.2.17\log4j-1.2.17.jar;C:\Users\RAZER\.m2\repository\org\slf4j\slf4j-api\1.7.19\slf4j-api-1.7.19.jar;C:\Users\RAZER\.m2\repository\org\slf4j\slf4j-log4j12\1.7.19\slf4j-log4j12-1.7.19.jar;C:\Users\RAZER\.m2\repository\org\springframework\spring-test\4.3.18.RELEASE\spring-test-4.3.18.RELEASE.jar;C:\Users\RAZER\.m2\repository\org\apache\commons\commons-lang3\3.0\commons-lang3-3.0.jar;C:\Users\RAZER\.m2\repository\javax\validation\validation-api\2.0.1.Final\validation-api-2.0.1.Final.jar;C:\Users\RAZER\.m2\repository\commons-io\commons-io\2.5\commons-io-2.5.jar;C:\Users\RAZER\.m2\repository\cn\hutool\hutool-all\4.0.12\hutool-all-4.0.12.jar;C:\Users\RAZER\.m2\repository\org\apache\tomcat\embed\tomcat-embed-core\9.0.29\tomcat-embed-core-9.0.29.jar;C:\Users\RAZER\.m2\repository\org\apache\tomcat\tomcat-annotations-api\9.0.29\tomcat-annotations-api-9.0.29.jar;C:\Users\RAZER\.m2\repository\commons-beanutils\commons-beanutils\1.8.0\commons-beanutils-1.8.0.jar;C:\Users\RAZER\.m2\repository\commons-logging\commons-logging\1.1.1\commons-logging-1.1.1.jar;C:\Users\RAZER\.m2\repository\com\baidu\aip\java-sdk\4.4.1\java-sdk-4.4.1.jar;C:\Users\RAZER\.m2\repository\org\json\json\20160810\json-20160810.jar;C:\Users\RAZER\.m2\repository\com\fasterxml\jackson\core\jackson-annotations\2.10.1\jackson-annotations-2.10.1.jar;C:\Users\RAZER\.m2\repository\com\fasterxml\jackson\core\jackson-databind\2.10.1\jackson-databind-2.10.1.jar;C:\Users\RAZER\.m2\repository\com\fasterxml\jackson\core\jackson-core\2.10.1\jackson-core-2.10.1.jar;C:\Users\RAZER\.m2\repository\org\codehaus\jackson\jackson-mapper-asl\1.9.13\jackson-mapper-asl-1.9.13.jar;C:\Users\RAZER\.m2\repository\org\codehaus\jackson\jackson-core-asl\1.9.13\jackson-core-asl-1.9.13.jar;C:\Users\RAZER\.m2\repository\org\apache\poi\poi\3.11\poi-3.11.jar;C:\Users\RAZER\.m2\repository\commons-codec\commons-codec\1.9\commons-codec-1.9.jar;C:\Users\RAZER\.m2\repository\org\apache\poi\poi-ooxml\3.9\poi-ooxml-3.9.jar;C:\Users\RAZER\.m2\repository\org\apache\poi\poi-ooxml-schemas\3.9\poi-ooxml-schemas-3.9.jar;C:\Users\RAZER\.m2\repository\org\apache\xmlbeans\xmlbeans\2.3.0\xmlbeans-2.3.0.jar;C:\Users\RAZER\.m2\repository\stax\stax-api\1.0.1\stax-api-1.0.1.jar;C:\Users\RAZER\.m2\repository\dom4j\dom4j\1.6.1\dom4j-1.6.1.jar;C:\Users\RAZER\.m2\repository\xml-apis\xml-apis\1.0.b2\xml-apis-1.0.b2.jar;, java.specification.name=Java Platform API Specification, java.class.version=52.0, sun.management.compiler=HotSpot 64-Bit Tiered Compilers, os.version=10.0, user.home=C:\Users\RAZER, user.timezone=Pacific/Auckland, java.awt.printerjob=sun.awt.windows.WPrinterJob, file.encoding=GBK, java.specification.version=1.8, java.class.path=C:\Users\RAZER\Desktop\PetPicJournal\PetPicBackend\target\test-classes;C:\Users\RAZER\Desktop\PetPicJournal\PetPicBackend\target\classes;C:\Users\RAZER\.m2\repository\org\springframework\spring-core\5.0.0.RELEASE\spring-core-5.0.0.RELEASE.jar;C:\Users\RAZER\.m2\repository\org\springframework\spring-jcl\5.0.0.RELEASE\spring-jcl-5.0.0.RELEASE.jar;C:\Users\RAZER\.m2\repository\org\springframework\spring-context\5.0.0.RELEASE\spring-context-5.0.0.RELEASE.jar;C:\Users\RAZER\.m2\repository\org\springframework\spring-expression\5.0.0.RELEASE\spring-expression-5.0.0.RELEASE.jar;C:\Users\RAZER\.m2\repository\org\springframework\boot\spring-boot-starter-test\2.2.13.RELEASE\spring-boot-starter-test-2.2.13.RELEASE.jar;C:\Users\RAZER\.m2\repository\org\springframework\boot\spring-boot-starter\2.2.13.RELEASE\spring-boot-starter-2.2.13.RELEASE.jar;C:\Users\RAZER\.m2\repository\org\springframework\boot\spring-boot\2.2.13.RELEASE\spring-boot-2.2.13.RELEASE.jar;C:\Users\RAZER\.m2\repository\org\springframework\boot\spring-boot-autoconfigure\2.2.13.RELEASE\spring-boot-autoconfigure-2.2.13.RELEASE.jar;C:\Users\RAZER\.m2\repository\org\springframework\boot\spring-boot-starter-logging\2.2.13.RELEASE\spring-boot-starter-logging-2.2.13.RELEASE.jar;C:\Users\RAZER\.m2\repository\ch\qos\logback\logback-classic\1.2.3\logback-classic-1.2.3.jar;C:\Users\RAZER\.m2\repository\ch\qos\logback\logback-core\1.2.3\logback-core-1.2.3.jar;C:\Users\RAZER\.m2\repository\org\apache\logging\log4j\log4j-to-slf4j\2.12.1\log4j-to-slf4j-2.12.1.jar;C:\Users\RAZER\.m2\repository\org\apache\logging\log4j\log4j-api\2.12.1\log4j-api-2.12.1.jar;C:\Users\RAZER\.m2\repository\org\slf4j\jul-to-slf4j\1.7.30\jul-to-slf4j-1.7.30.jar;C:\Users\RAZER\.m2\repository\jakarta\annotation\jakarta.annotation-api\1.3.5\jakarta.annotation-api-1.3.5.jar;C:\Users\RAZER\.m2\repository\org\yaml\snakeyaml\1.25\snakeyaml-1.25.jar;C:\Users\RAZER\.m2\repository\org\springframework\boot\spring-boot-test\2.2.13.RELEASE\spring-boot-test-2.2.13.RELEASE.jar;C:\Users\RAZER\.m2\repository\org\springframework\boot\spring-boot-test-autoconfigure\2.2.13.RELEASE\spring-boot-test-autoconfigure-2.2.13.RELEASE.jar;C:\Users\RAZER\.m2\repository\com\jayway\jsonpath\json-path\2.4.0\json-path-2.4.0.jar;C:\Users\RAZER\.m2\repository\net\minidev\json-smart\2.3\json-smart-2.3.jar;C:\Users\RAZER\.m2\repository\net\minidev\accessors-smart\1.2\accessors-smart-1.2.jar;C:\Users\RAZER\.m2\repository\org\ow2\asm\asm\5.0.4\asm-5.0.4.jar;C:\Users\RAZER\.m2\repository\jakarta\xml\bind\jakarta.xml.bind-api\2.3.3\jakarta.xml.bind-api-2.3.3.jar;C:\Users\RAZER\.m2\repository\jakarta\activation\jakarta.activation-api\1.2.2\jakarta.activation-api-1.2.2.jar;C:\Users\RAZER\.m2\repository\org\junit\jupiter\junit-jupiter\5.5.2\junit-jupiter-5.5.2.jar;C:\Users\RAZER\.m2\repository\org\junit\jupiter\junit-jupiter-api\5.5.2\junit-jupiter-api-5.5.2.jar;C:\Users\RAZER\.m2\repository\org\opentest4j\opentest4j\1.2.0\opentest4j-1.2.0.jar;C:\Users\RAZER\.m2\repository\org\junit\platform\junit-platform-commons\1.5.2\junit-platform-commons-1.5.2.jar;C:\Users\RAZER\.m2\repository\org\junit\jupiter\junit-jupiter-params\5.5.2\junit-jupiter-params-5.5.2.jar;C:\Users\RAZER\.m2\repository\org\junit\jupiter\junit-jupiter-engine\5.5.2\junit-jupiter-engine-5.5.2.jar;C:\Users\RAZER\.m2\repository\org\junit\vintage\junit-vintage-engine\5.5.2\junit-vintage-engine-5.5.2.jar;C:\Users\RAZER\.m2\repository\org\apiguardian\apiguardian-api\1.1.0\apiguardian-api-1.1.0.jar;C:\Users\RAZER\.m2\repository\org\junit\platform\junit-platform-engine\1.5.2\junit-platform-engine-1.5.2.jar;C:\Users\RAZER\.m2\repository\junit\junit\4.12\junit-4.12.jar;C:\Users\RAZER\.m2\repository\org\mockito\mockito-junit-jupiter\3.1.0\mockito-junit-jupiter-3.1.0.jar;C:\Users\RAZER\.m2\repository\org\assertj\assertj-core\3.13.2\assertj-core-3.13.2.jar;C:\Users\RAZER\.m2\repository\org\hamcrest\hamcrest\2.1\hamcrest-2.1.jar;C:\Users\RAZER\.m2\repository\org\mockito\mockito-core\3.1.0\mockito-core-3.1.0.jar;C:\Users\RAZER\.m2\repository\net\bytebuddy\byte-buddy\1.9.10\byte-buddy-1.9.10.jar;C:\Users\RAZER\.m2\repository\net\bytebuddy\byte-buddy-agent\1.9.10\byte-buddy-agent-1.9.10.jar;C:\Users\RAZER\.m2\repository\org\objenesis\objenesis\2.6\objenesis-2.6.jar;C:\Users\RAZER\.m2\repository\org\skyscreamer\jsonassert\1.5.0\jsonassert-1.5.0.jar;C:\Users\RAZER\.m2\repository\com\vaadin\external\google\android-json\0.0.20131108.vaadin1\android-json-0.0.20131108.vaadin1.jar;C:\Users\RAZER\.m2\repository\org\xmlunit\xmlunit-core\2.6.4\xmlunit-core-2.6.4.jar;C:\Users\RAZER\.m2\repository\org\springframework\spring-context-support\5.0.0.RELEASE\spring-context-support-5.0.0.RELEASE.jar;C:\Users\RAZER\.m2\repository\org\springframework\spring-tx\5.0.0.RELEASE\spring-tx-5.0.0.RELEASE.jar;C:\Users\RAZER\.m2\repository\org\springframework\spring-aop\5.0.0.RELEASE\spring-aop-5.0.0.RELEASE.jar;C:\Users\RAZER\.m2\repository\org\springframework\spring-beans\5.0.0.RELEASE\spring-beans-5.0.0.RELEASE.jar;C:\Users\RAZER\.m2\repository\org\springframework\spring-jdbc\5.0.0.RELEASE\spring-jdbc-5.0.0.RELEASE.jar;C:\Users\RAZER\.m2\repository\org\springframework\spring-web\5.0.0.RELEASE\spring-web-5.0.0.RELEASE.jar;C:\Users\RAZER\.m2\repository\org\springframework\spring-webmvc\5.0.0.RELEASE\spring-webmvc-5.0.0.RELEASE.jar;C:\Users\RAZER\.m2\repository\org\aspectj\aspectjweaver\1.8.8\aspectjweaver-1.8.8.jar;C:\Users\RAZER\.m2\repository\commons-fileupload\commons-fileupload\1.3.1\commons-fileupload-1.3.1.jar;C:\Users\RAZER\.m2\repository\javax\servlet\jstl\1.2\jstl-1.2.jar;C:\Users\RAZER\.m2\repository\com\baomidou\mybatis-plus\2.3\mybatis-plus-2.3.jar;C:\Users\RAZER\.m2\repository\com\baomidou\mybatis-plus-support\2.3\mybatis-plus-support-2.3.jar;C:\Users\RAZER\.m2\repository\com\baomidou\mybatis-plus-core\2.3\mybatis-plus-core-2.3.jar;C:\Users\RAZER\.m2\repository\com\github\jsqlparser\jsqlparser\1.1\jsqlparser-1.1.jar;C:\Users\RAZER\.m2\repository\org\mybatis\mybatis-spring\1.3.2\mybatis-spring-1.3.2.jar;C:\Users\RAZER\.m2\repository\org\mybatis\mybatis\3.4.6\mybatis-3.4.6.jar;C:\Users\RAZER\.m2\repository\com\baomidou\mybatis-plus-generate\2.3\mybatis-plus-generate-2.3.jar;C:\Users\RAZER\.m2\repository\mysql\mysql-connector-java\8.0.20\mysql-connector-java-8.0.20.jar;C:\Users\RAZER\.m2\repository\com\google\protobuf\protobuf-java\3.6.1\protobuf-java-3.6.1.jar;C:\Users\RAZER\.m2\repository\com\alibaba\druid\1.1.0\druid-1.1.0.jar;C:\Program Files\Java\jdk1.8.0_333\jdk1.8.0_333\jre\..\lib\jconsole.jar;C:\Program Files\Java\jdk1.8.0_333\jdk1.8.0_333\jre\..\lib\tools.jar;C:\Users\RAZER\.m2\repository\com\alibaba\fastjson\1.2.8\fastjson-1.2.8.jar;C:\Users\RAZER\.m2\repository\log4j\log4j\1.2.17\log4j-1.2.17.jar;C:\Users\RAZER\.m2\repository\org\slf4j\slf4j-api\1.7.19\slf4j-api-1.7.19.jar;C:\Users\RAZER\.m2\repository\org\slf4j\slf4j-log4j12\1.7.19\slf4j-log4j12-1.7.19.jar;C:\Users\RAZER\.m2\repository\org\springframework\spring-test\4.3.18.RELEASE\spring-test-4.3.18.RELEASE.jar;C:\Users\RAZER\.m2\repository\org\apache\commons\commons-lang3\3.0\commons-lang3-3.0.jar;C:\Users\RAZER\.m2\repository\javax\validation\validation-api\2.0.1.Final\validation-api-2.0.1.Final.jar;C:\Users\RAZER\.m2\repository\commons-io\commons-io\2.5\commons-io-2.5.jar;C:\Users\RAZER\.m2\repository\cn\hutool\hutool-all\4.0.12\hutool-all-4.0.12.jar;C:\Users\RAZER\.m2\repository\org\apache\tomcat\embed\tomcat-embed-core\9.0.29\tomcat-embed-core-9.0.29.jar;C:\Users\RAZER\.m2\repository\org\apache\tomcat\tomcat-annotations-api\9.0.29\tomcat-annotations-api-9.0.29.jar;C:\Users\RAZER\.m2\repository\commons-beanutils\commons-beanutils\1.8.0\commons-beanutils-1.8.0.jar;C:\Users\RAZER\.m2\repository\commons-logging\commons-logging\1.1.1\commons-logging-1.1.1.jar;C:\Users\RAZER\.m2\repository\com\baidu\aip\java-sdk\4.4.1\java-sdk-4.4.1.jar;C:\Users\RAZER\.m2\repository\org\json\json\20160810\json-20160810.jar;C:\Users\RAZER\.m2\repository\com\fasterxml\jackson\core\jackson-annotations\2.10.1\jackson-annotations-2.10.1.jar;C:\Users\RAZER\.m2\repository\com\fasterxml\jackson\core\jackson-databind\2.10.1\jackson-databind-2.10.1.jar;C:\Users\RAZER\.m2\repository\com\fasterxml\jackson\core\jackson-core\2.10.1\jackson-core-2.10.1.jar;C:\Users\RAZER\.m2\repository\org\codehaus\jackson\jackson-mapper-asl\1.9.13\jackson-mapper-asl-1.9.13.jar;C:\Users\RAZER\.m2\repository\org\codehaus\jackson\jackson-core-asl\1.9.13\jackson-core-asl-1.9.13.jar;C:\Users\RAZER\.m2\repository\org\apache\poi\poi\3.11\poi-3.11.jar;C:\Users\RAZER\.m2\repository\commons-codec\commons-codec\1.9\commons-codec-1.9.jar;C:\Users\RAZER\.m2\repository\org\apache\poi\poi-ooxml\3.9\poi-ooxml-3.9.jar;C:\Users\RAZER\.m2\repository\org\apache\poi\poi-ooxml-schemas\3.9\poi-ooxml-schemas-3.9.jar;C:\Users\RAZER\.m2\repository\org\apache\xmlbeans\xmlbeans\2.3.0\xmlbeans-2.3.0.jar;C:\Users\RAZER\.m2\repository\stax\stax-api\1.0.1\stax-api-1.0.1.jar;C:\Users\RAZER\.m2\repository\dom4j\dom4j\1.6.1\dom4j-1.6.1.jar;C:\Users\RAZER\.m2\repository\xml-apis\xml-apis\1.0.b2\xml-apis-1.0.b2.jar;, user.name=RAZER, java.vm.specification.version=1.8, sun.java.command=C:\Users\RAZER\Desktop\PetPicJournal\PetPicBackend\target\surefire\surefirebooter2684572050030967239.jar C:\Users\RAZER\Desktop\PetPicJournal\PetPicBackend\target\surefire\surefire5528989024803089364tmp C:\Users\RAZER\Desktop\PetPicJournal\PetPicBackend\target\surefire\surefire_03491191789896222500tmp, java.home=C:\Program Files\Java\jdk1.8.0_333\jdk1.8.0_333\jre, sun.arch.data.model=64, user.language=zh, java.specification.vendor=Oracle Corporation, user.language.format=en, awt.toolkit=sun.awt.windows.WToolkit, java.vm.info=mixed mode, java.version=1.8.0_333, java.ext.dirs=C:\Program Files\Java\jdk1.8.0_333\jdk1.8.0_333\jre\lib\ext;C:\WINDOWS\Sun\Java\lib\ext, sun.boot.class.path=C:\Program Files\Java\jdk1.8.0_333\jdk1.8.0_333\jre\lib\resources.jar;C:\Program Files\Java\jdk1.8.0_333\jdk1.8.0_333\jre\lib\rt.jar;C:\Program Files\Java\jdk1.8.0_333\jdk1.8.0_333\jre\lib\sunrsasign.jar;C:\Program Files\Java\jdk1.8.0_333\jdk1.8.0_333\jre\lib\jsse.jar;C:\Program Files\Java\jdk1.8.0_333\jdk1.8.0_333\jre\lib\jce.jar;C:\Program Files\Java\jdk1.8.0_333\jdk1.8.0_333\jre\lib\charsets.jar;C:\Program Files\Java\jdk1.8.0_333\jdk1.8.0_333\jre\lib\jfr.jar;C:\Program Files\Java\jdk1.8.0_333\jdk1.8.0_333\jre\classes, java.vendor=Oracle Corporation, localRepository=C:\Users\RAZER\.m2\repository, file.separator=\, java.vendor.url.bug=http://bugreport.sun.com/bugreport/, sun.io.unicode.encoding=UnicodeLittle, sun.cpu.endian=little, sun.desktop=windows, sun.cpu.isalist=amd64}}, SystemEnvironmentPropertySource@455668354 {name=&apos;systemEnvironment&apos;, properties={PATH=C:\Program Files\Java\jdk-11\bin;D:\WINDOWS.X64_213000_db_home\bin;C:\Program Files\Common Files\Oracle\Java\javapath;C:\Program Files (x86)\Common Files\Oracle\Java\javapath;D:\py\anaconda3;D:\py\anaconda3\Library\mingw-w64\bin;D:\py\anaconda3\Library\usr\bin;D:\py\anaconda3\Library\bin;D:\py\anaconda3\Scripts;C:\Windows;C:\Program Files\Java\jdk-11\jdk\bin;C:\Program Files\Java\jdk-11\jdk\jre\bin;C:\Users\RAZER\AppData\Roaming\tc\python-3.6.4;C:\Users\RAZER\AppData\Roaming\tc\python-3.6.4\Scripts;C:\Program Files (x86)\Razer Chroma SDK\bin;C:\Program Files\Razer Chroma SDK\bin;C:\Program Files (x86)\VMware\VMware Workstation\bin\;C:\Program Files\Microsoft MPI\Bin\;C:\Program Files (x86)\Razer\ChromaBroadcast\bin;C:\Program Files\Razer\ChromaBroadcast\bin;C:\Windows\system32;C:\Windows\System32\Wbem;C:\Windows\System32\WindowsPowerShell\v1.0\;C:\Windows\System32\OpenSSH\;C:\Program Files (x86)\NVIDIA Corporation\PhysX\Common;C:\Windows\system32\config\systemprofile\AppData\Local\Microsoft\WindowsApps;C:\Program Files\dotnet\;C:\Program Files\Microsoft SQL Server\130\Tools\Binn\;C:\Users\RAZER\AppData\Local\Microsoft\WindowsApps;C:\Users\RAZER\.dotnet\tools;C:\Program Files (x86)\Tencent\΢��web�����߹���\dll;C:\Pro;ram Files\MATLAB\R2022a\bin;C:\WINDOWS\system32;C:\WINDOWS;C:\WINDOWS\System32\Wbem;C:\WINDOWS\System32\WindowsPowerShell\v1.0\;C:\WINDOWS\System32\OpenSSH\;C:\Program Files\Git\cmd;D:\bysj\mysql-5.7.25-winx64\bin;;C:\Program Files\NVIDIA Corporation\NVIDIA NvDLISR;C:\Users\RAZER\AppData\Local\Programs\Python\Python311\Scripts\;C:\Users\RAZER\AppData\Local\Programs\Python\Python311\;C:\Users\RAZER\AppData\Roaming\tc\python-3.6.4;C:\Users\RAZER\AppData\Roaming\tc\python-3.6.4\Scripts;C:\Users\RAZER\AppData\Local\Microsoft\WindowsApps;C:\Users\RAZER\.dotnet\tools;C:\Users\RAZER\AppData\Local\Programs\Microsoft VS Code\bin;C:\Users\RAZER\AppData\Local\GitHubDesktop\bin;;D:\py\PyCharm Community Edition 2022.2.4\bin;;%PyCharm%, USERDOMAIN_ROAMINGPROFILE=LAPTOP-A7S63IPP, PROCESSOR_LEVEL=6, SYSTEMDRIVE=C:, SESSIONNAME=Console, ALLUSERSPROFILE=C:\ProgramData, PROCESSOR_ARCHITECTURE=AMD64, DRIVERDATA=C:\Windows\System32\Drivers\DriverData, PROGRAMFILES=C:\Program Files, PSMODULEPATH=C:\Program Files\WindowsPowerShell\Modules;C:\WINDOWS\system32\WindowsPowerShell\v1.0\Modules, PROGRAMDATA=C:\ProgramData, USERNAME=RAZER, ONEDRIVE=C:\Users\RAZER\OneDrive, PATHEXT=.COM;.EXE;.BAT;.CMD;.VBS;.VBE;.JS;.JSE;.WSF;.WSH;.MSC, ONEDRIVECONSUMER=C:\Users\RAZER\OneDrive, WINDIR=C:\WINDOWS, HOMEPATH=\Users\RAZER, PROCESSOR_IDENTIFIER=Intel64 Family 6 Model 154 Stepping 3, GenuineIntel, PUBLIC=C:\Users\Public, =::=::\, NVVFX_MODEL_DIR=C:\Program Files\NVIDIA Corporation\NVIDIA Video Effects\models, ZES_ENABLE_SYSMAN=1, PYCHARM COMMUNITY EDITION=D:\py\PyCharm Community Edition 2022.2.4\bin;, LOCALAPPDATA=C:\Users\RAZER\AppData\Local, MSMPI_BIN=C:\Program Files\Microsoft MPI\Bin\, COMMONPROGRAMFILES(X86)=C:\Program Files (x86)\Common Files, USERDOMAIN=LAPTOP-A7S63IPP, LOGONSERVER=\\LAPTOP-A7S63IPP, JAVA_HOME=C:\Program Files\Java\jdk-11\jdk, PROMPT=$P$G, PROGRAMFILES(X86)=C:\Program Files (x86), =C:=C:\Users\RAZER\Desktop\PetPicJournal\PetPicBackend, APPDATA=C:\Users\RAZER\AppData\Roaming, PROGRAMW6432=C:\Program Files, SYSTEMROOT=C:\WINDOWS, OS=Windows_NT, COMMONPROGRAMW6432=C:\Program Files\Common Files, COMPUTERNAME=LAPTOP-A7S63IPP, COMMONPROGRAMFILES=C:\Program Files\Common Files, COMSPEC=C:\WINDOWS\system32\cmd.exe, EFC_35708=1, PROCESSOR_REVISION=9a03, CLASSPATH=.;C:\Program Files\Java\jdk-11\jdk\lib\dt.jar;C:\Program Files\Java\jdk-11\jdklib\tools.jar, TEMP=C:\Users\RAZER\AppData\Local\Temp, HOMEDRIVE=C:, USERPROFILE=C:\Users\RAZER, TMP=C:\Users\RAZER\AppData\Local\Temp, NUMBER_OF_PROCESSORS=20, IDEA_INITIAL_DIRECTORY=C:\Users\RAZER\Desktop}}]
01:23:48.781 [main] INFO org.springframework.beans.factory.xml.XmlBeanDefinitionReader - Loading XML bean definitions from class path resource [spring/spring.xml]
01:23:48.783 [main] DEBUG org.springframework.beans.factory.xml.DefaultDocumentLoader - Using JAXP provider [com.sun.org.apache.xerces.internal.jaxp.DocumentBuilderFactoryImpl]
01:23:48.784 [main] DEBUG org.springframework.beans.factory.xml.PluggableSchemaResolver - Loading schema mappings from [META-INF/spring.schemas]
01:23:48.787 [main] DEBUG org.springframework.beans.factory.xml.PluggableSchemaResolver - Loaded schema mappings: {http://www.springframework.org/schema/tx/spring-tx-2.5.xsd=org/springframework/transaction/config/spring-tx.xsd, http://www.springframework.org/schema/tx/spring-tx-4.3.xsd=org/springframework/transaction/config/spring-tx.xsd, http://www.springframework.org/schema/cache/spring-cache-4.2.xsd=org/springframework/cache/config/spring-cache.xsd, http://www.springframework.org/schema/aop/spring-aop-4.1.xsd=org/springframework/aop/config/spring-aop.xsd, http://www.springframework.org/schema/context/spring-context-3.1.xsd=org/springframework/context/config/spring-context.xsd, http://www.springframework.org/schema/jdbc/spring-jdbc-4.1.xsd=org/springframework/jdbc/config/spring-jdbc.xsd, http://www.springframework.org/schema/mvc/spring-mvc-4.1.xsd=org/springframework/web/servlet/config/spring-mvc.xsd, http://www.springframework.org/schema/util/spring-util-3.0.xsd=org/springframework/beans/factory/xml/spring-util.xsd, http://mybatis.org/schema/mybatis-spring-1.2.xsd=org/mybatis/spring/config/mybatis-spring-1.2.xsd, http://www.springframework.org/schema/tool/spring-tool.xsd=org/springframework/beans/factory/xml/spring-tool.xsd, http://www.springframework.org/schema/aop/spring-aop-3.2.xsd=org/springframework/aop/config/spring-aop.xsd, http://www.springframework.org/schema/lang/spring-lang-4.1.xsd=org/springframework/scripting/config/spring-lang.xsd, http://www.springframework.org/schema/context/spring-context-4.0.xsd=org/springframework/context/config/spring-context.xsd, http://www.springframework.org/schema/mvc/spring-mvc-3.2.xsd=org/springframework/web/servlet/config/spring-mvc.xsd, http://www.springframework.org/schema/beans/spring-beans-4.2.xsd=org/springframework/beans/factory/xml/spring-beans.xsd, http://www.springframework.org/schema/tool/spring-tool-4.1.xsd=org/springframework/beans/factory/xml/spring-tool.xsd, http://www.springframework.org/schema/lang/spring-lang-3.2.xsd=org/springframework/scripting/config/spring-lang.xsd, http://www.springframework.org/schema/cache/spring-cache-3.2.xsd=org/springframework/cache/config/spring-cache.xsd, http://www.springframework.org/schema/jee/spring-jee-4.1.xsd=org/springframework/ejb/config/spring-jee.xsd, http://www.springframework.org/schema/jdbc/spring-jdbc-3.1.xsd=org/springframework/jdbc/config/spring-jdbc.xsd, http://www.springframework.org/schema/util/spring-util-2.0.xsd=org/springframework/beans/factory/xml/spring-util.xsd, http://www.springframework.org/schema/task/spring-task-4.2.xsd=org/springframework/scheduling/config/spring-task.xsd, http://www.springframework.org/schema/tool/spring-tool-3.2.xsd=org/springframework/beans/factory/xml/spring-tool.xsd, http://www.springframework.org/schema/context/spring-context.xsd=org/springframework/context/config/spring-context.xsd, http://www.springframework.org/schema/tx/spring-tx-4.2.xsd=org/springframework/transaction/config/spring-tx.xsd, http://www.springframework.org/schema/cache/spring-cache-4.1.xsd=org/springframework/cache/config/spring-cache.xsd, http://www.springframework.org/schema/aop/spring-aop-4.0.xsd=org/springframework/aop/config/spring-aop.xsd, http://www.springframework.org/schema/jee/spring-jee-3.2.xsd=org/springframework/ejb/config/spring-jee.xsd, http://www.springframework.org/schema/context/spring-context-3.0.xsd=org/springframework/context/config/spring-context.xsd, http://www.springframework.org/schema/jdbc/spring-jdbc-4.0.xsd=org/springframework/jdbc/config/spring-jdbc.xsd, http://www.springframework.org/schema/mvc/spring-mvc-4.0.xsd=org/springframework/web/servlet/config/spring-mvc.xsd, http://www.springframework.org/schema/util/spring-util-4.3.xsd=org/springframework/beans/factory/xml/spring-util.xsd, http://www.springframework.org/schema/util/spring-util-2.5.xsd=org/springframework/beans/factory/xml/spring-util.xsd, http://www.springframework.org/schema/beans/spring-beans-3.2.xsd=org/springframework/beans/factory/xml/spring-beans.xsd, http://www.springframework.org/schema/aop/spring-aop-3.1.xsd=org/springframework/aop/config/spring-aop.xsd, http://www.springframework.org/schema/lang/spring-lang-4.0.xsd=org/springframework/scripting/config/spring-lang.xsd, http://www.springframework.org/schema/mvc/spring-mvc.xsd=org/springframework/web/servlet/config/spring-mvc.xsd, http://www.springframework.org/schema/mvc/spring-mvc-3.1.xsd=org/springframework/web/servlet/config/spring-mvc.xsd, http://www.springframework.org/schema/beans/spring-beans-4.1.xsd=org/springframework/beans/factory/xml/spring-beans.xsd, http://www.springframework.org/schema/tool/spring-tool-4.0.xsd=org/springframework/beans/factory/xml/spring-tool.xsd, http://www.springframework.org/schema/lang/spring-lang-3.1.xsd=org/springframework/scripting/config/spring-lang.xsd, http://www.springframework.org/schema/tx/spring-tx-3.2.xsd=org/springframework/transaction/config/spring-tx.xsd, http://www.springframework.org/schema/cache/spring-cache-3.1.xsd=org/springframework/cache/config/spring-cache.xsd, http://www.springframework.org/schema/jee/spring-jee-4.0.xsd=org/springframework/ejb/config/spring-jee.xsd, http://www.springframework.org/schema/jdbc/spring-jdbc-3.0.xsd=org/springframework/jdbc/config/spring-jdbc.xsd, http://www.springframework.org/schema/task/spring-task-4.1.xsd=org/springframework/scheduling/config/spring-task.xsd, http://www.springframework.org/schema/jdbc/spring-jdbc.xsd=org/springframework/jdbc/config/spring-jdbc.xsd, http://www.springframework.org/schema/tool/spring-tool-3.1.xsd=org/springframework/beans/factory/xml/spring-tool.xsd, http://www.springframework.org/schema/tx/spring-tx-4.1.xsd=org/springframework/transaction/config/spring-tx.xsd, http://www.springframework.org/schema/cache/spring-cache-4.0.xsd=org/springframework/cache/config/spring-cache.xsd, http://www.springframework.org/schema/jee/spring-jee-3.1.xsd=org/springframework/ejb/config/spring-jee.xsd, http://www.springframework.org/schema/util/spring-util-4.2.xsd=org/springframework/beans/factory/xml/spring-util.xsd, http://www.springframework.org/schema/task/spring-task-3.2.xsd=org/springframework/scheduling/config/spring-task.xsd, http://www.springframework.org/schema/beans/spring-beans-3.1.xsd=org/springframework/beans/factory/xml/spring-beans.xsd, http://www.springframework.org/schema/util/spring-util.xsd=org/springframework/beans/factory/xml/spring-util.xsd, http://www.springframework.org/schema/aop/spring-aop-3.0.xsd=org/springframework/aop/config/spring-aop.xsd, http://www.springframework.org/schema/mvc/spring-mvc-3.0.xsd=org/springframework/web/servlet/config/spring-mvc.xsd, http://www.springframework.org/schema/beans/spring-beans-4.0.xsd=org/springframework/beans/factory/xml/spring-beans.xsd, http://www.springframework.org/schema/beans/spring-beans.xsd=org/springframework/beans/factory/xml/spring-beans.xsd, http://mybatis.org/schema/mybatis-spring.xsd=org/mybatis/spring/config/mybatis-spring-1.2.xsd, http://www.springframework.org/schema/lang/spring-lang-3.0.xsd=org/springframework/scripting/config/spring-lang.xsd, http://www.springframework.org/schema/tx/spring-tx-3.1.xsd=org/springframework/transaction/config/spring-tx.xsd, http://www.springframework.org/schema/context/spring-context-2.5.xsd=org/springframework/context/config/spring-context.xsd, http://www.springframework.org/schema/context/spring-context-4.3.xsd=org/springframework/context/config/spring-context.xsd, http://www.springframework.org/schema/task/spring-task-4.0.xsd=org/springframework/scheduling/config/spring-task.xsd, http://www.springframework.org/schema/tool/spring-tool-3.0.xsd=org/springframework/beans/factory/xml/spring-tool.xsd, http://www.springframework.org/schema/tx/spring-tx-4.0.xsd=org/springframework/transaction/config/spring-tx.xsd, http://www.springframework.org/schema/aop/spring-aop-2.0.xsd=org/springframework/aop/config/spring-aop.xsd, http://www.springframework.org/schema/jee/spring-jee-3.0.xsd=org/springframework/ejb/config/spring-jee.xsd, http://www.springframework.org/schema/util/spring-util-4.1.xsd=org/springframework/beans/factory/xml/spring-util.xsd, http://www.springframework.org/schema/task/spring-task-3.1.xsd=org/springframework/scheduling/config/spring-task.xsd, http://www.springframework.org/schema/beans/spring-beans-3.0.xsd=org/springframework/beans/factory/xml/spring-beans.xsd, http://www.springframework.org/schema/jee/spring-jee.xsd=org/springframework/ejb/config/spring-jee.xsd, http://www.springframework.org/schema/aop/spring-aop-2.5.xsd=org/springframework/aop/config/spring-aop.xsd, http://www.springframework.org/schema/aop/spring-aop-4.3.xsd=org/springframework/aop/config/spring-aop.xsd, http://www.springframework.org/schema/lang/spring-lang-2.0.xsd=org/springframework/scripting/config/spring-lang.xsd, http://www.springframework.org/schema/jdbc/spring-jdbc-4.3.xsd=org/springframework/jdbc/config/spring-jdbc.xsd, http://www.springframework.org/schema/mvc/spring-mvc-4.3.xsd=org/springframework/web/servlet/config/spring-mvc.xsd, http://www.springframework.org/schema/util/spring-util-3.2.xsd=org/springframework/beans/factory/xml/spring-util.xsd, http://www.springframework.org/schema/task/spring-task.xsd=org/springframework/scheduling/config/spring-task.xsd, http://www.springframework.org/schema/tool/spring-tool-2.0.xsd=org/springframework/beans/factory/xml/spring-tool.xsd, http://www.springframework.org/schema/tx/spring-tx-3.0.xsd=org/springframework/transaction/config/spring-tx.xsd, http://www.springframework.org/schema/lang/spring-lang-2.5.xsd=org/springframework/scripting/config/spring-lang.xsd, http://www.springframework.org/schema/lang/spring-lang-4.3.xsd=org/springframework/scripting/config/spring-lang.xsd, http://www.springframework.org/schema/context/spring-context-4.2.xsd=org/springframework/context/config/spring-context.xsd, http://www.springframework.org/schema/jee/spring-jee-2.0.xsd=org/springframework/ejb/config/spring-jee.xsd, http://www.springframework.org/schema/tool/spring-tool-4.3.xsd=org/springframework/beans/factory/xml/spring-tool.xsd, http://www.springframework.org/schema/tool/spring-tool-2.5.xsd=org/springframework/beans/factory/xml/spring-tool.xsd, http://www.springframework.org/schema/jee/spring-jee-4.3.xsd=org/springframework/ejb/config/spring-jee.xsd, http://www.springframework.org/schema/jee/spring-jee-2.5.xsd=org/springframework/ejb/config/spring-jee.xsd, http://www.springframework.org/schema/util/spring-util-4.0.xsd=org/springframework/beans/factory/xml/spring-util.xsd, http://www.springframework.org/schema/task/spring-task-3.0.xsd=org/springframework/scheduling/config/spring-task.xsd, http://www.springframework.org/schema/cache/spring-cache-4.3.xsd=org/springframework/cache/config/spring-cache.xsd, http://www.springframework.org/schema/aop/spring-aop-4.2.xsd=org/springframework/aop/config/spring-aop.xsd, http://www.springframework.org/schema/lang/spring-lang.xsd=org/springframework/scripting/config/spring-lang.xsd, http://www.springframework.org/schema/context/spring-context-3.2.xsd=org/springframework/context/config/spring-context.xsd, http://www.springframework.org/schema/jdbc/spring-jdbc-4.2.xsd=org/springframework/jdbc/config/spring-jdbc.xsd, http://www.springframework.org/schema/mvc/spring-mvc-4.2.xsd=org/springframework/web/servlet/config/spring-mvc.xsd, http://www.springframework.org/schema/util/spring-util-3.1.xsd=org/springframework/beans/factory/xml/spring-util.xsd, http://www.springframework.org/schema/beans/spring-beans-2.0.xsd=org/springframework/beans/factory/xml/spring-beans.xsd, http://www.springframework.org/schema/cache/spring-cache.xsd=org/springframework/cache/config/spring-cache.xsd, http://www.springframework.org/schema/tx/spring-tx.xsd=org/springframework/transaction/config/spring-tx.xsd, http://www.springframework.org/schema/lang/spring-lang-4.2.xsd=org/springframework/scripting/config/spring-lang.xsd, http://www.springframework.org/schema/context/spring-context-4.1.xsd=org/springframework/context/config/spring-context.xsd, http://www.springframework.org/schema/beans/spring-beans-4.3.xsd=org/springframework/beans/factory/xml/spring-beans.xsd, http://www.springframework.org/schema/beans/spring-beans-2.5.xsd=org/springframework/beans/factory/xml/spring-beans.xsd, http://www.springframework.org/schema/tool/spring-tool-4.2.xsd=org/springframework/beans/factory/xml/spring-tool.xsd, http://www.springframework.org/schema/tx/spring-tx-2.0.xsd=org/springframework/transaction/config/spring-tx.xsd, http://www.alibaba.com/schema/stat.xsd=META-INF/stat.xsd, http://www.springframework.org/schema/jee/spring-jee-4.2.xsd=org/springframework/ejb/config/spring-jee.xsd, http://www.springframework.org/schema/jdbc/spring-jdbc-3.2.xsd=org/springframework/jdbc/config/spring-jdbc.xsd, http://www.springframework.org/schema/task/spring-task-4.3.xsd=org/springframework/scheduling/config/spring-task.xsd, http://www.springframework.org/schema/aop/spring-aop.xsd=org/springframework/aop/config/spring-aop.xsd}
01:23:48.788 [main] DEBUG org.springframework.beans.factory.xml.PluggableSchemaResolver - Found XML schema [http://www.springframework.org/schema/beans/spring-beans.xsd] in classpath: org/springframework/beans/factory/xml/spring-beans.xsd
01:23:48.792 [main] DEBUG org.springframework.beans.factory.xml.PluggableSchemaResolver - Found XML schema [http://www.springframework.org/schema/context/spring-context.xsd] in classpath: org/springframework/context/config/spring-context.xsd
01:23:48.794 [main] DEBUG org.springframework.beans.factory.xml.PluggableSchemaResolver - Found XML schema [http://www.springframework.org/schema/tool/spring-tool.xsd] in classpath: org/springframework/beans/factory/xml/spring-tool.xsd
01:23:48.796 [main] DEBUG org.springframework.beans.factory.xml.DefaultBeanDefinitionDocumentReader - Loading bean definitions
01:23:48.799 [main] DEBUG org.springframework.beans.factory.xml.DefaultNamespaceHandlerResolver - Loaded NamespaceHandler mappings: {http://www.springframework.org/schema/p=org.springframework.beans.factory.xml.SimplePropertyNamespaceHandler, http://www.springframework.org/schema/mvc=org.springframework.web.servlet.config.MvcNamespaceHandler, http://www.springframework.org/schema/util=org.springframework.beans.factory.xml.UtilNamespaceHandler, http://www.alibaba.com/schema/stat=com.alibaba.druid.support.spring.stat.config.DruidStatNamespaceHandler, http://www.springframework.org/schema/jee=org.springframework.ejb.config.JeeNamespaceHandler, http://www.springframework.org/schema/aop=org.springframework.aop.config.AopNamespaceHandler, http://www.springframework.org/schema/jdbc=org.springframework.jdbc.config.JdbcNamespaceHandler, http://www.springframework.org/schema/cache=org.springframework.cache.config.CacheNamespaceHandler, http://mybatis.org/schema/mybatis-spring=org.mybatis.spring.config.NamespaceHandler, http://www.springframework.org/schema/c=org.springframework.beans.factory.xml.SimpleConstructorNamespaceHandler, http://www.springframework.org/schema/tx=org.springframework.transaction.config.TxNamespaceHandler, http://www.springframework.org/schema/task=org.springframework.scheduling.config.TaskNamespaceHandler, http://www.springframework.org/schema/lang=org.springframework.scripting.config.LangNamespaceHandler, http://www.springframework.org/schema/context=org.springframework.context.config.ContextNamespaceHandler}
01:23:48.799 [main] DEBUG org.springframework.context.annotation.ClassPathBeanDefinitionScanner - JSR-250 &apos;javax.annotation.ManagedBean&apos; found and supported for component scanning
01:23:48.800 [main] DEBUG org.springframework.core.io.support.PathMatchingResourcePatternResolver - Resolved classpath location [com/service/] to resources [URL [file:/C:/Users/RAZER/Desktop/PetPicJournal/PetPicBackend/target/classes/com/service/]]
01:23:48.800 [main] DEBUG org.springframework.core.io.support.PathMatchingResourcePatternResolver - Looking for matching resources in directory tree [C:\Users\RAZER\Desktop\PetPicJournal\PetPicBackend\target\classes\com\service]
01:23:48.800 [main] DEBUG org.springframework.core.io.support.PathMatchingResourcePatternResolver - Searching directory [C:\Users\RAZER\Desktop\PetPicJournal\PetPicBackend\target\classes\com\service] for files matching pattern [C:/Users/RAZER/Desktop/PetPicJournal/PetPicBackend/target/classes/com/service/**/*.class]
01:23:48.802 [main] DEBUG org.springframework.core.io.support.PathMatchingResourcePatternResolver - Searching directory [C:\Users\RAZER\Desktop\PetPicJournal\PetPicBackend\target\classes\com\service\impl] for files matching pattern [C:/Users/RAZER/Desktop/PetPicJournal/PetPicBackend/target/classes/com/service/**/*.class]
01:23:48.803 [main] DEBUG org.springframework.core.io.support.PathMatchingResourcePatternResolver - Resolved location pattern [classpath*:com/service/**/*.class] to resources [file [C:\Users\RAZER\Desktop\PetPicJournal\PetPicBackend\target\classes\com\service\AboutusService.class], file [C:\Users\RAZER\Desktop\PetPicJournal\PetPicBackend\target\classes\com\service\ChatService.class], file [C:\Users\RAZER\Desktop\PetPicJournal\PetPicBackend\target\classes\com\service\CommonService.class], file [C:\Users\RAZER\Desktop\PetPicJournal\PetPicBackend\target\classes\com\service\ConfigService.class], file [C:\Users\RAZER\Desktop\PetPicJournal\PetPicBackend\target\classes\com\service\DiscussPetService.class], file [C:\Users\RAZER\Desktop\PetPicJournal\PetPicBackend\target\classes\com\service\ImageClassService.class], file [C:\Users\RAZER\Desktop\PetPicJournal\PetPicBackend\target\classes\com\service\impl\AboutusServiceImpl.class], file [C:\Users\RAZER\Desktop\PetPicJournal\PetPicBackend\target\classes\com\service\impl\ChatServiceImpl.class], file [C:\Users\RAZER\Desktop\PetPicJournal\PetPicBackend\target\classes\com\service\impl\CommonServiceImpl.class], file [C:\Users\RAZER\Desktop\PetPicJournal\PetPicBackend\target\classes\com\service\impl\ConfigServiceImpl.class], file [C:\Users\RAZER\Desktop\PetPicJournal\PetPicBackend\target\classes\com\service\impl\DiscussPetServiceImpl.class], file [C:\Users\RAZER\Desktop\PetPicJournal\PetPicBackend\target\classes\com\service\impl\ImageClassServiceImpl.class], file [C:\Users\RAZER\Desktop\PetPicJournal\PetPicBackend\target\classes\com\service\impl\LoginUserServiceImpl.class], file [C:\Users\RAZER\Desktop\PetPicJournal\PetPicBackend\target\classes\com\service\impl\NewsServiceImpl.class], file [C:\Users\RAZER\Desktop\PetPicJournal\PetPicBackend\target\classes\com\service\impl\PetImageServiceImpl.class], file [C:\Users\RAZER\Desktop\PetPicJournal\PetPicBackend\target\classes\com\service\impl\StoreupServiceImpl.class], file [C:\Users\RAZER\Desktop\PetPicJournal\PetPicBackend\target\classes\com\service\impl\SystemintroServiceImpl.class], file [C:\Users\RAZER\Desktop\PetPicJournal\PetPicBackend\target\classes\com\service\impl\TokenServiceImpl.class], file [C:\Users\RAZER\Desktop\PetPicJournal\PetPicBackend\target\classes\com\service\impl\UsersServiceImpl.class], file [C:\Users\RAZER\Desktop\PetPicJournal\PetPicBackend\target\classes\com\service\LoginUserService.class], file [C:\Users\RAZER\Desktop\PetPicJournal\PetPicBackend\target\classes\com\service\NewsService.class], file [C:\Users\RAZER\Desktop\PetPicJournal\PetPicBackend\target\classes\com\service\PetImageService.class], file [C:\Users\RAZER\Desktop\PetPicJournal\PetPicBackend\target\classes\com\service\StoreupService.class], file [C:\Users\RAZER\Desktop\PetPicJournal\PetPicBackend\target\classes\com\service\SystemintroService.class], file [C:\Users\RAZER\Desktop\PetPicJournal\PetPicBackend\target\classes\com\service\TokenService.class], file [C:\Users\RAZER\Desktop\PetPicJournal\PetPicBackend\target\classes\com\service\UsersService.class]]
01:23:48.807 [main] DEBUG org.springframework.context.annotation.ClassPathBeanDefinitionScanner - Identified candidate component class: file [C:\Users\RAZER\Desktop\PetPicJournal\PetPicBackend\target\classes\com\service\impl\AboutusServiceImpl.class]
01:23:48.808 [main] DEBUG org.springframework.context.annotation.ClassPathBeanDefinitionScanner - Identified candidate component class: file [C:\Users\RAZER\Desktop\PetPicJournal\PetPicBackend\target\classes\com\service\impl\ChatServiceImpl.class]
01:23:48.809 [main] DEBUG org.springframework.context.annotation.ClassPathBeanDefinitionScanner - Identified candidate component class: file [C:\Users\RAZER\Desktop\PetPicJournal\PetPicBackend\target\classes\com\service\impl\CommonServiceImpl.class]
01:23:48.809 [main] DEBUG org.springframework.context.annotation.ClassPathBeanDefinitionScanner - Identified candidate component class: file [C:\Users\RAZER\Desktop\PetPicJournal\PetPicBackend\target\classes\com\service\impl\ConfigServiceImpl.class]
01:23:48.810 [main] DEBUG org.springframework.context.annotation.ClassPathBeanDefinitionScanner - Identified candidate component class: file [C:\Users\RAZER\Desktop\PetPicJournal\PetPicBackend\target\classes\com\service\impl\DiscussPetServiceImpl.class]
01:23:48.811 [main] DEBUG org.springframework.context.annotation.ClassPathBeanDefinitionScanner - Identified candidate component class: file [C:\Users\RAZER\Desktop\PetPicJournal\PetPicBackend\target\classes\com\service\impl\ImageClassServiceImpl.class]
01:23:48.811 [main] DEBUG org.springframework.context.annotation.ClassPathBeanDefinitionScanner - Identified candidate component class: file [C:\Users\RAZER\Desktop\PetPicJournal\PetPicBackend\target\classes\com\service\impl\LoginUserServiceImpl.class]
01:23:48.812 [main] DEBUG org.springframework.context.annotation.ClassPathBeanDefinitionScanner - Identified candidate component class: file [C:\Users\RAZER\Desktop\PetPicJournal\PetPicBackend\target\classes\com\service\impl\NewsServiceImpl.class]
01:23:48.813 [main] DEBUG org.springframework.context.annotation.ClassPathBeanDefinitionScanner - Identified candidate component class: file [C:\Users\RAZER\Desktop\PetPicJournal\PetPicBackend\target\classes\com\service\impl\PetImageServiceImpl.class]
01:23:48.813 [main] DEBUG org.springframework.context.annotation.ClassPathBeanDefinitionScanner - Identified candidate component class: file [C:\Users\RAZER\Desktop\PetPicJournal\PetPicBackend\target\classes\com\service\impl\StoreupServiceImpl.class]
01:23:48.814 [main] DEBUG org.springframework.context.annotation.ClassPathBeanDefinitionScanner - Identified candidate component class: file [C:\Users\RAZER\Desktop\PetPicJournal\PetPicBackend\target\classes\com\service\impl\SystemintroServiceImpl.class]
01:23:48.814 [main] DEBUG org.springframework.context.annotation.ClassPathBeanDefinitionScanner - Identified candidate component class: file [C:\Users\RAZER\Desktop\PetPicJournal\PetPicBackend\target\classes\com\service\impl\TokenServiceImpl.class]
01:23:48.815 [main] DEBUG org.springframework.context.annotation.ClassPathBeanDefinitionScanner - Identified candidate component class: file [C:\Users\RAZER\Desktop\PetPicJournal\PetPicBackend\target\classes\com\service\impl\UsersServiceImpl.class]
01:23:48.818 [main] INFO org.springframework.beans.factory.xml.XmlBeanDefinitionReader - Loading XML bean definitions from class path resource [spring/spring-mybatis.xml]
01:23:48.819 [main] DEBUG org.springframework.beans.factory.xml.DefaultDocumentLoader - Using JAXP provider [com.sun.org.apache.xerces.internal.jaxp.DocumentBuilderFactoryImpl]
01:23:48.819 [main] DEBUG org.springframework.beans.factory.xml.PluggableSchemaResolver - Found XML schema [http://www.springframework.org/schema/beans/spring-beans.xsd] in classpath: org/springframework/beans/factory/xml/spring-beans.xsd
01:23:48.825 [main] DEBUG org.springframework.beans.factory.xml.PluggableSchemaResolver - Found XML schema [http://www.springframework.org/schema/tx/spring-tx.xsd] in classpath: org/springframework/transaction/config/spring-tx.xsd
01:23:48.826 [main] DEBUG org.springframework.beans.factory.xml.PluggableSchemaResolver - Found XML schema [http://www.springframework.org/schema/tool/spring-tool.xsd] in classpath: org/springframework/beans/factory/xml/spring-tool.xsd
01:23:48.829 [main] DEBUG org.springframework.beans.factory.xml.PluggableSchemaResolver - Found XML schema [http://www.springframework.org/schema/aop/spring-aop.xsd] in classpath: org/springframework/aop/config/spring-aop.xsd
01:23:48.831 [main] DEBUG org.springframework.beans.factory.xml.DefaultBeanDefinitionDocumentReader - Loading bean definitions
01:23:48.831 [main] DEBUG org.springframework.beans.factory.xml.BeanDefinitionParserDelegate - No XML &apos;id&apos; specified - using &apos;dataSource&apos; as bean name and [] as aliases
01:23:48.832 [main] DEBUG org.springframework.beans.factory.xml.BeanDefinitionParserDelegate - Neither XML &apos;id&apos; nor &apos;name&apos; specified - using generated bean name [com.config.MyMetaObjectHandler#4eeea57d]
01:23:48.832 [main] DEBUG org.springframework.beans.factory.xml.BeanDefinitionParserDelegate - Neither XML &apos;id&apos; nor &apos;name&apos; specified - using generated bean name [org.mybatis.spring.mapper.MapperScannerConfigurer#0]
01:23:48.832 [main] DEBUG org.springframework.beans.factory.xml.BeanDefinitionParserDelegate - No XML &apos;id&apos; specified - using &apos;transactionManager&apos; as bean name and [] as aliases
01:23:48.833 [main] DEBUG org.springframework.beans.factory.xml.XmlBeanDefinitionReader - Loaded 9 bean definitions from location pattern [classpath:spring/spring-mybatis.xml]
01:23:48.833 [main] DEBUG org.springframework.beans.factory.xml.DefaultBeanDefinitionDocumentReader - Imported 9 bean definitions from URL location [classpath:spring/spring-mybatis.xml]
01:23:48.833 [main] DEBUG org.springframework.beans.factory.xml.XmlBeanDefinitionReader - Loaded 29 bean definitions from location pattern [spring/spring.xml]
01:23:48.833 [main] DEBUG org.springframework.context.support.ClassPathXmlApplicationContext - Bean factory for org.springframework.context.support.ClassPathXmlApplicationContext@1a69561c: org.springframework.beans.factory.support.DefaultListableBeanFactory@780ec4a5: defining beans [org.springframework.context.support.PropertySourcesPlaceholderConfigurer#0,aboutusService,chatService,commonService,configService,discussService,imageclassService,userService,newsService,petImageService,storeupService,systemintroService,tokenService,usersService,org.springframework.context.annotation.internalConfigurationAnnotationProcessor,org.springframework.context.annotation.internalAutowiredAnnotationProcessor,org.springframework.context.annotation.internalRequiredAnnotationProcessor,org.springframework.context.annotation.internalCommonAnnotationProcessor,org.springframework.context.event.internalEventListenerProcessor,org.springframework.context.event.internalEventListenerFactory,dataSource,sqlSessionFactory,globalConfig,org.mybatis.spring.mapper.MapperScannerConfigurer#0,transactionManager,transactionAdvice,org.springframework.aop.config.internalAutoProxyCreator,transactionPointcut,org.springframework.aop.support.DefaultBeanFactoryPointcutAdvisor#0]; root of factory hierarchy
01:23:48.835 [main] DEBUG org.springframework.beans.factory.support.DefaultListableBeanFactory - Creating shared instance of singleton bean &apos;org.springframework.context.annotation.internalConfigurationAnnotationProcessor&apos;
01:23:48.835 [main] DEBUG org.springframework.beans.factory.support.DefaultListableBeanFactory - Creating instance of bean &apos;org.springframework.context.annotation.internalConfigurationAnnotationProcessor&apos;
01:23:48.835 [main] DEBUG org.springframework.beans.factory.support.DefaultListableBeanFactory - Eagerly caching bean &apos;org.springframework.context.annotation.internalConfigurationAnnotationProcessor&apos; to allow for resolving potential circular references
01:23:48.835 [main] DEBUG org.springframework.beans.factory.support.DefaultListableBeanFactory - Finished creating instance of bean &apos;org.springframework.context.annotation.internalConfigurationAnnotationProcessor&apos;
01:23:48.876 [main] DEBUG org.springframework.beans.factory.support.DefaultListableBeanFactory - Creating shared instance of singleton bean &apos;org.mybatis.spring.mapper.MapperScannerConfigurer#0&apos;
01:23:48.876 [main] DEBUG org.springframework.beans.factory.support.DefaultListableBeanFactory - Creating instance of bean &apos;org.mybatis.spring.mapper.MapperScannerConfigurer#0&apos;
01:23:48.876 [main] DEBUG org.springframework.beans.factory.support.DefaultListableBeanFactory - Eagerly caching bean &apos;org.mybatis.spring.mapper.MapperScannerConfigurer#0&apos; to allow for resolving potential circular references
01:23:48.879 [main] DEBUG org.springframework.beans.factory.support.DefaultListableBeanFactory - Invoking afterPropertiesSet() on bean with name &apos;org.mybatis.spring.mapper.MapperScannerConfigurer#0&apos;
01:23:48.879 [main] DEBUG org.springframework.beans.factory.support.DefaultListableBeanFactory - Finished creating instance of bean &apos;org.mybatis.spring.mapper.MapperScannerConfigurer#0&apos;
01:23:48.879 [main] DEBUG org.springframework.core.env.StandardEnvironment - Adding PropertySource &apos;systemProperties&apos; with lowest search precedence
01:23:48.879 [main] DEBUG org.springframework.core.env.StandardEnvironment - Adding PropertySource &apos;systemEnvironment&apos; with lowest search precedence
01:23:48.879 [main] DEBUG org.springframework.core.env.StandardEnvironment - Initialized StandardEnvironment with PropertySources [MapPropertySource@936219350 {name=&apos;systemProperties&apos;, properties={idea.version=2021.1.3, java.runtime.name=Java(TM) SE Runtime Environment, sun.boot.library.path=C:\Program Files\Java\jdk1.8.0_333\jdk1.8.0_333\jre\bin, java.vm.version=25.333-b02, user.country.format=NZ, java.vm.vendor=Oracle Corporation, java.vendor.url=http://java.oracle.com/, path.separator=;, java.vm.name=Java HotSpot(TM) 64-Bit Server VM, file.encoding.pkg=sun.io, user.country=CN, user.script=, sun.java.launcher=SUN_STANDARD, sun.os.patch.level=, java.vm.specification.name=Java Virtual Machine Specification, user.dir=C:\Users\RAZER\Desktop\PetPicJournal\PetPicBackend, java.runtime.version=1.8.0_333-b02, basedir=C:\Users\RAZER\Desktop\PetPicJournal\PetPicBackend, java.awt.graphicsenv=sun.awt.Win32GraphicsEnvironment, java.endorsed.dirs=C:\Program Files\Java\jdk1.8.0_333\jdk1.8.0_333\jre\lib\endorsed, os.arch=amd64, surefire.real.class.path=C:\Users\RAZER\Desktop\PetPicJournal\PetPicBackend\target\surefire\surefirebooter2684572050030967239.jar, java.io.tmpdir=C:\Users\RAZER\AppData\Local\Temp\, line.separator=
, java.vm.specification.vendor=Oracle Corporation, user.variant=, os.name=Windows 11, sun.jnu.encoding=GBK, java.library.path=C:\Program Files\Java\jdk1.8.0_333\jdk1.8.0_333\jre\bin;C:\WINDOWS\Sun\Java\bin;C:\WINDOWS\system32;C:\WINDOWS;C:\Program Files\Java\jdk-11\bin;D:\WINDOWS.X64_213000_db_home\bin;C:\Program Files\Common Files\Oracle\Java\javapath;C:\Program Files (x86)\Common Files\Oracle\Java\javapath;D:\py\anaconda3;D:\py\anaconda3\Library\mingw-w64\bin;D:\py\anaconda3\Library\usr\bin;D:\py\anaconda3\Library\bin;D:\py\anaconda3\Scripts;C:\Windows;C:\Program Files\Java\jdk-11\jdk\bin;C:\Program Files\Java\jdk-11\jdk\jre\bin;C:\Users\RAZER\AppData\Roaming\tc\python-3.6.4;C:\Users\RAZER\AppData\Roaming\tc\python-3.6.4\Scripts;C:\Program Files (x86)\Razer Chroma SDK\bin;C:\Program Files\Razer Chroma SDK\bin;C:\Program Files (x86)\VMware\VMware Workstation\bin\;C:\Program Files\Microsoft MPI\Bin\;C:\Program Files (x86)\Razer\ChromaBroadcast\bin;C:\Program Files\Razer\ChromaBroadcast\bin;C:\Windows\system32;C:\Windows\System32\Wbem;C:\Windows\System32\WindowsPowerShell\v1.0\;C:\Windows\System32\OpenSSH\;C:\Program Files (x86)\NVIDIA Corporation\PhysX\Common;C:\Windows\system32\config\systemprofile\AppData\Local\Microsoft\WindowsApps;C:\Program Files\dotnet\;C:\Program Files\Microsoft SQL Server\130\Tools\Binn\;C:\Users\RAZER\AppData\Local\Microsoft\WindowsApps;C:\Users\RAZER\.dotnet\tools;C:\Program Files (x86)\Tencent\΢��web�����߹���\dll;C:\Pro;ram Files\MATLAB\R2022a\bin;C:\WINDOWS\system32;C:\WINDOWS;C:\WINDOWS\System32\Wbem;C:\WINDOWS\System32\WindowsPowerShell\v1.0\;C:\WINDOWS\System32\OpenSSH\;C:\Program Files\Git\cmd;D:\bysj\mysql-5.7.25-winx64\bin;;C:\Program Files\NVIDIA Corporation\NVIDIA NvDLISR;C:\Users\RAZER\AppData\Local\Programs\Python\Python311\Scripts\;C:\Users\RAZER\AppData\Local\Programs\Python\Python311\;C:\Users\RAZER\AppData\Roaming\tc\python-3.6.4;C:\Users\RAZER\AppData\Roaming\tc\python-3.6.4\Scripts;C:\Users\RAZER\AppData\Local\Microsoft\WindowsApps;C:\Users\RAZER\.dotnet\tools;C:\Users\RAZER\AppData\Local\Programs\Microsoft VS Code\bin;C:\Users\RAZER\AppData\Local\GitHubDesktop\bin;;D:\py\PyCharm Community Edition 2022.2.4\bin;;%PyCharm%;., surefire.test.class.path=C:\Users\RAZER\Desktop\PetPicJournal\PetPicBackend\target\test-classes;C:\Users\RAZER\Desktop\PetPicJournal\PetPicBackend\target\classes;C:\Users\RAZER\.m2\repository\org\springframework\spring-core\5.0.0.RELEASE\spring-core-5.0.0.RELEASE.jar;C:\Users\RAZER\.m2\repository\org\springframework\spring-jcl\5.0.0.RELEASE\spring-jcl-5.0.0.RELEASE.jar;C:\Users\RAZER\.m2\repository\org\springframework\spring-context\5.0.0.RELEASE\spring-context-5.0.0.RELEASE.jar;C:\Users\RAZER\.m2\repository\org\springframework\spring-expression\5.0.0.RELEASE\spring-expression-5.0.0.RELEASE.jar;C:\Users\RAZER\.m2\repository\org\springframework\boot\spring-boot-starter-test\2.2.13.RELEASE\spring-boot-starter-test-2.2.13.RELEASE.jar;C:\Users\RAZER\.m2\repository\org\springframework\boot\spring-boot-starter\2.2.13.RELEASE\spring-boot-starter-2.2.13.RELEASE.jar;C:\Users\RAZER\.m2\repository\org\springframework\boot\spring-boot\2.2.13.RELEASE\spring-boot-2.2.13.RELEASE.jar;C:\Users\RAZER\.m2\repository\org\springframework\boot\spring-boot-autoconfigure\2.2.13.RELEASE\spring-boot-autoconfigure-2.2.13.RELEASE.jar;C:\Users\RAZER\.m2\repository\org\springframework\boot\spring-boot-starter-logging\2.2.13.RELEASE\spring-boot-starter-logging-2.2.13.RELEASE.jar;C:\Users\RAZER\.m2\repository\ch\qos\logback\logback-classic\1.2.3\logback-classic-1.2.3.jar;C:\Users\RAZER\.m2\repository\ch\qos\logback\logback-core\1.2.3\logback-core-1.2.3.jar;C:\Users\RAZER\.m2\repository\org\apache\logging\log4j\log4j-to-slf4j\2.12.1\log4j-to-slf4j-2.12.1.jar;C:\Users\RAZER\.m2\repository\org\apache\logging\log4j\log4j-api\2.12.1\log4j-api-2.12.1.jar;C:\Users\RAZER\.m2\repository\org\slf4j\jul-to-slf4j\1.7.30\jul-to-slf4j-1.7.30.jar;C:\Users\RAZER\.m2\repository\jakarta\annotation\jakarta.annotation-api\1.3.5\jakarta.annotation-api-1.3.5.jar;C:\Users\RAZER\.m2\repository\org\yaml\snakeyaml\1.25\snakeyaml-1.25.jar;C:\Users\RAZER\.m2\repository\org\springframework\boot\spring-boot-test\2.2.13.RELEASE\spring-boot-test-2.2.13.RELEASE.jar;C:\Users\RAZER\.m2\repository\org\springframework\boot\spring-boot-test-autoconfigure\2.2.13.RELEASE\spring-boot-test-autoconfigure-2.2.13.RELEASE.jar;C:\Users\RAZER\.m2\repository\com\jayway\jsonpath\json-path\2.4.0\json-path-2.4.0.jar;C:\Users\RAZER\.m2\repository\net\minidev\json-smart\2.3\json-smart-2.3.jar;C:\Users\RAZER\.m2\repository\net\minidev\accessors-smart\1.2\accessors-smart-1.2.jar;C:\Users\RAZER\.m2\repository\org\ow2\asm\asm\5.0.4\asm-5.0.4.jar;C:\Users\RAZER\.m2\repository\jakarta\xml\bind\jakarta.xml.bind-api\2.3.3\jakarta.xml.bind-api-2.3.3.jar;C:\Users\RAZER\.m2\repository\jakarta\activation\jakarta.activation-api\1.2.2\jakarta.activation-api-1.2.2.jar;C:\Users\RAZER\.m2\repository\org\junit\jupiter\junit-jupiter\5.5.2\junit-jupiter-5.5.2.jar;C:\Users\RAZER\.m2\repository\org\junit\jupiter\junit-jupiter-api\5.5.2\junit-jupiter-api-5.5.2.jar;C:\Users\RAZER\.m2\repository\org\opentest4j\opentest4j\1.2.0\opentest4j-1.2.0.jar;C:\Users\RAZER\.m2\repository\org\junit\platform\junit-platform-commons\1.5.2\junit-platform-commons-1.5.2.jar;C:\Users\RAZER\.m2\repository\org\junit\jupiter\junit-jupiter-params\5.5.2\junit-jupiter-params-5.5.2.jar;C:\Users\RAZER\.m2\repository\org\junit\jupiter\junit-jupiter-engine\5.5.2\junit-jupiter-engine-5.5.2.jar;C:\Users\RAZER\.m2\repository\org\junit\vintage\junit-vintage-engine\5.5.2\junit-vintage-engine-5.5.2.jar;C:\Users\RAZER\.m2\repository\org\apiguardian\apiguardian-api\1.1.0\apiguardian-api-1.1.0.jar;C:\Users\RAZER\.m2\repository\org\junit\platform\junit-platform-engine\1.5.2\junit-platform-engine-1.5.2.jar;C:\Users\RAZER\.m2\repository\junit\junit\4.12\junit-4.12.jar;C:\Users\RAZER\.m2\repository\org\mockito\mockito-junit-jupiter\3.1.0\mockito-junit-jupiter-3.1.0.jar;C:\Users\RAZER\.m2\repository\org\assertj\assertj-core\3.13.2\assertj-core-3.13.2.jar;C:\Users\RAZER\.m2\repository\org\hamcrest\hamcrest\2.1\hamcrest-2.1.jar;C:\Users\RAZER\.m2\repository\org\mockito\mockito-core\3.1.0\mockito-core-3.1.0.jar;C:\Users\RAZER\.m2\repository\net\bytebuddy\byte-buddy\1.9.10\byte-buddy-1.9.10.jar;C:\Users\RAZER\.m2\repository\net\bytebuddy\byte-buddy-agent\1.9.10\byte-buddy-agent-1.9.10.jar;C:\Users\RAZER\.m2\repository\org\objenesis\objenesis\2.6\objenesis-2.6.jar;C:\Users\RAZER\.m2\repository\org\skyscreamer\jsonassert\1.5.0\jsonassert-1.5.0.jar;C:\Users\RAZER\.m2\repository\com\vaadin\external\google\android-json\0.0.20131108.vaadin1\android-json-0.0.20131108.vaadin1.jar;C:\Users\RAZER\.m2\repository\org\xmlunit\xmlunit-core\2.6.4\xmlunit-core-2.6.4.jar;C:\Users\RAZER\.m2\repository\org\springframework\spring-context-support\5.0.0.RELEASE\spring-context-support-5.0.0.RELEASE.jar;C:\Users\RAZER\.m2\repository\org\springframework\spring-tx\5.0.0.RELEASE\spring-tx-5.0.0.RELEASE.jar;C:\Users\RAZER\.m2\repository\org\springframework\spring-aop\5.0.0.RELEASE\spring-aop-5.0.0.RELEASE.jar;C:\Users\RAZER\.m2\repository\org\springframework\spring-beans\5.0.0.RELEASE\spring-beans-5.0.0.RELEASE.jar;C:\Users\RAZER\.m2\repository\org\springframework\spring-jdbc\5.0.0.RELEASE\spring-jdbc-5.0.0.RELEASE.jar;C:\Users\RAZER\.m2\repository\org\springframework\spring-web\5.0.0.RELEASE\spring-web-5.0.0.RELEASE.jar;C:\Users\RAZER\.m2\repository\org\springframework\spring-webmvc\5.0.0.RELEASE\spring-webmvc-5.0.0.RELEASE.jar;C:\Users\RAZER\.m2\repository\org\aspectj\aspectjweaver\1.8.8\aspectjweaver-1.8.8.jar;C:\Users\RAZER\.m2\repository\commons-fileupload\commons-fileupload\1.3.1\commons-fileupload-1.3.1.jar;C:\Users\RAZER\.m2\repository\javax\servlet\jstl\1.2\jstl-1.2.jar;C:\Users\RAZER\.m2\repository\com\baomidou\mybatis-plus\2.3\mybatis-plus-2.3.jar;C:\Users\RAZER\.m2\repository\com\baomidou\mybatis-plus-support\2.3\mybatis-plus-support-2.3.jar;C:\Users\RAZER\.m2\repository\com\baomidou\mybatis-plus-core\2.3\mybatis-plus-core-2.3.jar;C:\Users\RAZER\.m2\repository\com\github\jsqlparser\jsqlparser\1.1\jsqlparser-1.1.jar;C:\Users\RAZER\.m2\repository\org\mybatis\mybatis-spring\1.3.2\mybatis-spring-1.3.2.jar;C:\Users\RAZER\.m2\repository\org\mybatis\mybatis\3.4.6\mybatis-3.4.6.jar;C:\Users\RAZER\.m2\repository\com\baomidou\mybatis-plus-generate\2.3\mybatis-plus-generate-2.3.jar;C:\Users\RAZER\.m2\repository\mysql\mysql-connector-java\8.0.20\mysql-connector-java-8.0.20.jar;C:\Users\RAZER\.m2\repository\com\google\protobuf\protobuf-java\3.6.1\protobuf-java-3.6.1.jar;C:\Users\RAZER\.m2\repository\com\alibaba\druid\1.1.0\druid-1.1.0.jar;C:\Program Files\Java\jdk1.8.0_333\jdk1.8.0_333\jre\..\lib\jconsole.jar;C:\Program Files\Java\jdk1.8.0_333\jdk1.8.0_333\jre\..\lib\tools.jar;C:\Users\RAZER\.m2\repository\com\alibaba\fastjson\1.2.8\fastjson-1.2.8.jar;C:\Users\RAZER\.m2\repository\log4j\log4j\1.2.17\log4j-1.2.17.jar;C:\Users\RAZER\.m2\repository\org\slf4j\slf4j-api\1.7.19\slf4j-api-1.7.19.jar;C:\Users\RAZER\.m2\repository\org\slf4j\slf4j-log4j12\1.7.19\slf4j-log4j12-1.7.19.jar;C:\Users\RAZER\.m2\repository\org\springframework\spring-test\4.3.18.RELEASE\spring-test-4.3.18.RELEASE.jar;C:\Users\RAZER\.m2\repository\org\apache\commons\commons-lang3\3.0\commons-lang3-3.0.jar;C:\Users\RAZER\.m2\repository\javax\validation\validation-api\2.0.1.Final\validation-api-2.0.1.Final.jar;C:\Users\RAZER\.m2\repository\commons-io\commons-io\2.5\commons-io-2.5.jar;C:\Users\RAZER\.m2\repository\cn\hutool\hutool-all\4.0.12\hutool-all-4.0.12.jar;C:\Users\RAZER\.m2\repository\org\apache\tomcat\embed\tomcat-embed-core\9.0.29\tomcat-embed-core-9.0.29.jar;C:\Users\RAZER\.m2\repository\org\apache\tomcat\tomcat-annotations-api\9.0.29\tomcat-annotations-api-9.0.29.jar;C:\Users\RAZER\.m2\repository\commons-beanutils\commons-beanutils\1.8.0\commons-beanutils-1.8.0.jar;C:\Users\RAZER\.m2\repository\commons-logging\commons-logging\1.1.1\commons-logging-1.1.1.jar;C:\Users\RAZER\.m2\repository\com\baidu\aip\java-sdk\4.4.1\java-sdk-4.4.1.jar;C:\Users\RAZER\.m2\repository\org\json\json\20160810\json-20160810.jar;C:\Users\RAZER\.m2\repository\com\fasterxml\jackson\core\jackson-annotations\2.10.1\jackson-annotations-2.10.1.jar;C:\Users\RAZER\.m2\repository\com\fasterxml\jackson\core\jackson-databind\2.10.1\jackson-databind-2.10.1.jar;C:\Users\RAZER\.m2\repository\com\fasterxml\jackson\core\jackson-core\2.10.1\jackson-core-2.10.1.jar;C:\Users\RAZER\.m2\repository\org\codehaus\jackson\jackson-mapper-asl\1.9.13\jackson-mapper-asl-1.9.13.jar;C:\Users\RAZER\.m2\repository\org\codehaus\jackson\jackson-core-asl\1.9.13\jackson-core-asl-1.9.13.jar;C:\Users\RAZER\.m2\repository\org\apache\poi\poi\3.11\poi-3.11.jar;C:\Users\RAZER\.m2\repository\commons-codec\commons-codec\1.9\commons-codec-1.9.jar;C:\Users\RAZER\.m2\repository\org\apache\poi\poi-ooxml\3.9\poi-ooxml-3.9.jar;C:\Users\RAZER\.m2\repository\org\apache\poi\poi-ooxml-schemas\3.9\poi-ooxml-schemas-3.9.jar;C:\Users\RAZER\.m2\repository\org\apache\xmlbeans\xmlbeans\2.3.0\xmlbeans-2.3.0.jar;C:\Users\RAZER\.m2\repository\stax\stax-api\1.0.1\stax-api-1.0.1.jar;C:\Users\RAZER\.m2\repository\dom4j\dom4j\1.6.1\dom4j-1.6.1.jar;C:\Users\RAZER\.m2\repository\xml-apis\xml-apis\1.0.b2\xml-apis-1.0.b2.jar;, java.specification.name=Java Platform API Specification, java.class.version=52.0, sun.management.compiler=HotSpot 64-Bit Tiered Compilers, os.version=10.0, user.home=C:\Users\RAZER, user.timezone=Pacific/Auckland, java.awt.printerjob=sun.awt.windows.WPrinterJob, file.encoding=GBK, java.specification.version=1.8, java.class.path=C:\Users\RAZER\Desktop\PetPicJournal\PetPicBackend\target\test-classes;C:\Users\RAZER\Desktop\PetPicJournal\PetPicBackend\target\classes;C:\Users\RAZER\.m2\repository\org\springframework\spring-core\5.0.0.RELEASE\spring-core-5.0.0.RELEASE.jar;C:\Users\RAZER\.m2\repository\org\springframework\spring-jcl\5.0.0.RELEASE\spring-jcl-5.0.0.RELEASE.jar;C:\Users\RAZER\.m2\repository\org\springframework\spring-context\5.0.0.RELEASE\spring-context-5.0.0.RELEASE.jar;C:\Users\RAZER\.m2\repository\org\springframework\spring-expression\5.0.0.RELEASE\spring-expression-5.0.0.RELEASE.jar;C:\Users\RAZER\.m2\repository\org\springframework\boot\spring-boot-starter-test\2.2.13.RELEASE\spring-boot-starter-test-2.2.13.RELEASE.jar;C:\Users\RAZER\.m2\repository\org\springframework\boot\spring-boot-starter\2.2.13.RELEASE\spring-boot-starter-2.2.13.RELEASE.jar;C:\Users\RAZER\.m2\repository\org\springframework\boot\spring-boot\2.2.13.RELEASE\spring-boot-2.2.13.RELEASE.jar;C:\Users\RAZER\.m2\repository\org\springframework\boot\spring-boot-autoconfigure\2.2.13.RELEASE\spring-boot-autoconfigure-2.2.13.RELEASE.jar;C:\Users\RAZER\.m2\repository\org\springframework\boot\spring-boot-starter-logging\2.2.13.RELEASE\spring-boot-starter-logging-2.2.13.RELEASE.jar;C:\Users\RAZER\.m2\repository\ch\qos\logback\logback-classic\1.2.3\logback-classic-1.2.3.jar;C:\Users\RAZER\.m2\repository\ch\qos\logback\logback-core\1.2.3\logback-core-1.2.3.jar;C:\Users\RAZER\.m2\repository\org\apache\logging\log4j\log4j-to-slf4j\2.12.1\log4j-to-slf4j-2.12.1.jar;C:\Users\RAZER\.m2\repository\org\apache\logging\log4j\log4j-api\2.12.1\log4j-api-2.12.1.jar;C:\Users\RAZER\.m2\repository\org\slf4j\jul-to-slf4j\1.7.30\jul-to-slf4j-1.7.30.jar;C:\Users\RAZER\.m2\repository\jakarta\annotation\jakarta.annotation-api\1.3.5\jakarta.annotation-api-1.3.5.jar;C:\Users\RAZER\.m2\repository\org\yaml\snakeyaml\1.25\snakeyaml-1.25.jar;C:\Users\RAZER\.m2\repository\org\springframework\boot\spring-boot-test\2.2.13.RELEASE\spring-boot-test-2.2.13.RELEASE.jar;C:\Users\RAZER\.m2\repository\org\springframework\boot\spring-boot-test-autoconfigure\2.2.13.RELEASE\spring-boot-test-autoconfigure-2.2.13.RELEASE.jar;C:\Users\RAZER\.m2\repository\com\jayway\jsonpath\json-path\2.4.0\json-path-2.4.0.jar;C:\Users\RAZER\.m2\repository\net\minidev\json-smart\2.3\json-smart-2.3.jar;C:\Users\RAZER\.m2\repository\net\minidev\accessors-smart\1.2\accessors-smart-1.2.jar;C:\Users\RAZER\.m2\repository\org\ow2\asm\asm\5.0.4\asm-5.0.4.jar;C:\Users\RAZER\.m2\repository\jakarta\xml\bind\jakarta.xml.bind-api\2.3.3\jakarta.xml.bind-api-2.3.3.jar;C:\Users\RAZER\.m2\repository\jakarta\activation\jakarta.activation-api\1.2.2\jakarta.activation-api-1.2.2.jar;C:\Users\RAZER\.m2\repository\org\junit\jupiter\junit-jupiter\5.5.2\junit-jupiter-5.5.2.jar;C:\Users\RAZER\.m2\repository\org\junit\jupiter\junit-jupiter-api\5.5.2\junit-jupiter-api-5.5.2.jar;C:\Users\RAZER\.m2\repository\org\opentest4j\opentest4j\1.2.0\opentest4j-1.2.0.jar;C:\Users\RAZER\.m2\repository\org\junit\platform\junit-platform-commons\1.5.2\junit-platform-commons-1.5.2.jar;C:\Users\RAZER\.m2\repository\org\junit\jupiter\junit-jupiter-params\5.5.2\junit-jupiter-params-5.5.2.jar;C:\Users\RAZER\.m2\repository\org\junit\jupiter\junit-jupiter-engine\5.5.2\junit-jupiter-engine-5.5.2.jar;C:\Users\RAZER\.m2\repository\org\junit\vintage\junit-vintage-engine\5.5.2\junit-vintage-engine-5.5.2.jar;C:\Users\RAZER\.m2\repository\org\apiguardian\apiguardian-api\1.1.0\apiguardian-api-1.1.0.jar;C:\Users\RAZER\.m2\repository\org\junit\platform\junit-platform-engine\1.5.2\junit-platform-engine-1.5.2.jar;C:\Users\RAZER\.m2\repository\junit\junit\4.12\junit-4.12.jar;C:\Users\RAZER\.m2\repository\org\mockito\mockito-junit-jupiter\3.1.0\mockito-junit-jupiter-3.1.0.jar;C:\Users\RAZER\.m2\repository\org\assertj\assertj-core\3.13.2\assertj-core-3.13.2.jar;C:\Users\RAZER\.m2\repository\org\hamcrest\hamcrest\2.1\hamcrest-2.1.jar;C:\Users\RAZER\.m2\repository\org\mockito\mockito-core\3.1.0\mockito-core-3.1.0.jar;C:\Users\RAZER\.m2\repository\net\bytebuddy\byte-buddy\1.9.10\byte-buddy-1.9.10.jar;C:\Users\RAZER\.m2\repository\net\bytebuddy\byte-buddy-agent\1.9.10\byte-buddy-agent-1.9.10.jar;C:\Users\RAZER\.m2\repository\org\objenesis\objenesis\2.6\objenesis-2.6.jar;C:\Users\RAZER\.m2\repository\org\skyscreamer\jsonassert\1.5.0\jsonassert-1.5.0.jar;C:\Users\RAZER\.m2\repository\com\vaadin\external\google\android-json\0.0.20131108.vaadin1\android-json-0.0.20131108.vaadin1.jar;C:\Users\RAZER\.m2\repository\org\xmlunit\xmlunit-core\2.6.4\xmlunit-core-2.6.4.jar;C:\Users\RAZER\.m2\repository\org\springframework\spring-context-support\5.0.0.RELEASE\spring-context-support-5.0.0.RELEASE.jar;C:\Users\RAZER\.m2\repository\org\springframework\spring-tx\5.0.0.RELEASE\spring-tx-5.0.0.RELEASE.jar;C:\Users\RAZER\.m2\repository\org\springframework\spring-aop\5.0.0.RELEASE\spring-aop-5.0.0.RELEASE.jar;C:\Users\RAZER\.m2\repository\org\springframework\spring-beans\5.0.0.RELEASE\spring-beans-5.0.0.RELEASE.jar;C:\Users\RAZER\.m2\repository\org\springframework\spring-jdbc\5.0.0.RELEASE\spring-jdbc-5.0.0.RELEASE.jar;C:\Users\RAZER\.m2\repository\org\springframework\spring-web\5.0.0.RELEASE\spring-web-5.0.0.RELEASE.jar;C:\Users\RAZER\.m2\repository\org\springframework\spring-webmvc\5.0.0.RELEASE\spring-webmvc-5.0.0.RELEASE.jar;C:\Users\RAZER\.m2\repository\org\aspectj\aspectjweaver\1.8.8\aspectjweaver-1.8.8.jar;C:\Users\RAZER\.m2\repository\commons-fileupload\commons-fileupload\1.3.1\commons-fileupload-1.3.1.jar;C:\Users\RAZER\.m2\repository\javax\servlet\jstl\1.2\jstl-1.2.jar;C:\Users\RAZER\.m2\repository\com\baomidou\mybatis-plus\2.3\mybatis-plus-2.3.jar;C:\Users\RAZER\.m2\repository\com\baomidou\mybatis-plus-support\2.3\mybatis-plus-support-2.3.jar;C:\Users\RAZER\.m2\repository\com\baomidou\mybatis-plus-core\2.3\mybatis-plus-core-2.3.jar;C:\Users\RAZER\.m2\repository\com\github\jsqlparser\jsqlparser\1.1\jsqlparser-1.1.jar;C:\Users\RAZER\.m2\repository\org\mybatis\mybatis-spring\1.3.2\mybatis-spring-1.3.2.jar;C:\Users\RAZER\.m2\repository\org\mybatis\mybatis\3.4.6\mybatis-3.4.6.jar;C:\Users\RAZER\.m2\repository\com\baomidou\mybatis-plus-generate\2.3\mybatis-plus-generate-2.3.jar;C:\Users\RAZER\.m2\repository\mysql\mysql-connector-java\8.0.20\mysql-connector-java-8.0.20.jar;C:\Users\RAZER\.m2\repository\com\google\protobuf\protobuf-java\3.6.1\protobuf-java-3.6.1.jar;C:\Users\RAZER\.m2\repository\com\alibaba\druid\1.1.0\druid-1.1.0.jar;C:\Program Files\Java\jdk1.8.0_333\jdk1.8.0_333\jre\..\lib\jconsole.jar;C:\Program Files\Java\jdk1.8.0_333\jdk1.8.0_333\jre\..\lib\tools.jar;C:\Users\RAZER\.m2\repository\com\alibaba\fastjson\1.2.8\fastjson-1.2.8.jar;C:\Users\RAZER\.m2\repository\log4j\log4j\1.2.17\log4j-1.2.17.jar;C:\Users\RAZER\.m2\repository\org\slf4j\slf4j-api\1.7.19\slf4j-api-1.7.19.jar;C:\Users\RAZER\.m2\repository\org\slf4j\slf4j-log4j12\1.7.19\slf4j-log4j12-1.7.19.jar;C:\Users\RAZER\.m2\repository\org\springframework\spring-test\4.3.18.RELEASE\spring-test-4.3.18.RELEASE.jar;C:\Users\RAZER\.m2\repository\org\apache\commons\commons-lang3\3.0\commons-lang3-3.0.jar;C:\Users\RAZER\.m2\repository\javax\validation\validation-api\2.0.1.Final\validation-api-2.0.1.Final.jar;C:\Users\RAZER\.m2\repository\commons-io\commons-io\2.5\commons-io-2.5.jar;C:\Users\RAZER\.m2\repository\cn\hutool\hutool-all\4.0.12\hutool-all-4.0.12.jar;C:\Users\RAZER\.m2\repository\org\apache\tomcat\embed\tomcat-embed-core\9.0.29\tomcat-embed-core-9.0.29.jar;C:\Users\RAZER\.m2\repository\org\apache\tomcat\tomcat-annotations-api\9.0.29\tomcat-annotations-api-9.0.29.jar;C:\Users\RAZER\.m2\repository\commons-beanutils\commons-beanutils\1.8.0\commons-beanutils-1.8.0.jar;C:\Users\RAZER\.m2\repository\commons-logging\commons-logging\1.1.1\commons-logging-1.1.1.jar;C:\Users\RAZER\.m2\repository\com\baidu\aip\java-sdk\4.4.1\java-sdk-4.4.1.jar;C:\Users\RAZER\.m2\repository\org\json\json\20160810\json-20160810.jar;C:\Users\RAZER\.m2\repository\com\fasterxml\jackson\core\jackson-annotations\2.10.1\jackson-annotations-2.10.1.jar;C:\Users\RAZER\.m2\repository\com\fasterxml\jackson\core\jackson-databind\2.10.1\jackson-databind-2.10.1.jar;C:\Users\RAZER\.m2\repository\com\fasterxml\jackson\core\jackson-core\2.10.1\jackson-core-2.10.1.jar;C:\Users\RAZER\.m2\repository\org\codehaus\jackson\jackson-mapper-asl\1.9.13\jackson-mapper-asl-1.9.13.jar;C:\Users\RAZER\.m2\repository\org\codehaus\jackson\jackson-core-asl\1.9.13\jackson-core-asl-1.9.13.jar;C:\Users\RAZER\.m2\repository\org\apache\poi\poi\3.11\poi-3.11.jar;C:\Users\RAZER\.m2\repository\commons-codec\commons-codec\1.9\commons-codec-1.9.jar;C:\Users\RAZER\.m2\repository\org\apache\poi\poi-ooxml\3.9\poi-ooxml-3.9.jar;C:\Users\RAZER\.m2\repository\org\apache\poi\poi-ooxml-schemas\3.9\poi-ooxml-schemas-3.9.jar;C:\Users\RAZER\.m2\repository\org\apache\xmlbeans\xmlbeans\2.3.0\xmlbeans-2.3.0.jar;C:\Users\RAZER\.m2\repository\stax\stax-api\1.0.1\stax-api-1.0.1.jar;C:\Users\RAZER\.m2\repository\dom4j\dom4j\1.6.1\dom4j-1.6.1.jar;C:\Users\RAZER\.m2\repository\xml-apis\xml-apis\1.0.b2\xml-apis-1.0.b2.jar;, user.name=RAZER, java.vm.specification.version=1.8, sun.java.command=C:\Users\RAZER\Desktop\PetPicJournal\PetPicBackend\target\surefire\surefirebooter2684572050030967239.jar C:\Users\RAZER\Desktop\PetPicJournal\PetPicBackend\target\surefire\surefire5528989024803089364tmp C:\Users\RAZER\Desktop\PetPicJournal\PetPicBackend\target\surefire\surefire_03491191789896222500tmp, java.home=C:\Program Files\Java\jdk1.8.0_333\jdk1.8.0_333\jre, sun.arch.data.model=64, user.language=zh, java.specification.vendor=Oracle Corporation, user.language.format=en, awt.toolkit=sun.awt.windows.WToolkit, java.vm.info=mixed mode, java.version=1.8.0_333, java.ext.dirs=C:\Program Files\Java\jdk1.8.0_333\jdk1.8.0_333\jre\lib\ext;C:\WINDOWS\Sun\Java\lib\ext, sun.boot.class.path=C:\Program Files\Java\jdk1.8.0_333\jdk1.8.0_333\jre\lib\resources.jar;C:\Program Files\Java\jdk1.8.0_333\jdk1.8.0_333\jre\lib\rt.jar;C:\Program Files\Java\jdk1.8.0_333\jdk1.8.0_333\jre\lib\sunrsasign.jar;C:\Program Files\Java\jdk1.8.0_333\jdk1.8.0_333\jre\lib\jsse.jar;C:\Program Files\Java\jdk1.8.0_333\jdk1.8.0_333\jre\lib\jce.jar;C:\Program Files\Java\jdk1.8.0_333\jdk1.8.0_333\jre\lib\charsets.jar;C:\Program Files\Java\jdk1.8.0_333\jdk1.8.0_333\jre\lib\jfr.jar;C:\Program Files\Java\jdk1.8.0_333\jdk1.8.0_333\jre\classes, java.vendor=Oracle Corporation, localRepository=C:\Users\RAZER\.m2\repository, file.separator=\, java.vendor.url.bug=http://bugreport.sun.com/bugreport/, sun.io.unicode.encoding=UnicodeLittle, sun.cpu.endian=little, sun.desktop=windows, sun.cpu.isalist=amd64}}, SystemEnvironmentPropertySource@1495445111 {name=&apos;systemEnvironment&apos;, properties={PATH=C:\Program Files\Java\jdk-11\bin;D:\WINDOWS.X64_213000_db_home\bin;C:\Program Files\Common Files\Oracle\Java\javapath;C:\Program Files (x86)\Common Files\Oracle\Java\javapath;D:\py\anaconda3;D:\py\anaconda3\Library\mingw-w64\bin;D:\py\anaconda3\Library\usr\bin;D:\py\anaconda3\Library\bin;D:\py\anaconda3\Scripts;C:\Windows;C:\Program Files\Java\jdk-11\jdk\bin;C:\Program Files\Java\jdk-11\jdk\jre\bin;C:\Users\RAZER\AppData\Roaming\tc\python-3.6.4;C:\Users\RAZER\AppData\Roaming\tc\python-3.6.4\Scripts;C:\Program Files (x86)\Razer Chroma SDK\bin;C:\Program Files\Razer Chroma SDK\bin;C:\Program Files (x86)\VMware\VMware Workstation\bin\;C:\Program Files\Microsoft MPI\Bin\;C:\Program Files (x86)\Razer\ChromaBroadcast\bin;C:\Program Files\Razer\ChromaBroadcast\bin;C:\Windows\system32;C:\Windows\System32\Wbem;C:\Windows\System32\WindowsPowerShell\v1.0\;C:\Windows\System32\OpenSSH\;C:\Program Files (x86)\NVIDIA Corporation\PhysX\Common;C:\Windows\system32\config\systemprofile\AppData\Local\Microsoft\WindowsApps;C:\Program Files\dotnet\;C:\Program Files\Microsoft SQL Server\130\Tools\Binn\;C:\Users\RAZER\AppData\Local\Microsoft\WindowsApps;C:\Users\RAZER\.dotnet\tools;C:\Program Files (x86)\Tencent\΢��web�����߹���\dll;C:\Pro;ram Files\MATLAB\R2022a\bin;C:\WINDOWS\system32;C:\WINDOWS;C:\WINDOWS\System32\Wbem;C:\WINDOWS\System32\WindowsPowerShell\v1.0\;C:\WINDOWS\System32\OpenSSH\;C:\Program Files\Git\cmd;D:\bysj\mysql-5.7.25-winx64\bin;;C:\Program Files\NVIDIA Corporation\NVIDIA NvDLISR;C:\Users\RAZER\AppData\Local\Programs\Python\Python311\Scripts\;C:\Users\RAZER\AppData\Local\Programs\Python\Python311\;C:\Users\RAZER\AppData\Roaming\tc\python-3.6.4;C:\Users\RAZER\AppData\Roaming\tc\python-3.6.4\Scripts;C:\Users\RAZER\AppData\Local\Microsoft\WindowsApps;C:\Users\RAZER\.dotnet\tools;C:\Users\RAZER\AppData\Local\Programs\Microsoft VS Code\bin;C:\Users\RAZER\AppData\Local\GitHubDesktop\bin;;D:\py\PyCharm Community Edition 2022.2.4\bin;;%PyCharm%, USERDOMAIN_ROAMINGPROFILE=LAPTOP-A7S63IPP, PROCESSOR_LEVEL=6, SYSTEMDRIVE=C:, SESSIONNAME=Console, ALLUSERSPROFILE=C:\ProgramData, PROCESSOR_ARCHITECTURE=AMD64, DRIVERDATA=C:\Windows\System32\Drivers\DriverData, PROGRAMFILES=C:\Program Files, PSMODULEPATH=C:\Program Files\WindowsPowerShell\Modules;C:\WINDOWS\system32\WindowsPowerShell\v1.0\Modules, PROGRAMDATA=C:\ProgramData, USERNAME=RAZER, ONEDRIVE=C:\Users\RAZER\OneDrive, PATHEXT=.COM;.EXE;.BAT;.CMD;.VBS;.VBE;.JS;.JSE;.WSF;.WSH;.MSC, ONEDRIVECONSUMER=C:\Users\RAZER\OneDrive, WINDIR=C:\WINDOWS, HOMEPATH=\Users\RAZER, PROCESSOR_IDENTIFIER=Intel64 Family 6 Model 154 Stepping 3, GenuineIntel, PUBLIC=C:\Users\Public, =::=::\, NVVFX_MODEL_DIR=C:\Program Files\NVIDIA Corporation\NVIDIA Video Effects\models, ZES_ENABLE_SYSMAN=1, PYCHARM COMMUNITY EDITION=D:\py\PyCharm Community Edition 2022.2.4\bin;, LOCALAPPDATA=C:\Users\RAZER\AppData\Local, MSMPI_BIN=C:\Program Files\Microsoft MPI\Bin\, COMMONPROGRAMFILES(X86)=C:\Program Files (x86)\Common Files, USERDOMAIN=LAPTOP-A7S63IPP, LOGONSERVER=\\LAPTOP-A7S63IPP, JAVA_HOME=C:\Program Files\Java\jdk-11\jdk, PROMPT=$P$G, PROGRAMFILES(X86)=C:\Program Files (x86), =C:=C:\Users\RAZER\Desktop\PetPicJournal\PetPicBackend, APPDATA=C:\Users\RAZER\AppData\Roaming, PROGRAMW6432=C:\Program Files, SYSTEMROOT=C:\WINDOWS, OS=Windows_NT, COMMONPROGRAMW6432=C:\Program Files\Common Files, COMPUTERNAME=LAPTOP-A7S63IPP, COMMONPROGRAMFILES=C:\Program Files\Common Files, COMSPEC=C:\WINDOWS\system32\cmd.exe, EFC_35708=1, PROCESSOR_REVISION=9a03, CLASSPATH=.;C:\Program Files\Java\jdk-11\jdk\lib\dt.jar;C:\Program Files\Java\jdk-11\jdklib\tools.jar, TEMP=C:\Users\RAZER\AppData\Local\Temp, HOMEDRIVE=C:, USERPROFILE=C:\Users\RAZER, TMP=C:\Users\RAZER\AppData\Local\Temp, NUMBER_OF_PROCESSORS=20, IDEA_INITIAL_DIRECTORY=C:\Users\RAZER\Desktop}}]
01:23:48.880 [main] DEBUG org.springframework.core.io.support.PathMatchingResourcePatternResolver - Resolved classpath location [com/dao/] to resources [URL [file:/C:/Users/RAZER/Desktop/PetPicJournal/PetPicBackend/target/classes/com/dao/]]
01:23:48.880 [main] DEBUG org.springframework.core.io.support.PathMatchingResourcePatternResolver - Looking for matching resources in directory tree [C:\Users\RAZER\Desktop\PetPicJournal\PetPicBackend\target\classes\com\dao]
01:23:48.881 [main] DEBUG org.springframework.core.io.support.PathMatchingResourcePatternResolver - Searching directory [C:\Users\RAZER\Desktop\PetPicJournal\PetPicBackend\target\classes\com\dao] for files matching pattern [C:/Users/RAZER/Desktop/PetPicJournal/PetPicBackend/target/classes/com/dao/**/*.class]
01:23:48.881 [main] DEBUG org.springframework.core.io.support.PathMatchingResourcePatternResolver - Resolved location pattern [classpath*:com/dao/**/*.class] to resources [file [C:\Users\RAZER\Desktop\PetPicJournal\PetPicBackend\target\classes\com\dao\AboutusDao.class], file [C:\Users\RAZER\Desktop\PetPicJournal\PetPicBackend\target\classes\com\dao\ChatDao.class], file [C:\Users\RAZER\Desktop\PetPicJournal\PetPicBackend\target\classes\com\dao\CommonDao.class], file [C:\Users\RAZER\Desktop\PetPicJournal\PetPicBackend\target\classes\com\dao\ConfigDao.class], file [C:\Users\RAZER\Desktop\PetPicJournal\PetPicBackend\target\classes\com\dao\DiscussPetDao.class], file [C:\Users\RAZER\Desktop\PetPicJournal\PetPicBackend\target\classes\com\dao\ImageClassDao.class], file [C:\Users\RAZER\Desktop\PetPicJournal\PetPicBackend\target\classes\com\dao\LoginUserDao.class], file [C:\Users\RAZER\Desktop\PetPicJournal\PetPicBackend\target\classes\com\dao\NewsDao.class], file [C:\Users\RAZER\Desktop\PetPicJournal\PetPicBackend\target\classes\com\dao\PetImageDao.class], file [C:\Users\RAZER\Desktop\PetPicJournal\PetPicBackend\target\classes\com\dao\StoreupDao.class], file [C:\Users\RAZER\Desktop\PetPicJournal\PetPicBackend\target\classes\com\dao\SystemintroDao.class], file [C:\Users\RAZER\Desktop\PetPicJournal\PetPicBackend\target\classes\com\dao\TokenDao.class], file [C:\Users\RAZER\Desktop\PetPicJournal\PetPicBackend\target\classes\com\dao\UsersDao.class]]
01:23:48.882 [main] DEBUG org.mybatis.spring.mapper.ClassPathMapperScanner - Identified candidate component class: file [C:\Users\RAZER\Desktop\PetPicJournal\PetPicBackend\target\classes\com\dao\AboutusDao.class]
01:23:48.883 [main] DEBUG org.mybatis.spring.mapper.ClassPathMapperScanner - Identified candidate component class: file [C:\Users\RAZER\Desktop\PetPicJournal\PetPicBackend\target\classes\com\dao\ChatDao.class]
01:23:48.883 [main] DEBUG org.mybatis.spring.mapper.ClassPathMapperScanner - Identified candidate component class: file [C:\Users\RAZER\Desktop\PetPicJournal\PetPicBackend\target\classes\com\dao\CommonDao.class]
01:23:48.885 [main] DEBUG org.mybatis.spring.mapper.ClassPathMapperScanner - Identified candidate component class: file [C:\Users\RAZER\Desktop\PetPicJournal\PetPicBackend\target\classes\com\dao\ConfigDao.class]
01:23:48.885 [main] DEBUG org.mybatis.spring.mapper.ClassPathMapperScanner - Identified candidate component class: file [C:\Users\RAZER\Desktop\PetPicJournal\PetPicBackend\target\classes\com\dao\DiscussPetDao.class]
01:23:48.886 [main] DEBUG org.mybatis.spring.mapper.ClassPathMapperScanner - Identified candidate component class: file [C:\Users\RAZER\Desktop\PetPicJournal\PetPicBackend\target\classes\com\dao\ImageClassDao.class]
01:23:48.887 [main] DEBUG org.mybatis.spring.mapper.ClassPathMapperScanner - Identified candidate component class: file [C:\Users\RAZER\Desktop\PetPicJournal\PetPicBackend\target\classes\com\dao\LoginUserDao.class]
01:23:48.887 [main] DEBUG org.mybatis.spring.mapper.ClassPathMapperScanner - Identified candidate component class: file [C:\Users\RAZER\Desktop\PetPicJournal\PetPicBackend\target\classes\com\dao\NewsDao.class]
01:23:48.888 [main] DEBUG org.mybatis.spring.mapper.ClassPathMapperScanner - Identified candidate component class: file [C:\Users\RAZER\Desktop\PetPicJournal\PetPicBackend\target\classes\com\dao\PetImageDao.class]
01:23:48.889 [main] DEBUG org.mybatis.spring.mapper.ClassPathMapperScanner - Identified candidate component class: file [C:\Users\RAZER\Desktop\PetPicJournal\PetPicBackend\target\classes\com\dao\StoreupDao.class]
01:23:48.889 [main] DEBUG org.mybatis.spring.mapper.ClassPathMapperScanner - Identified candidate component class: file [C:\Users\RAZER\Desktop\PetPicJournal\PetPicBackend\target\classes\com\dao\SystemintroDao.class]
01:23:48.890 [main] DEBUG org.mybatis.spring.mapper.ClassPathMapperScanner - Identified candidate component class: file [C:\Users\RAZER\Desktop\PetPicJournal\PetPicBackend\target\classes\com\dao\TokenDao.class]
01:23:48.890 [main] DEBUG org.mybatis.spring.mapper.ClassPathMapperScanner - Identified candidate component class: file [C:\Users\RAZER\Desktop\PetPicJournal\PetPicBackend\target\classes\com\dao\UsersDao.class]
01:23:48.890 [main] DEBUG org.mybatis.spring.mapper.ClassPathMapperScanner - Creating MapperFactoryBean with name &apos;aboutusDao&apos; and &apos;com.dao.AboutusDao&apos; mapperInterface
01:23:48.890 [main] DEBUG org.mybatis.spring.mapper.ClassPathMapperScanner - Enabling autowire by type for MapperFactoryBean with name &apos;aboutusDao&apos;.
01:23:48.890 [main] DEBUG org.mybatis.spring.mapper.ClassPathMapperScanner - Creating MapperFactoryBean with name &apos;chatDao&apos; and &apos;com.dao.ChatDao&apos; mapperInterface
01:23:48.891 [main] DEBUG org.mybatis.spring.mapper.ClassPathMapperScanner - Enabling autowire by type for MapperFactoryBean with name &apos;chatDao&apos;.
01:23:48.891 [main] DEBUG org.mybatis.spring.mapper.ClassPathMapperScanner - Creating MapperFactoryBean with name &apos;commonDao&apos; and &apos;com.dao.CommonDao&apos; mapperInterface
01:23:48.891 [main] DEBUG org.mybatis.spring.mapper.ClassPathMapperScanner - Enabling autowire by type for MapperFactoryBean with name &apos;commonDao&apos;.
01:23:48.891 [main] DEBUG org.mybatis.spring.mapper.ClassPathMapperScanner - Creating MapperFactoryBean with name &apos;configDao&apos; and &apos;com.dao.ConfigDao&apos; mapperInterface
01:23:48.891 [main] DEBUG org.mybatis.spring.mapper.ClassPathMapperScanner - Enabling autowire by type for MapperFactoryBean with name &apos;configDao&apos;.
01:23:48.891 [main] DEBUG org.mybatis.spring.mapper.ClassPathMapperScanner - Creating MapperFactoryBean with name &apos;discussPetDao&apos; and &apos;com.dao.DiscussPetDao&apos; mapperInterface
01:23:48.891 [main] DEBUG org.mybatis.spring.mapper.ClassPathMapperScanner - Enabling autowire by type for MapperFactoryBean with name &apos;discussPetDao&apos;.
01:23:48.891 [main] DEBUG org.mybatis.spring.mapper.ClassPathMapperScanner - Creating MapperFactoryBean with name &apos;imageClassDao&apos; and &apos;com.dao.ImageClassDao&apos; mapperInterface
01:23:48.891 [main] DEBUG org.mybatis.spring.mapper.ClassPathMapperScanner - Enabling autowire by type for MapperFactoryBean with name &apos;imageClassDao&apos;.
01:23:48.891 [main] DEBUG org.mybatis.spring.mapper.ClassPathMapperScanner - Creating MapperFactoryBean with name &apos;loginUserDao&apos; and &apos;com.dao.LoginUserDao&apos; mapperInterface
01:23:48.891 [main] DEBUG org.mybatis.spring.mapper.ClassPathMapperScanner - Enabling autowire by type for MapperFactoryBean with name &apos;loginUserDao&apos;.
01:23:48.891 [main] DEBUG org.mybatis.spring.mapper.ClassPathMapperScanner - Creating MapperFactoryBean with name &apos;newsDao&apos; and &apos;com.dao.NewsDao&apos; mapperInterface
01:23:48.891 [main] DEBUG org.mybatis.spring.mapper.ClassPathMapperScanner - Enabling autowire by type for MapperFactoryBean with name &apos;newsDao&apos;.
01:23:48.891 [main] DEBUG org.mybatis.spring.mapper.ClassPathMapperScanner - Creating MapperFactoryBean with name &apos;petImageDao&apos; and &apos;com.dao.PetImageDao&apos; mapperInterface
01:23:48.891 [main] DEBUG org.mybatis.spring.mapper.ClassPathMapperScanner - Enabling autowire by type for MapperFactoryBean with name &apos;petImageDao&apos;.
01:23:48.891 [main] DEBUG org.mybatis.spring.mapper.ClassPathMapperScanner - Creating MapperFactoryBean with name &apos;storeupDao&apos; and &apos;com.dao.StoreupDao&apos; mapperInterface
01:23:48.891 [main] DEBUG org.mybatis.spring.mapper.ClassPathMapperScanner - Enabling autowire by type for MapperFactoryBean with name &apos;storeupDao&apos;.
01:23:48.891 [main] DEBUG org.mybatis.spring.mapper.ClassPathMapperScanner - Creating MapperFactoryBean with name &apos;systemintroDao&apos; and &apos;com.dao.SystemintroDao&apos; mapperInterface
01:23:48.891 [main] DEBUG org.mybatis.spring.mapper.ClassPathMapperScanner - Enabling autowire by type for MapperFactoryBean with name &apos;systemintroDao&apos;.
01:23:48.891 [main] DEBUG org.mybatis.spring.mapper.ClassPathMapperScanner - Creating MapperFactoryBean with name &apos;tokenDao&apos; and &apos;com.dao.TokenDao&apos; mapperInterface
01:23:48.891 [main] DEBUG org.mybatis.spring.mapper.ClassPathMapperScanner - Enabling autowire by type for MapperFactoryBean with name &apos;tokenDao&apos;.
01:23:48.891 [main] DEBUG org.mybatis.spring.mapper.ClassPathMapperScanner - Creating MapperFactoryBean with name &apos;usersDao&apos; and &apos;com.dao.UsersDao&apos; mapperInterface
01:23:48.891 [main] DEBUG org.mybatis.spring.mapper.ClassPathMapperScanner - Enabling autowire by type for MapperFactoryBean with name &apos;usersDao&apos;.
01:23:48.891 [main] DEBUG org.springframework.beans.factory.support.DefaultListableBeanFactory - Creating shared instance of singleton bean &apos;org.springframework.context.support.PropertySourcesPlaceholderConfigurer#0&apos;
01:23:48.891 [main] DEBUG org.springframework.beans.factory.support.DefaultListableBeanFactory - Creating instance of bean &apos;org.springframework.context.support.PropertySourcesPlaceholderConfigurer#0&apos;
01:23:48.892 [main] DEBUG org.springframework.beans.factory.support.DefaultListableBeanFactory - Eagerly caching bean &apos;org.springframework.context.support.PropertySourcesPlaceholderConfigurer#0&apos; to allow for resolving potential circular references
01:23:48.895 [main] DEBUG org.springframework.beans.factory.support.DefaultListableBeanFactory - Finished creating instance of bean &apos;org.springframework.context.support.PropertySourcesPlaceholderConfigurer#0&apos;
01:23:48.895 [main] DEBUG org.springframework.core.env.MutablePropertySources - Adding PropertySource &apos;environmentProperties&apos; with lowest search precedence
01:23:48.895 [main] DEBUG org.springframework.context.support.PropertySourcesPlaceholderConfigurer - Loading properties file from class path resource [config.properties]
01:23:48.896 [main] DEBUG org.springframework.core.env.MutablePropertySources - Adding PropertySource &apos;localProperties&apos; with lowest search precedence
01:23:48.896 [main] DEBUG org.springframework.core.env.PropertySourcesPropertyResolver - Could not find key &apos;jdbc_url&apos; in any property source
01:23:48.896 [main] DEBUG org.springframework.core.env.PropertySourcesPropertyResolver - Found key &apos;jdbc_url&apos; in PropertySource &apos;localProperties&apos; with value of type String
01:23:48.896 [main] DEBUG org.springframework.core.env.PropertySourcesPropertyResolver - Could not find key &apos;jdbc_username&apos; in any property source
01:23:48.896 [main] DEBUG org.springframework.core.env.PropertySourcesPropertyResolver - Found key &apos;jdbc_username&apos; in PropertySource &apos;localProperties&apos; with value of type String
01:23:48.896 [main] DEBUG org.springframework.core.env.PropertySourcesPropertyResolver - Could not find key &apos;jdbc_password&apos; in any property source
01:23:48.896 [main] DEBUG org.springframework.core.env.PropertySourcesPropertyResolver - Found key &apos;jdbc_password&apos; in PropertySource &apos;localProperties&apos; with value of type String
01:23:48.896 [main] DEBUG org.springframework.core.env.PropertySourcesPropertyResolver - Could not find key &apos;validationQuery&apos; in any property source
01:23:48.896 [main] DEBUG org.springframework.core.env.PropertySourcesPropertyResolver - Found key &apos;validationQuery&apos; in PropertySource &apos;localProperties&apos; with value of type String
01:23:48.898 [main] DEBUG org.springframework.beans.factory.support.DefaultListableBeanFactory - Creating shared instance of singleton bean &apos;org.springframework.context.annotation.internalAutowiredAnnotationProcessor&apos;
01:23:48.898 [main] DEBUG org.springframework.beans.factory.support.DefaultListableBeanFactory - Creating instance of bean &apos;org.springframework.context.annotation.internalAutowiredAnnotationProcessor&apos;
01:23:48.898 [main] DEBUG org.springframework.beans.factory.support.DefaultListableBeanFactory - Eagerly caching bean &apos;org.springframework.context.annotation.internalAutowiredAnnotationProcessor&apos; to allow for resolving potential circular references
01:23:48.901 [main] DEBUG org.springframework.beans.factory.support.DefaultListableBeanFactory - Finished creating instance of bean &apos;org.springframework.context.annotation.internalAutowiredAnnotationProcessor&apos;
01:23:48.901 [main] DEBUG org.springframework.beans.factory.support.DefaultListableBeanFactory - Creating shared instance of singleton bean &apos;org.springframework.context.annotation.internalRequiredAnnotationProcessor&apos;
01:23:48.901 [main] DEBUG org.springframework.beans.factory.support.DefaultListableBeanFactory - Creating instance of bean &apos;org.springframework.context.annotation.internalRequiredAnnotationProcessor&apos;
01:23:48.901 [main] DEBUG org.springframework.beans.factory.support.DefaultListableBeanFactory - Eagerly caching bean &apos;org.springframework.context.annotation.internalRequiredAnnotationProcessor&apos; to allow for resolving potential circular references
01:23:48.903 [main] DEBUG org.springframework.beans.factory.support.DefaultListableBeanFactory - Finished creating instance of bean &apos;org.springframework.context.annotation.internalRequiredAnnotationProcessor&apos;
01:23:48.904 [main] DEBUG org.springframework.beans.factory.support.DefaultListableBeanFactory - Creating shared instance of singleton bean &apos;org.springframework.context.annotation.internalCommonAnnotationProcessor&apos;
01:23:48.904 [main] DEBUG org.springframework.beans.factory.support.DefaultListableBeanFactory - Creating instance of bean &apos;org.springframework.context.annotation.internalCommonAnnotationProcessor&apos;
01:23:48.904 [main] DEBUG org.springframework.beans.factory.support.DefaultListableBeanFactory - Eagerly caching bean &apos;org.springframework.context.annotation.internalCommonAnnotationProcessor&apos; to allow for resolving potential circular references
01:23:48.907 [main] DEBUG org.springframework.beans.factory.support.DefaultListableBeanFactory - Finished creating instance of bean &apos;org.springframework.context.annotation.internalCommonAnnotationProcessor&apos;
01:23:48.907 [main] DEBUG org.springframework.beans.factory.support.DefaultListableBeanFactory - Creating shared instance of singleton bean &apos;org.springframework.aop.config.internalAutoProxyCreator&apos;
01:23:48.907 [main] DEBUG org.springframework.beans.factory.support.DefaultListableBeanFactory - Creating instance of bean &apos;org.springframework.aop.config.internalAutoProxyCreator&apos;
01:23:48.907 [main] DEBUG org.springframework.beans.factory.support.DefaultListableBeanFactory - Eagerly caching bean &apos;org.springframework.aop.config.internalAutoProxyCreator&apos; to allow for resolving potential circular references
01:23:48.911 [main] DEBUG org.springframework.beans.factory.support.DefaultListableBeanFactory - Finished creating instance of bean &apos;org.springframework.aop.config.internalAutoProxyCreator&apos;
01:23:48.911 [main] DEBUG org.springframework.context.support.ClassPathXmlApplicationContext - Unable to locate MessageSource with name &apos;messageSource&apos;: using default [org.springframework.context.support.DelegatingMessageSource@2af616d3]
01:23:48.911 [main] DEBUG org.springframework.context.support.ClassPathXmlApplicationContext - Unable to locate ApplicationEventMulticaster with name &apos;applicationEventMulticaster&apos;: using default [org.springframework.context.event.SimpleApplicationEventMulticaster@71f67a79]
01:23:48.911 [main] DEBUG org.springframework.beans.factory.support.DefaultListableBeanFactory - Pre-instantiating singletons in org.springframework.beans.factory.support.DefaultListableBeanFactory@780ec4a5: defining beans [org.springframework.context.support.PropertySourcesPlaceholderConfigurer#0,aboutusService,chatService,commonService,configService,discussService,imageclassService,userService,newsService,petImageService,storeupService,systemintroService,tokenService,usersService,org.springframework.context.annotation.internalConfigurationAnnotationProcessor,org.springframework.context.annotation.internalAutowiredAnnotationProcessor,org.springframework.context.annotation.internalRequiredAnnotationProcessor,org.springframework.context.annotation.internalCommonAnnotationProcessor,org.springframework.context.event.internalEventListenerProcessor,org.springframework.context.event.internalEventListenerFactory,dataSource,sqlSessionFactory,globalConfig,org.mybatis.spring.mapper.MapperScannerConfigurer#0,transactionManager,transactionAdvice,org.springframework.aop.config.internalAutoProxyCreator,transactionPointcut,org.springframework.aop.support.DefaultBeanFactoryPointcutAdvisor#0,aboutusDao,chatDao,commonDao,configDao,discussPetDao,imageClassDao,loginUserDao,newsDao,petImageDao,storeupDao,systemintroDao,tokenDao,usersDao]; root of factory hierarchy
01:23:48.911 [main] DEBUG org.springframework.beans.factory.support.DefaultListableBeanFactory - Returning cached instance of singleton bean &apos;org.springframework.context.support.PropertySourcesPlaceholderConfigurer#0&apos;
01:23:48.911 [main] DEBUG org.springframework.beans.factory.support.DefaultListableBeanFactory - Creating shared instance of singleton bean &apos;aboutusService&apos;
01:23:48.911 [main] DEBUG org.springframework.beans.factory.support.DefaultListableBeanFactory - Creating instance of bean &apos;aboutusService&apos;
01:23:48.911 [main] DEBUG org.springframework.beans.factory.support.DefaultListableBeanFactory - Creating shared instance of singleton bean &apos;org.springframework.aop.support.DefaultBeanFactoryPointcutAdvisor#0&apos;
01:23:48.911 [main] DEBUG org.springframework.beans.factory.support.DefaultListableBeanFactory - Creating instance of bean &apos;org.springframework.aop.support.DefaultBeanFactoryPointcutAdvisor#0&apos;
01:23:48.912 [main] DEBUG org.springframework.beans.factory.support.DefaultListableBeanFactory - Eagerly caching bean &apos;org.springframework.aop.support.DefaultBeanFactoryPointcutAdvisor#0&apos; to allow for resolving potential circular references
01:23:48.914 [main] DEBUG org.springframework.beans.factory.support.DefaultListableBeanFactory - Creating instance of bean &apos;transactionPointcut&apos;
01:23:48.917 [main] DEBUG org.springframework.beans.factory.support.DefaultListableBeanFactory - Finished creating instance of bean &apos;transactionPointcut&apos;
01:23:48.917 [main] DEBUG org.springframework.beans.factory.support.DefaultListableBeanFactory - Finished creating instance of bean &apos;org.springframework.aop.support.DefaultBeanFactoryPointcutAdvisor#0&apos;
01:23:48.918 [main] DEBUG org.springframework.beans.factory.annotation.InjectionMetadata - Registered injected element on class [com.service.impl.AboutusServiceImpl]: AutowiredFieldElement for protected com.baomidou.mybatisplus.mapper.BaseMapper com.baomidou.mybatisplus.service.impl.ServiceImpl.baseMapper
01:23:48.918 [main] DEBUG org.springframework.beans.factory.support.DefaultListableBeanFactory - Eagerly caching bean &apos;aboutusService&apos; to allow for resolving potential circular references
01:23:48.920 [main] DEBUG org.springframework.beans.factory.annotation.InjectionMetadata - Processing injected element of bean &apos;aboutusService&apos;: AutowiredFieldElement for protected com.baomidou.mybatisplus.mapper.BaseMapper com.baomidou.mybatisplus.service.impl.ServiceImpl.baseMapper
01:23:48.920 [main] DEBUG org.springframework.core.annotation.AnnotationUtils - Failed to meta-introspect annotation [interface org.springframework.beans.factory.annotation.Autowired]: java.lang.IllegalArgumentException: Annotation must not be null
01:23:48.920 [main] DEBUG org.springframework.beans.factory.support.DefaultListableBeanFactory - Returning cached instance of singleton bean &apos;org.springframework.aop.support.DefaultBeanFactoryPointcutAdvisor#0&apos;
01:23:48.920 [main] DEBUG org.springframework.beans.factory.support.DefaultListableBeanFactory - Returning cached instance of singleton bean &apos;org.springframework.aop.support.DefaultBeanFactoryPointcutAdvisor#0&apos;
01:23:48.921 [main] DEBUG org.springframework.beans.factory.support.DefaultListableBeanFactory - Returning cached instance of singleton bean &apos;org.springframework.aop.support.DefaultBeanFactoryPointcutAdvisor#0&apos;
01:23:48.922 [main] DEBUG org.springframework.beans.factory.support.DefaultListableBeanFactory - Returning cached instance of singleton bean &apos;org.springframework.aop.support.DefaultBeanFactoryPointcutAdvisor#0&apos;
01:23:48.922 [main] DEBUG org.springframework.beans.factory.support.DefaultListableBeanFactory - Returning cached instance of singleton bean &apos;org.springframework.aop.support.DefaultBeanFactoryPointcutAdvisor#0&apos;
01:23:48.922 [main] DEBUG org.springframework.beans.factory.support.DefaultListableBeanFactory - Returning cached instance of singleton bean &apos;org.springframework.aop.support.DefaultBeanFactoryPointcutAdvisor#0&apos;
01:23:48.922 [main] DEBUG org.springframework.beans.factory.support.DefaultListableBeanFactory - Returning cached instance of singleton bean &apos;org.springframework.aop.support.DefaultBeanFactoryPointcutAdvisor#0&apos;
01:23:48.923 [main] DEBUG org.springframework.beans.factory.support.DefaultListableBeanFactory - Returning cached instance of singleton bean &apos;org.springframework.aop.support.DefaultBeanFactoryPointcutAdvisor#0&apos;
01:23:48.923 [main] DEBUG org.springframework.beans.factory.support.DefaultListableBeanFactory - Returning cached instance of singleton bean &apos;org.springframework.aop.support.DefaultBeanFactoryPointcutAdvisor#0&apos;
01:23:48.923 [main] DEBUG org.springframework.beans.factory.support.DefaultListableBeanFactory - Returning cached instance of singleton bean &apos;org.springframework.aop.support.DefaultBeanFactoryPointcutAdvisor#0&apos;
01:23:48.923 [main] DEBUG org.springframework.beans.factory.support.DefaultListableBeanFactory - Returning cached instance of singleton bean &apos;org.springframework.aop.support.DefaultBeanFactoryPointcutAdvisor#0&apos;
01:23:48.923 [main] DEBUG org.springframework.beans.factory.support.DefaultListableBeanFactory - Returning cached instance of singleton bean &apos;org.springframework.aop.support.DefaultBeanFactoryPointcutAdvisor#0&apos;
01:23:48.923 [main] DEBUG org.springframework.beans.factory.support.DefaultListableBeanFactory - Returning cached instance of singleton bean &apos;org.springframework.aop.support.DefaultBeanFactoryPointcutAdvisor#0&apos;
01:23:48.923 [main] DEBUG org.springframework.beans.factory.support.DefaultListableBeanFactory - Returning cached instance of singleton bean &apos;org.springframework.aop.support.DefaultBeanFactoryPointcutAdvisor#0&apos;
01:23:48.924 [main] DEBUG org.springframework.beans.factory.support.DefaultListableBeanFactory - Creating shared instance of singleton bean &apos;aboutusDao&apos;
01:23:48.924 [main] DEBUG org.springframework.beans.factory.support.DefaultListableBeanFactory - Creating instance of bean &apos;aboutusDao&apos;
01:23:48.924 [main] DEBUG org.springframework.beans.factory.support.DefaultListableBeanFactory - Returning cached instance of singleton bean &apos;org.springframework.aop.support.DefaultBeanFactoryPointcutAdvisor#0&apos;
01:23:48.924 [main] DEBUG org.springframework.beans.factory.support.DefaultListableBeanFactory - Eagerly caching bean &apos;aboutusDao&apos; to allow for resolving potential circular references
01:23:48.926 [main] DEBUG org.springframework.beans.factory.support.DefaultListableBeanFactory - Creating shared instance of singleton bean &apos;sqlSessionFactory&apos;
01:23:48.926 [main] DEBUG org.springframework.beans.factory.support.DefaultListableBeanFactory - Creating instance of bean &apos;sqlSessionFactory&apos;
01:23:48.926 [main] DEBUG org.springframework.beans.factory.support.DefaultListableBeanFactory - Returning cached instance of singleton bean &apos;org.springframework.aop.support.DefaultBeanFactoryPointcutAdvisor#0&apos;
01:23:48.926 [main] DEBUG org.springframework.beans.factory.support.DefaultListableBeanFactory - Eagerly caching bean &apos;sqlSessionFactory&apos; to allow for resolving potential circular references
01:23:48.928 [main] DEBUG org.springframework.beans.factory.support.DefaultListableBeanFactory - Creating shared instance of singleton bean &apos;dataSource&apos;
01:23:48.928 [main] DEBUG org.springframework.beans.factory.support.DefaultListableBeanFactory - Creating instance of bean &apos;dataSource&apos;
01:23:48.928 [main] DEBUG org.springframework.beans.factory.support.DefaultListableBeanFactory - Returning cached instance of singleton bean &apos;org.springframework.aop.support.DefaultBeanFactoryPointcutAdvisor#0&apos;
01:23:48.929 [main] DEBUG org.springframework.beans.factory.support.DefaultListableBeanFactory - Eagerly caching bean &apos;dataSource&apos; to allow for resolving potential circular references
2023-10-17 01:23:48 -2235 [main] ERROR   - maxIdle is deprecated
01:23:48.939 [main] DEBUG org.springframework.beans.factory.support.DefaultListableBeanFactory - Invoking init method  &apos;init&apos; on bean with name &apos;dataSource&apos;
2023-10-17 01:23:48 -2240 [main] INFO    - {dataSource-3} inited
01:23:48.945 [main] DEBUG org.springframework.beans.factory.support.DefaultListableBeanFactory - Returning cached instance of singleton bean &apos;org.springframework.aop.support.DefaultBeanFactoryPointcutAdvisor#0&apos;
01:23:48.945 [main] DEBUG org.springframework.beans.factory.support.DefaultListableBeanFactory - Returning cached instance of singleton bean &apos;org.springframework.aop.support.DefaultBeanFactoryPointcutAdvisor#0&apos;
01:23:48.950 [main] DEBUG org.springframework.beans.factory.support.DefaultListableBeanFactory - Finished creating instance of bean &apos;dataSource&apos;
01:23:48.951 [main] DEBUG org.springframework.core.io.support.PathMatchingResourcePatternResolver - Looking for matching resources in directory tree [C:\Users\RAZER\Desktop\PetPicJournal\PetPicBackend\target\classes\mapper]
01:23:48.951 [main] DEBUG org.springframework.core.io.support.PathMatchingResourcePatternResolver - Searching directory [C:\Users\RAZER\Desktop\PetPicJournal\PetPicBackend\target\classes\mapper] for files matching pattern [C:/Users/RAZER/Desktop/PetPicJournal/PetPicBackend/target/classes/mapper/*.xml]
01:23:48.952 [main] DEBUG org.springframework.core.io.support.PathMatchingResourcePatternResolver - Resolved location pattern [classpath:mapper/*.xml] to resources [file [C:\Users\RAZER\Desktop\PetPicJournal\PetPicBackend\target\classes\mapper\AboutusDao.xml], file [C:\Users\RAZER\Desktop\PetPicJournal\PetPicBackend\target\classes\mapper\ChatDao.xml], file [C:\Users\RAZER\Desktop\PetPicJournal\PetPicBackend\target\classes\mapper\CommonDao.xml], file [C:\Users\RAZER\Desktop\PetPicJournal\PetPicBackend\target\classes\mapper\ConfigDao.xml], file [C:\Users\RAZER\Desktop\PetPicJournal\PetPicBackend\target\classes\mapper\DiscussPetDao.xml], file [C:\Users\RAZER\Desktop\PetPicJournal\PetPicBackend\target\classes\mapper\ImageClassDao.xml], file [C:\Users\RAZER\Desktop\PetPicJournal\PetPicBackend\target\classes\mapper\LoginUserDao.xml], file [C:\Users\RAZER\Desktop\PetPicJournal\PetPicBackend\target\classes\mapper\NewsDao.xml], file [C:\Users\RAZER\Desktop\PetPicJournal\PetPicBackend\target\classes\mapper\PetImageDao.xml], file [C:\Users\RAZER\Desktop\PetPicJournal\PetPicBackend\target\classes\mapper\StoreupDao.xml], file [C:\Users\RAZER\Desktop\PetPicJournal\PetPicBackend\target\classes\mapper\SystemintroDao.xml], file [C:\Users\RAZER\Desktop\PetPicJournal\PetPicBackend\target\classes\mapper\TokenDao.xml], file [C:\Users\RAZER\Desktop\PetPicJournal\PetPicBackend\target\classes\mapper\UsersDao.xml]]
01:23:48.953 [main] DEBUG org.springframework.beans.factory.support.DefaultListableBeanFactory - Creating instance of bean &apos;paginationInterceptor&apos;
01:23:48.953 [main] DEBUG org.springframework.beans.factory.support.DefaultListableBeanFactory - Returning cached instance of singleton bean &apos;org.springframework.aop.support.DefaultBeanFactoryPointcutAdvisor#0&apos;
01:23:48.954 [main] DEBUG org.springframework.beans.factory.support.DefaultListableBeanFactory - Returning cached instance of singleton bean &apos;org.springframework.aop.support.DefaultBeanFactoryPointcutAdvisor#0&apos;
01:23:48.954 [main] DEBUG org.springframework.beans.factory.support.DefaultListableBeanFactory - Returning cached instance of singleton bean &apos;org.springframework.aop.support.DefaultBeanFactoryPointcutAdvisor#0&apos;
01:23:48.955 [main] DEBUG org.springframework.beans.factory.support.DefaultListableBeanFactory - Finished creating instance of bean &apos;paginationInterceptor&apos;
01:23:48.955 [main] DEBUG org.springframework.beans.factory.support.DefaultListableBeanFactory - Creating shared instance of singleton bean &apos;globalConfig&apos;
01:23:48.955 [main] DEBUG org.springframework.beans.factory.support.DefaultListableBeanFactory - Creating instance of bean &apos;globalConfig&apos;
01:23:48.955 [main] DEBUG org.springframework.beans.factory.support.DefaultListableBeanFactory - Returning cached instance of singleton bean &apos;org.springframework.aop.support.DefaultBeanFactoryPointcutAdvisor#0&apos;
01:23:48.955 [main] DEBUG org.springframework.beans.factory.support.DefaultListableBeanFactory - Eagerly caching bean &apos;globalConfig&apos; to allow for resolving potential circular references
01:23:48.956 [main] DEBUG org.springframework.beans.factory.support.DefaultListableBeanFactory - Creating instance of bean &apos;com.config.MyMetaObjectHandler#4eeea57d&apos;
01:23:48.956 [main] DEBUG org.springframework.beans.factory.support.DefaultListableBeanFactory - Returning cached instance of singleton bean &apos;org.springframework.aop.support.DefaultBeanFactoryPointcutAdvisor#0&apos;
01:23:48.957 [main] DEBUG org.springframework.beans.factory.support.DefaultListableBeanFactory - Returning cached instance of singleton bean &apos;org.springframework.aop.support.DefaultBeanFactoryPointcutAdvisor#0&apos;
01:23:48.957 [main] DEBUG org.springframework.beans.factory.support.DefaultListableBeanFactory - Returning cached instance of singleton bean &apos;org.springframework.aop.support.DefaultBeanFactoryPointcutAdvisor#0&apos;
01:23:48.957 [main] DEBUG org.springframework.beans.factory.support.DefaultListableBeanFactory - Finished creating instance of bean &apos;com.config.MyMetaObjectHandler#4eeea57d&apos;
01:23:48.957 [main] DEBUG org.springframework.beans.factory.support.DefaultListableBeanFactory - Returning cached instance of singleton bean &apos;org.springframework.aop.support.DefaultBeanFactoryPointcutAdvisor#0&apos;
01:23:48.957 [main] DEBUG org.springframework.beans.factory.support.DefaultListableBeanFactory - Returning cached instance of singleton bean &apos;org.springframework.aop.support.DefaultBeanFactoryPointcutAdvisor#0&apos;
01:23:48.958 [main] DEBUG org.springframework.beans.factory.support.DefaultListableBeanFactory - Finished creating instance of bean &apos;globalConfig&apos;
01:23:48.958 [main] DEBUG org.springframework.beans.factory.support.DefaultListableBeanFactory - Invoking afterPropertiesSet() on bean with name &apos;sqlSessionFactory&apos;
01:23:48.961 [main] DEBUG com.baomidou.mybatisplus.toolkit.GlobalConfigUtils - DeBug: MyBatis Plus Global configuration Initializing !
01:23:48.961 [main] DEBUG com.baomidou.mybatisplus.MybatisConfiguration - addMappedStatement: com.baomidou.mybatisplus.mapper.SqlRunner.SelectList
01:23:48.961 [main] DEBUG com.baomidou.mybatisplus.MybatisConfiguration - addMappedStatement: com.baomidou.mybatisplus.mapper.SqlRunner.SelectObjs
01:23:48.961 [main] DEBUG com.baomidou.mybatisplus.MybatisConfiguration - addMappedStatement: com.baomidou.mybatisplus.mapper.SqlRunner.Insert
01:23:48.961 [main] DEBUG com.baomidou.mybatisplus.MybatisConfiguration - addMappedStatement: com.baomidou.mybatisplus.mapper.SqlRunner.Update
01:23:48.961 [main] DEBUG com.baomidou.mybatisplus.MybatisConfiguration - addMappedStatement: com.baomidou.mybatisplus.mapper.SqlRunner.Delete
01:23:48.961 [main] DEBUG com.baomidou.mybatisplus.MybatisConfiguration - addMappedStatement: com.baomidou.mybatisplus.mapper.SqlRunner.Count
01:23:48.961 [main] DEBUG com.baomidou.mybatisplus.MybatisConfiguration - Mybatis-plus init success.
01:23:48.962 [main] DEBUG org.springframework.core.io.support.PathMatchingResourcePatternResolver - Resolved classpath location [com//model/] to resources [URL [file:/C:/Users/RAZER/Desktop/PetPicJournal/PetPicBackend/target/classes/com//model/]]
01:23:48.962 [main] DEBUG org.springframework.core.io.support.PathMatchingResourcePatternResolver - Looking for matching resources in directory tree [C:\Users\RAZER\Desktop\PetPicJournal\PetPicBackend\target\classes\com\model]
01:23:48.962 [main] DEBUG org.springframework.core.io.support.PathMatchingResourcePatternResolver - Searching directory [C:\Users\RAZER\Desktop\PetPicJournal\PetPicBackend\target\classes\com\model] for files matching pattern [C:/Users/RAZER/Desktop/PetPicJournal/PetPicBackend/target/classes/com/model/*/*.class]
01:23:48.962 [main] DEBUG org.springframework.core.io.support.PathMatchingResourcePatternResolver - Searching directory [C:\Users\RAZER\Desktop\PetPicJournal\PetPicBackend\target\classes\com\model\enums] for files matching pattern [C:/Users/RAZER/Desktop/PetPicJournal/PetPicBackend/target/classes/com/model/*/*.class]
01:23:48.963 [main] DEBUG org.springframework.core.io.support.PathMatchingResourcePatternResolver - Resolved location pattern [classpath*:com//model/*/*.class] to resources [file [C:\Users\RAZER\Desktop\PetPicJournal\PetPicBackend\target\classes\com\model\enums\TypeEnum.class]]
01:23:48.964 [main] DEBUG org.apache.ibatis.io.DefaultVFS - Find JAR URL: file:/C:/Users/RAZER/Desktop/PetPicJournal/PetPicBackend/target/classes/com/model/enums
01:23:48.964 [main] DEBUG org.apache.ibatis.io.DefaultVFS - Not a JAR: file:/C:/Users/RAZER/Desktop/PetPicJournal/PetPicBackend/target/classes/com/model/enums
01:23:48.964 [main] DEBUG org.apache.ibatis.io.DefaultVFS - Reader entry: TypeEnum.class
01:23:48.965 [main] DEBUG org.apache.ibatis.io.DefaultVFS - Listing file:/C:/Users/RAZER/Desktop/PetPicJournal/PetPicBackend/target/classes/com/model/enums
01:23:48.965 [main] DEBUG org.apache.ibatis.io.DefaultVFS - Find JAR URL: file:/C:/Users/RAZER/Desktop/PetPicJournal/PetPicBackend/target/classes/com/model/enums/TypeEnum.class
01:23:48.965 [main] DEBUG org.apache.ibatis.io.DefaultVFS - Not a JAR: file:/C:/Users/RAZER/Desktop/PetPicJournal/PetPicBackend/target/classes/com/model/enums/TypeEnum.class
01:23:48.965 [main] DEBUG org.apache.ibatis.io.DefaultVFS - Reader entry: ����&amp;#0;&amp;#0;&amp;#0;4&amp;#0;G	&amp;#0;&amp;#4;&amp;#0;1
01:23:48.966 [main] DEBUG org.apache.ibatis.io.ResolverUtil - Checking to see if class com.model.enums.TypeEnum matches criteria [is assignable to Object]
01:23:48.966 [main] DEBUG org.mybatis.spring.SqlSessionFactoryBean - Scanned package: &apos;com.model.enums&apos; for aliases
01:23:48.966 [main] DEBUG org.springframework.core.io.support.PathMatchingResourcePatternResolver - Resolved classpath location [com/model/enums/] to resources [URL [file:/C:/Users/RAZER/Desktop/PetPicJournal/PetPicBackend/target/classes/com/model/enums/]]
01:23:48.966 [main] DEBUG org.springframework.core.io.support.PathMatchingResourcePatternResolver - Looking for matching resources in directory tree [C:\Users\RAZER\Desktop\PetPicJournal\PetPicBackend\target\classes\com\model\enums]
01:23:48.966 [main] DEBUG org.springframework.core.io.support.PathMatchingResourcePatternResolver - Searching directory [C:\Users\RAZER\Desktop\PetPicJournal\PetPicBackend\target\classes\com\model\enums] for files matching pattern [C:/Users/RAZER/Desktop/PetPicJournal/PetPicBackend/target/classes/com/model/enums/*.class]
01:23:48.967 [main] DEBUG org.springframework.core.io.support.PathMatchingResourcePatternResolver - Resolved location pattern [classpath*:com/model/enums/*.class] to resources [file [C:\Users\RAZER\Desktop\PetPicJournal\PetPicBackend\target\classes\com\model\enums\TypeEnum.class]]
01:23:48.973 [main] DEBUG org.mybatis.spring.SqlSessionFactoryBean - Registered plugin: &apos;com.baomidou.mybatisplus.plugins.PaginationInterceptor@52350abb&apos;
01:23:48.975 [main] DEBUG org.mybatis.spring.SqlSessionFactoryBean - Parsed configuration file: &apos;class path resource [mybatis/mybatis-config.xml]&apos;
01:23:48.983 [main] DEBUG com.baomidou.mybatisplus.MybatisConfiguration - addMappedStatement: com.dao.AboutusDao.selectListVO
01:23:48.983 [main] DEBUG com.baomidou.mybatisplus.MybatisConfiguration - addMappedStatement: com.dao.AboutusDao.selectVO
01:23:48.983 [main] DEBUG com.baomidou.mybatisplus.MybatisConfiguration - addMappedStatement: com.dao.AboutusDao.selectListView
01:23:48.983 [main] DEBUG com.baomidou.mybatisplus.MybatisConfiguration - addMappedStatement: com.dao.AboutusDao.selectView
01:23:48.985 [main] DEBUG com.baomidou.mybatisplus.MybatisConfiguration - addMappedStatement: com.dao.AboutusDao.deleteById
01:23:48.985 [main] DEBUG com.baomidou.mybatisplus.MybatisConfiguration - addMappedStatement: com.dao.AboutusDao.deleteBatchIds
01:23:48.986 [main] DEBUG com.baomidou.mybatisplus.MybatisConfiguration - addMappedStatement: com.dao.AboutusDao.updateById
01:23:48.987 [main] DEBUG com.baomidou.mybatisplus.MybatisConfiguration - addMappedStatement: com.dao.AboutusDao.updateAllColumnById
01:23:48.987 [main] DEBUG com.baomidou.mybatisplus.MybatisConfiguration - addMappedStatement: com.dao.AboutusDao.selectById
01:23:48.988 [main] DEBUG com.baomidou.mybatisplus.MybatisConfiguration - addMappedStatement: com.dao.AboutusDao.selectBatchIds
01:23:48.989 [main] DEBUG com.baomidou.mybatisplus.MybatisConfiguration - addMappedStatement: com.dao.AboutusDao.insert
01:23:48.989 [main] DEBUG com.baomidou.mybatisplus.MybatisConfiguration - addMappedStatement: com.dao.AboutusDao.insertAllColumn
01:23:48.990 [main] DEBUG com.baomidou.mybatisplus.MybatisConfiguration - addMappedStatement: com.dao.AboutusDao.delete
01:23:48.991 [main] DEBUG com.baomidou.mybatisplus.MybatisConfiguration - addMappedStatement: com.dao.AboutusDao.deleteByMap
01:23:48.992 [main] DEBUG com.baomidou.mybatisplus.MybatisConfiguration - addMappedStatement: com.dao.AboutusDao.update
01:23:48.994 [main] DEBUG com.baomidou.mybatisplus.MybatisConfiguration - addMappedStatement: com.dao.AboutusDao.updateForSet
01:23:48.995 [main] DEBUG com.baomidou.mybatisplus.MybatisConfiguration - addMappedStatement: com.dao.AboutusDao.selectByMap
01:23:48.996 [main] DEBUG com.baomidou.mybatisplus.MybatisConfiguration - addMappedStatement: com.dao.AboutusDao.selectOne
01:23:48.998 [main] DEBUG com.baomidou.mybatisplus.MybatisConfiguration - addMappedStatement: com.dao.AboutusDao.selectCount
01:23:48.999 [main] DEBUG com.baomidou.mybatisplus.MybatisConfiguration - addMappedStatement: com.dao.AboutusDao.selectList
01:23:49.000 [main] DEBUG com.baomidou.mybatisplus.MybatisConfiguration - addMappedStatement: com.dao.AboutusDao.selectPage
01:23:49.002 [main] DEBUG com.baomidou.mybatisplus.MybatisConfiguration - addMappedStatement: com.dao.AboutusDao.selectMaps
01:23:49.004 [main] DEBUG com.baomidou.mybatisplus.MybatisConfiguration - addMappedStatement: com.dao.AboutusDao.selectMapsPage
01:23:49.006 [main] DEBUG com.baomidou.mybatisplus.MybatisConfiguration - addMappedStatement: com.dao.AboutusDao.selectObjs
01:23:49.006 [main] DEBUG org.mybatis.spring.SqlSessionFactoryBean - Parsed mapper file: &apos;file [C:\Users\RAZER\Desktop\PetPicJournal\PetPicBackend\target\classes\mapper\AboutusDao.xml]&apos;
01:23:49.013 [main] DEBUG com.baomidou.mybatisplus.MybatisConfiguration - addMappedStatement: com.dao.ChatDao.selectListVO
01:23:49.013 [main] DEBUG com.baomidou.mybatisplus.MybatisConfiguration - addMappedStatement: com.dao.ChatDao.selectVO
01:23:49.013 [main] DEBUG com.baomidou.mybatisplus.MybatisConfiguration - addMappedStatement: com.dao.ChatDao.selectListView
01:23:49.014 [main] DEBUG com.baomidou.mybatisplus.MybatisConfiguration - addMappedStatement: com.dao.ChatDao.selectView
01:23:49.016 [main] DEBUG com.baomidou.mybatisplus.MybatisConfiguration - addMappedStatement: com.dao.ChatDao.deleteById
01:23:49.017 [main] DEBUG com.baomidou.mybatisplus.MybatisConfiguration - addMappedStatement: com.dao.ChatDao.deleteBatchIds
01:23:49.018 [main] DEBUG com.baomidou.mybatisplus.MybatisConfiguration - addMappedStatement: com.dao.ChatDao.updateById
01:23:49.020 [main] DEBUG com.baomidou.mybatisplus.MybatisConfiguration - addMappedStatement: com.dao.ChatDao.updateAllColumnById
01:23:49.020 [main] DEBUG com.baomidou.mybatisplus.MybatisConfiguration - addMappedStatement: com.dao.ChatDao.selectById
01:23:49.021 [main] DEBUG com.baomidou.mybatisplus.MybatisConfiguration - addMappedStatement: com.dao.ChatDao.selectBatchIds
01:23:49.021 [main] DEBUG com.baomidou.mybatisplus.MybatisConfiguration - addMappedStatement: com.dao.ChatDao.insert
01:23:49.022 [main] DEBUG com.baomidou.mybatisplus.MybatisConfiguration - addMappedStatement: com.dao.ChatDao.insertAllColumn
01:23:49.023 [main] DEBUG com.baomidou.mybatisplus.MybatisConfiguration - addMappedStatement: com.dao.ChatDao.delete
01:23:49.025 [main] DEBUG com.baomidou.mybatisplus.MybatisConfiguration - addMappedStatement: com.dao.ChatDao.deleteByMap
01:23:49.026 [main] DEBUG com.baomidou.mybatisplus.MybatisConfiguration - addMappedStatement: com.dao.ChatDao.update
01:23:49.027 [main] DEBUG com.baomidou.mybatisplus.MybatisConfiguration - addMappedStatement: com.dao.ChatDao.updateForSet
01:23:49.029 [main] DEBUG com.baomidou.mybatisplus.MybatisConfiguration - addMappedStatement: com.dao.ChatDao.selectByMap
01:23:49.030 [main] DEBUG com.baomidou.mybatisplus.MybatisConfiguration - addMappedStatement: com.dao.ChatDao.selectOne
01:23:49.031 [main] DEBUG com.baomidou.mybatisplus.MybatisConfiguration - addMappedStatement: com.dao.ChatDao.selectCount
01:23:49.032 [main] DEBUG com.baomidou.mybatisplus.MybatisConfiguration - addMappedStatement: com.dao.ChatDao.selectList
01:23:49.033 [main] DEBUG com.baomidou.mybatisplus.MybatisConfiguration - addMappedStatement: com.dao.ChatDao.selectPage
01:23:49.034 [main] DEBUG com.baomidou.mybatisplus.MybatisConfiguration - addMappedStatement: com.dao.ChatDao.selectMaps
01:23:49.035 [main] DEBUG com.baomidou.mybatisplus.MybatisConfiguration - addMappedStatement: com.dao.ChatDao.selectMapsPage
01:23:49.036 [main] DEBUG com.baomidou.mybatisplus.MybatisConfiguration - addMappedStatement: com.dao.ChatDao.selectObjs
01:23:49.036 [main] DEBUG org.mybatis.spring.SqlSessionFactoryBean - Parsed mapper file: &apos;file [C:\Users\RAZER\Desktop\PetPicJournal\PetPicBackend\target\classes\mapper\ChatDao.xml]&apos;
01:23:49.042 [main] DEBUG com.baomidou.mybatisplus.MybatisConfiguration - addMappedStatement: com.dao.CommonDao.getOption
01:23:49.042 [main] DEBUG com.baomidou.mybatisplus.MybatisConfiguration - addMappedStatement: com.dao.CommonDao.getFollowByOption
01:23:49.042 [main] DEBUG com.baomidou.mybatisplus.MybatisConfiguration - addMappedStatement: com.dao.CommonDao.sh
01:23:49.043 [main] DEBUG com.baomidou.mybatisplus.MybatisConfiguration - addMappedStatement: com.dao.CommonDao.remindCount
01:23:49.043 [main] DEBUG com.baomidou.mybatisplus.MybatisConfiguration - addMappedStatement: com.dao.CommonDao.selectCal
01:23:49.043 [main] DEBUG com.baomidou.mybatisplus.MybatisConfiguration - addMappedStatement: com.dao.CommonDao.selectGroup
01:23:49.044 [main] DEBUG com.baomidou.mybatisplus.MybatisConfiguration - addMappedStatement: com.dao.CommonDao.selectValue
01:23:49.044 [main] DEBUG com.baomidou.mybatisplus.MybatisConfiguration - addMappedStatement: com.dao.CommonDao.selectTimeStatValue
01:23:49.044 [main] DEBUG org.mybatis.spring.SqlSessionFactoryBean - Parsed mapper file: &apos;file [C:\Users\RAZER\Desktop\PetPicJournal\PetPicBackend\target\classes\mapper\CommonDao.xml]&apos;
01:23:49.052 [main] DEBUG com.baomidou.mybatisplus.MybatisConfiguration - addMappedStatement: com.dao.ConfigDao.deleteById
01:23:49.053 [main] DEBUG com.baomidou.mybatisplus.MybatisConfiguration - addMappedStatement: com.dao.ConfigDao.deleteBatchIds
01:23:49.055 [main] DEBUG com.baomidou.mybatisplus.MybatisConfiguration - addMappedStatement: com.dao.ConfigDao.updateById
01:23:49.056 [main] DEBUG com.baomidou.mybatisplus.MybatisConfiguration - addMappedStatement: com.dao.ConfigDao.updateAllColumnById
01:23:49.056 [main] DEBUG com.baomidou.mybatisplus.MybatisConfiguration - addMappedStatement: com.dao.ConfigDao.selectById
01:23:49.057 [main] DEBUG com.baomidou.mybatisplus.MybatisConfiguration - addMappedStatement: com.dao.ConfigDao.selectBatchIds
01:23:49.059 [main] DEBUG com.baomidou.mybatisplus.MybatisConfiguration - addMappedStatement: com.dao.ConfigDao.insert
01:23:49.060 [main] DEBUG com.baomidou.mybatisplus.MybatisConfiguration - addMappedStatement: com.dao.ConfigDao.insertAllColumn
01:23:49.061 [main] DEBUG com.baomidou.mybatisplus.MybatisConfiguration - addMappedStatement: com.dao.ConfigDao.delete
01:23:49.069 [main] DEBUG com.baomidou.mybatisplus.MybatisConfiguration - addMappedStatement: com.dao.ConfigDao.deleteByMap
01:23:49.070 [main] DEBUG com.baomidou.mybatisplus.MybatisConfiguration - addMappedStatement: com.dao.ConfigDao.update
01:23:49.071 [main] DEBUG com.baomidou.mybatisplus.MybatisConfiguration - addMappedStatement: com.dao.ConfigDao.updateForSet
01:23:49.072 [main] DEBUG com.baomidou.mybatisplus.MybatisConfiguration - addMappedStatement: com.dao.ConfigDao.selectByMap
01:23:49.073 [main] DEBUG com.baomidou.mybatisplus.MybatisConfiguration - addMappedStatement: com.dao.ConfigDao.selectOne
01:23:49.074 [main] DEBUG com.baomidou.mybatisplus.MybatisConfiguration - addMappedStatement: com.dao.ConfigDao.selectCount
01:23:49.076 [main] DEBUG com.baomidou.mybatisplus.MybatisConfiguration - addMappedStatement: com.dao.ConfigDao.selectList
01:23:49.077 [main] DEBUG com.baomidou.mybatisplus.MybatisConfiguration - addMappedStatement: com.dao.ConfigDao.selectPage
01:23:49.080 [main] DEBUG com.baomidou.mybatisplus.MybatisConfiguration - addMappedStatement: com.dao.ConfigDao.selectMaps
01:23:49.082 [main] DEBUG com.baomidou.mybatisplus.MybatisConfiguration - addMappedStatement: com.dao.ConfigDao.selectMapsPage
01:23:49.083 [main] DEBUG com.baomidou.mybatisplus.MybatisConfiguration - addMappedStatement: com.dao.ConfigDao.selectObjs
01:23:49.083 [main] DEBUG org.mybatis.spring.SqlSessionFactoryBean - Parsed mapper file: &apos;file [C:\Users\RAZER\Desktop\PetPicJournal\PetPicBackend\target\classes\mapper\ConfigDao.xml]&apos;
01:23:49.086 [main] DEBUG com.baomidou.mybatisplus.MybatisConfiguration - addMappedStatement: com.dao.DiscussPetDao.selectListVO
01:23:49.086 [main] DEBUG com.baomidou.mybatisplus.MybatisConfiguration - addMappedStatement: com.dao.DiscussPetDao.selectVO
01:23:49.086 [main] DEBUG com.baomidou.mybatisplus.MybatisConfiguration - addMappedStatement: com.dao.DiscussPetDao.selectListView
01:23:49.086 [main] DEBUG com.baomidou.mybatisplus.MybatisConfiguration - addMappedStatement: com.dao.DiscussPetDao.selectView
01:23:49.087 [main] DEBUG com.baomidou.mybatisplus.MybatisConfiguration - addMappedStatement: com.dao.DiscussPetDao.deleteById
01:23:49.088 [main] DEBUG com.baomidou.mybatisplus.MybatisConfiguration - addMappedStatement: com.dao.DiscussPetDao.deleteBatchIds
01:23:49.088 [main] DEBUG com.baomidou.mybatisplus.MybatisConfiguration - addMappedStatement: com.dao.DiscussPetDao.updateById
01:23:49.090 [main] DEBUG com.baomidou.mybatisplus.MybatisConfiguration - addMappedStatement: com.dao.DiscussPetDao.updateAllColumnById
01:23:49.090 [main] DEBUG com.baomidou.mybatisplus.MybatisConfiguration - addMappedStatement: com.dao.DiscussPetDao.selectById
01:23:49.090 [main] DEBUG com.baomidou.mybatisplus.MybatisConfiguration - addMappedStatement: com.dao.DiscussPetDao.selectBatchIds
01:23:49.090 [main] DEBUG com.baomidou.mybatisplus.MybatisConfiguration - addMappedStatement: com.dao.DiscussPetDao.insert
01:23:49.091 [main] DEBUG com.baomidou.mybatisplus.MybatisConfiguration - addMappedStatement: com.dao.DiscussPetDao.insertAllColumn
01:23:49.092 [main] DEBUG com.baomidou.mybatisplus.MybatisConfiguration - addMappedStatement: com.dao.DiscussPetDao.delete
01:23:49.092 [main] DEBUG com.baomidou.mybatisplus.MybatisConfiguration - addMappedStatement: com.dao.DiscussPetDao.deleteByMap
01:23:49.092 [main] DEBUG com.baomidou.mybatisplus.MybatisConfiguration - addMappedStatement: com.dao.DiscussPetDao.update
01:23:49.093 [main] DEBUG com.baomidou.mybatisplus.MybatisConfiguration - addMappedStatement: com.dao.DiscussPetDao.updateForSet
01:23:49.094 [main] DEBUG com.baomidou.mybatisplus.MybatisConfiguration - addMappedStatement: com.dao.DiscussPetDao.selectByMap
01:23:49.094 [main] DEBUG com.baomidou.mybatisplus.MybatisConfiguration - addMappedStatement: com.dao.DiscussPetDao.selectOne
01:23:49.094 [main] DEBUG com.baomidou.mybatisplus.MybatisConfiguration - addMappedStatement: com.dao.DiscussPetDao.selectCount
01:23:49.094 [main] DEBUG com.baomidou.mybatisplus.MybatisConfiguration - addMappedStatement: com.dao.DiscussPetDao.selectList
01:23:49.095 [main] DEBUG com.baomidou.mybatisplus.MybatisConfiguration - addMappedStatement: com.dao.DiscussPetDao.selectPage
01:23:49.095 [main] DEBUG com.baomidou.mybatisplus.MybatisConfiguration - addMappedStatement: com.dao.DiscussPetDao.selectMaps
01:23:49.097 [main] DEBUG com.baomidou.mybatisplus.MybatisConfiguration - addMappedStatement: com.dao.DiscussPetDao.selectMapsPage
01:23:49.098 [main] DEBUG com.baomidou.mybatisplus.MybatisConfiguration - addMappedStatement: com.dao.DiscussPetDao.selectObjs
01:23:49.098 [main] DEBUG org.mybatis.spring.SqlSessionFactoryBean - Parsed mapper file: &apos;file [C:\Users\RAZER\Desktop\PetPicJournal\PetPicBackend\target\classes\mapper\DiscussPetDao.xml]&apos;
01:23:49.129 [main] DEBUG com.baomidou.mybatisplus.MybatisConfiguration - addMappedStatement: com.dao.ImageClassDao.selectListVO
01:23:49.129 [main] DEBUG com.baomidou.mybatisplus.MybatisConfiguration - addMappedStatement: com.dao.ImageClassDao.selectVO
01:23:49.129 [main] DEBUG com.baomidou.mybatisplus.MybatisConfiguration - addMappedStatement: com.dao.ImageClassDao.selectListView
01:23:49.129 [main] DEBUG com.baomidou.mybatisplus.MybatisConfiguration - addMappedStatement: com.dao.ImageClassDao.selectView
01:23:49.130 [main] DEBUG com.baomidou.mybatisplus.MybatisConfiguration - addMappedStatement: com.dao.ImageClassDao.deleteById
01:23:49.131 [main] DEBUG com.baomidou.mybatisplus.MybatisConfiguration - addMappedStatement: com.dao.ImageClassDao.deleteBatchIds
01:23:49.132 [main] DEBUG com.baomidou.mybatisplus.MybatisConfiguration - addMappedStatement: com.dao.ImageClassDao.updateById
01:23:49.132 [main] DEBUG com.baomidou.mybatisplus.MybatisConfiguration - addMappedStatement: com.dao.ImageClassDao.updateAllColumnById
01:23:49.132 [main] DEBUG com.baomidou.mybatisplus.MybatisConfiguration - addMappedStatement: com.dao.ImageClassDao.selectById
01:23:49.133 [main] DEBUG com.baomidou.mybatisplus.MybatisConfiguration - addMappedStatement: com.dao.ImageClassDao.selectBatchIds
01:23:49.133 [main] DEBUG com.baomidou.mybatisplus.MybatisConfiguration - addMappedStatement: com.dao.ImageClassDao.insert
01:23:49.135 [main] DEBUG com.baomidou.mybatisplus.MybatisConfiguration - addMappedStatement: com.dao.ImageClassDao.insertAllColumn
01:23:49.135 [main] DEBUG com.baomidou.mybatisplus.MybatisConfiguration - addMappedStatement: com.dao.ImageClassDao.delete
01:23:49.136 [main] DEBUG com.baomidou.mybatisplus.MybatisConfiguration - addMappedStatement: com.dao.ImageClassDao.deleteByMap
01:23:49.136 [main] DEBUG com.baomidou.mybatisplus.MybatisConfiguration - addMappedStatement: com.dao.ImageClassDao.update
01:23:49.137 [main] DEBUG com.baomidou.mybatisplus.MybatisConfiguration - addMappedStatement: com.dao.ImageClassDao.updateForSet
01:23:49.137 [main] DEBUG com.baomidou.mybatisplus.MybatisConfiguration - addMappedStatement: com.dao.ImageClassDao.selectByMap
01:23:49.137 [main] DEBUG com.baomidou.mybatisplus.MybatisConfiguration - addMappedStatement: com.dao.ImageClassDao.selectOne
01:23:49.138 [main] DEBUG com.baomidou.mybatisplus.MybatisConfiguration - addMappedStatement: com.dao.ImageClassDao.selectCount
01:23:49.138 [main] DEBUG com.baomidou.mybatisplus.MybatisConfiguration - addMappedStatement: com.dao.ImageClassDao.selectList
01:23:49.139 [main] DEBUG com.baomidou.mybatisplus.MybatisConfiguration - addMappedStatement: com.dao.ImageClassDao.selectPage
01:23:49.139 [main] DEBUG com.baomidou.mybatisplus.MybatisConfiguration - addMappedStatement: com.dao.ImageClassDao.selectMaps
01:23:49.140 [main] DEBUG com.baomidou.mybatisplus.MybatisConfiguration - addMappedStatement: com.dao.ImageClassDao.selectMapsPage
01:23:49.141 [main] DEBUG com.baomidou.mybatisplus.MybatisConfiguration - addMappedStatement: com.dao.ImageClassDao.selectObjs
01:23:49.141 [main] DEBUG org.mybatis.spring.SqlSessionFactoryBean - Parsed mapper file: &apos;file [C:\Users\RAZER\Desktop\PetPicJournal\PetPicBackend\target\classes\mapper\ImageClassDao.xml]&apos;
01:23:49.145 [main] DEBUG com.baomidou.mybatisplus.MybatisConfiguration - addMappedStatement: com.dao.LoginUserDao.selectListVO
01:23:49.145 [main] DEBUG com.baomidou.mybatisplus.MybatisConfiguration - addMappedStatement: com.dao.LoginUserDao.selectVO
01:23:49.146 [main] DEBUG com.baomidou.mybatisplus.MybatisConfiguration - addMappedStatement: com.dao.LoginUserDao.selectListView
01:23:49.146 [main] DEBUG com.baomidou.mybatisplus.MybatisConfiguration - addMappedStatement: com.dao.LoginUserDao.selectView
01:23:49.147 [main] DEBUG com.baomidou.mybatisplus.MybatisConfiguration - addMappedStatement: com.dao.LoginUserDao.deleteById
01:23:49.148 [main] DEBUG com.baomidou.mybatisplus.MybatisConfiguration - addMappedStatement: com.dao.LoginUserDao.deleteBatchIds
01:23:49.149 [main] DEBUG com.baomidou.mybatisplus.MybatisConfiguration - addMappedStatement: com.dao.LoginUserDao.updateById
01:23:49.149 [main] DEBUG com.baomidou.mybatisplus.MybatisConfiguration - addMappedStatement: com.dao.LoginUserDao.updateAllColumnById
01:23:49.149 [main] DEBUG com.baomidou.mybatisplus.MybatisConfiguration - addMappedStatement: com.dao.LoginUserDao.selectById
01:23:49.150 [main] DEBUG com.baomidou.mybatisplus.MybatisConfiguration - addMappedStatement: com.dao.LoginUserDao.selectBatchIds
01:23:49.151 [main] DEBUG com.baomidou.mybatisplus.MybatisConfiguration - addMappedStatement: com.dao.LoginUserDao.insert
01:23:49.151 [main] DEBUG com.baomidou.mybatisplus.MybatisConfiguration - addMappedStatement: com.dao.LoginUserDao.insertAllColumn
01:23:49.152 [main] DEBUG com.baomidou.mybatisplus.MybatisConfiguration - addMappedStatement: com.dao.LoginUserDao.delete
01:23:49.152 [main] DEBUG com.baomidou.mybatisplus.MybatisConfiguration - addMappedStatement: com.dao.LoginUserDao.deleteByMap
01:23:49.153 [main] DEBUG com.baomidou.mybatisplus.MybatisConfiguration - addMappedStatement: com.dao.LoginUserDao.update
01:23:49.153 [main] DEBUG com.baomidou.mybatisplus.MybatisConfiguration - addMappedStatement: com.dao.LoginUserDao.updateForSet
01:23:49.154 [main] DEBUG com.baomidou.mybatisplus.MybatisConfiguration - addMappedStatement: com.dao.LoginUserDao.selectByMap
01:23:49.154 [main] DEBUG com.baomidou.mybatisplus.MybatisConfiguration - addMappedStatement: com.dao.LoginUserDao.selectOne
01:23:49.156 [main] DEBUG com.baomidou.mybatisplus.MybatisConfiguration - addMappedStatement: com.dao.LoginUserDao.selectCount
01:23:49.156 [main] DEBUG com.baomidou.mybatisplus.MybatisConfiguration - addMappedStatement: com.dao.LoginUserDao.selectList
01:23:49.157 [main] DEBUG com.baomidou.mybatisplus.MybatisConfiguration - addMappedStatement: com.dao.LoginUserDao.selectPage
01:23:49.158 [main] DEBUG com.baomidou.mybatisplus.MybatisConfiguration - addMappedStatement: com.dao.LoginUserDao.selectMaps
01:23:49.159 [main] DEBUG com.baomidou.mybatisplus.MybatisConfiguration - addMappedStatement: com.dao.LoginUserDao.selectMapsPage
01:23:49.159 [main] DEBUG com.baomidou.mybatisplus.MybatisConfiguration - addMappedStatement: com.dao.LoginUserDao.selectObjs
01:23:49.159 [main] DEBUG org.mybatis.spring.SqlSessionFactoryBean - Parsed mapper file: &apos;file [C:\Users\RAZER\Desktop\PetPicJournal\PetPicBackend\target\classes\mapper\LoginUserDao.xml]&apos;
01:23:49.162 [main] DEBUG com.baomidou.mybatisplus.MybatisConfiguration - addMappedStatement: com.dao.NewsDao.selectListVO
01:23:49.164 [main] DEBUG com.baomidou.mybatisplus.MybatisConfiguration - addMappedStatement: com.dao.NewsDao.selectVO
01:23:49.164 [main] DEBUG com.baomidou.mybatisplus.MybatisConfiguration - addMappedStatement: com.dao.NewsDao.selectListView
01:23:49.164 [main] DEBUG com.baomidou.mybatisplus.MybatisConfiguration - addMappedStatement: com.dao.NewsDao.selectView
01:23:49.165 [main] DEBUG com.baomidou.mybatisplus.MybatisConfiguration - addMappedStatement: com.dao.NewsDao.deleteById
01:23:49.166 [main] DEBUG com.baomidou.mybatisplus.MybatisConfiguration - addMappedStatement: com.dao.NewsDao.deleteBatchIds
01:23:49.166 [main] DEBUG com.baomidou.mybatisplus.MybatisConfiguration - addMappedStatement: com.dao.NewsDao.updateById
01:23:49.167 [main] DEBUG com.baomidou.mybatisplus.MybatisConfiguration - addMappedStatement: com.dao.NewsDao.updateAllColumnById
01:23:49.167 [main] DEBUG com.baomidou.mybatisplus.MybatisConfiguration - addMappedStatement: com.dao.NewsDao.selectById
01:23:49.168 [main] DEBUG com.baomidou.mybatisplus.MybatisConfiguration - addMappedStatement: com.dao.NewsDao.selectBatchIds
01:23:49.168 [main] DEBUG com.baomidou.mybatisplus.MybatisConfiguration - addMappedStatement: com.dao.NewsDao.insert
01:23:49.169 [main] DEBUG com.baomidou.mybatisplus.MybatisConfiguration - addMappedStatement: com.dao.NewsDao.insertAllColumn
01:23:49.169 [main] DEBUG com.baomidou.mybatisplus.MybatisConfiguration - addMappedStatement: com.dao.NewsDao.delete
01:23:49.170 [main] DEBUG com.baomidou.mybatisplus.MybatisConfiguration - addMappedStatement: com.dao.NewsDao.deleteByMap
01:23:49.171 [main] DEBUG com.baomidou.mybatisplus.MybatisConfiguration - addMappedStatement: com.dao.NewsDao.update
01:23:49.172 [main] DEBUG com.baomidou.mybatisplus.MybatisConfiguration - addMappedStatement: com.dao.NewsDao.updateForSet
01:23:49.173 [main] DEBUG com.baomidou.mybatisplus.MybatisConfiguration - addMappedStatement: com.dao.NewsDao.selectByMap
01:23:49.174 [main] DEBUG com.baomidou.mybatisplus.MybatisConfiguration - addMappedStatement: com.dao.NewsDao.selectOne
01:23:49.175 [main] DEBUG com.baomidou.mybatisplus.MybatisConfiguration - addMappedStatement: com.dao.NewsDao.selectCount
01:23:49.175 [main] DEBUG com.baomidou.mybatisplus.MybatisConfiguration - addMappedStatement: com.dao.NewsDao.selectList
01:23:49.176 [main] DEBUG com.baomidou.mybatisplus.MybatisConfiguration - addMappedStatement: com.dao.NewsDao.selectPage
01:23:49.177 [main] DEBUG com.baomidou.mybatisplus.MybatisConfiguration - addMappedStatement: com.dao.NewsDao.selectMaps
01:23:49.178 [main] DEBUG com.baomidou.mybatisplus.MybatisConfiguration - addMappedStatement: com.dao.NewsDao.selectMapsPage
01:23:49.178 [main] DEBUG com.baomidou.mybatisplus.MybatisConfiguration - addMappedStatement: com.dao.NewsDao.selectObjs
01:23:49.178 [main] DEBUG org.mybatis.spring.SqlSessionFactoryBean - Parsed mapper file: &apos;file [C:\Users\RAZER\Desktop\PetPicJournal\PetPicBackend\target\classes\mapper\NewsDao.xml]&apos;
01:23:49.183 [main] DEBUG com.baomidou.mybatisplus.MybatisConfiguration - addMappedStatement: com.dao.PetImageDao.selectListVO
01:23:49.183 [main] DEBUG com.baomidou.mybatisplus.MybatisConfiguration - addMappedStatement: com.dao.PetImageDao.selectVO
01:23:49.183 [main] DEBUG com.baomidou.mybatisplus.MybatisConfiguration - addMappedStatement: com.dao.PetImageDao.selectListView
01:23:49.184 [main] DEBUG com.baomidou.mybatisplus.MybatisConfiguration - addMappedStatement: com.dao.PetImageDao.selectView
01:23:49.184 [main] DEBUG com.baomidou.mybatisplus.MybatisConfiguration - addMappedStatement: com.dao.PetImageDao.deleteById
01:23:49.185 [main] DEBUG com.baomidou.mybatisplus.MybatisConfiguration - addMappedStatement: com.dao.PetImageDao.deleteBatchIds
01:23:49.186 [main] DEBUG com.baomidou.mybatisplus.MybatisConfiguration - addMappedStatement: com.dao.PetImageDao.updateById
01:23:49.187 [main] DEBUG com.baomidou.mybatisplus.MybatisConfiguration - addMappedStatement: com.dao.PetImageDao.updateAllColumnById
01:23:49.187 [main] DEBUG com.baomidou.mybatisplus.MybatisConfiguration - addMappedStatement: com.dao.PetImageDao.selectById
01:23:49.187 [main] DEBUG com.baomidou.mybatisplus.MybatisConfiguration - addMappedStatement: com.dao.PetImageDao.selectBatchIds
01:23:49.188 [main] DEBUG com.baomidou.mybatisplus.MybatisConfiguration - addMappedStatement: com.dao.PetImageDao.insert
01:23:49.189 [main] DEBUG com.baomidou.mybatisplus.MybatisConfiguration - addMappedStatement: com.dao.PetImageDao.insertAllColumn
01:23:49.190 [main] DEBUG com.baomidou.mybatisplus.MybatisConfiguration - addMappedStatement: com.dao.PetImageDao.delete
01:23:49.190 [main] DEBUG com.baomidou.mybatisplus.MybatisConfiguration - addMappedStatement: com.dao.PetImageDao.deleteByMap
01:23:49.193 [main] DEBUG com.baomidou.mybatisplus.MybatisConfiguration - addMappedStatement: com.dao.PetImageDao.update
01:23:49.194 [main] DEBUG com.baomidou.mybatisplus.MybatisConfiguration - addMappedStatement: com.dao.PetImageDao.updateForSet
01:23:49.195 [main] DEBUG com.baomidou.mybatisplus.MybatisConfiguration - addMappedStatement: com.dao.PetImageDao.selectByMap
01:23:49.196 [main] DEBUG com.baomidou.mybatisplus.MybatisConfiguration - addMappedStatement: com.dao.PetImageDao.selectOne
01:23:49.197 [main] DEBUG com.baomidou.mybatisplus.MybatisConfiguration - addMappedStatement: com.dao.PetImageDao.selectCount
01:23:49.198 [main] DEBUG com.baomidou.mybatisplus.MybatisConfiguration - addMappedStatement: com.dao.PetImageDao.selectList
01:23:49.200 [main] DEBUG com.baomidou.mybatisplus.MybatisConfiguration - addMappedStatement: com.dao.PetImageDao.selectPage
01:23:49.202 [main] DEBUG com.baomidou.mybatisplus.MybatisConfiguration - addMappedStatement: com.dao.PetImageDao.selectMaps
01:23:49.204 [main] DEBUG com.baomidou.mybatisplus.MybatisConfiguration - addMappedStatement: com.dao.PetImageDao.selectMapsPage
01:23:49.205 [main] DEBUG com.baomidou.mybatisplus.MybatisConfiguration - addMappedStatement: com.dao.PetImageDao.selectObjs
01:23:49.205 [main] DEBUG org.mybatis.spring.SqlSessionFactoryBean - Parsed mapper file: &apos;file [C:\Users\RAZER\Desktop\PetPicJournal\PetPicBackend\target\classes\mapper\PetImageDao.xml]&apos;
01:23:49.210 [main] DEBUG com.baomidou.mybatisplus.MybatisConfiguration - addMappedStatement: com.dao.StoreupDao.selectListVO
01:23:49.210 [main] DEBUG com.baomidou.mybatisplus.MybatisConfiguration - addMappedStatement: com.dao.StoreupDao.selectVO
01:23:49.210 [main] DEBUG com.baomidou.mybatisplus.MybatisConfiguration - addMappedStatement: com.dao.StoreupDao.selectListView
01:23:49.210 [main] DEBUG com.baomidou.mybatisplus.MybatisConfiguration - addMappedStatement: com.dao.StoreupDao.selectView
01:23:49.212 [main] DEBUG com.baomidou.mybatisplus.MybatisConfiguration - addMappedStatement: com.dao.StoreupDao.deleteById
01:23:49.213 [main] DEBUG com.baomidou.mybatisplus.MybatisConfiguration - addMappedStatement: com.dao.StoreupDao.deleteBatchIds
01:23:49.214 [main] DEBUG com.baomidou.mybatisplus.MybatisConfiguration - addMappedStatement: com.dao.StoreupDao.updateById
01:23:49.215 [main] DEBUG com.baomidou.mybatisplus.MybatisConfiguration - addMappedStatement: com.dao.StoreupDao.updateAllColumnById
01:23:49.216 [main] DEBUG com.baomidou.mybatisplus.MybatisConfiguration - addMappedStatement: com.dao.StoreupDao.selectById
01:23:49.217 [main] DEBUG com.baomidou.mybatisplus.MybatisConfiguration - addMappedStatement: com.dao.StoreupDao.selectBatchIds
01:23:49.218 [main] DEBUG com.baomidou.mybatisplus.MybatisConfiguration - addMappedStatement: com.dao.StoreupDao.insert
01:23:49.219 [main] DEBUG com.baomidou.mybatisplus.MybatisConfiguration - addMappedStatement: com.dao.StoreupDao.insertAllColumn
01:23:49.220 [main] DEBUG com.baomidou.mybatisplus.MybatisConfiguration - addMappedStatement: com.dao.StoreupDao.delete
01:23:49.221 [main] DEBUG com.baomidou.mybatisplus.MybatisConfiguration - addMappedStatement: com.dao.StoreupDao.deleteByMap
01:23:49.222 [main] DEBUG com.baomidou.mybatisplus.MybatisConfiguration - addMappedStatement: com.dao.StoreupDao.update
01:23:49.223 [main] DEBUG com.baomidou.mybatisplus.MybatisConfiguration - addMappedStatement: com.dao.StoreupDao.updateForSet
01:23:49.224 [main] DEBUG com.baomidou.mybatisplus.MybatisConfiguration - addMappedStatement: com.dao.StoreupDao.selectByMap
01:23:49.225 [main] DEBUG com.baomidou.mybatisplus.MybatisConfiguration - addMappedStatement: com.dao.StoreupDao.selectOne
01:23:49.225 [main] DEBUG com.baomidou.mybatisplus.MybatisConfiguration - addMappedStatement: com.dao.StoreupDao.selectCount
01:23:49.226 [main] DEBUG com.baomidou.mybatisplus.MybatisConfiguration - addMappedStatement: com.dao.StoreupDao.selectList
01:23:49.227 [main] DEBUG com.baomidou.mybatisplus.MybatisConfiguration - addMappedStatement: com.dao.StoreupDao.selectPage
01:23:49.228 [main] DEBUG com.baomidou.mybatisplus.MybatisConfiguration - addMappedStatement: com.dao.StoreupDao.selectMaps
01:23:49.229 [main] DEBUG com.baomidou.mybatisplus.MybatisConfiguration - addMappedStatement: com.dao.StoreupDao.selectMapsPage
01:23:49.229 [main] DEBUG com.baomidou.mybatisplus.MybatisConfiguration - addMappedStatement: com.dao.StoreupDao.selectObjs
01:23:49.229 [main] DEBUG org.mybatis.spring.SqlSessionFactoryBean - Parsed mapper file: &apos;file [C:\Users\RAZER\Desktop\PetPicJournal\PetPicBackend\target\classes\mapper\StoreupDao.xml]&apos;
01:23:49.233 [main] DEBUG com.baomidou.mybatisplus.MybatisConfiguration - addMappedStatement: com.dao.SystemintroDao.selectListVO
01:23:49.234 [main] DEBUG com.baomidou.mybatisplus.MybatisConfiguration - addMappedStatement: com.dao.SystemintroDao.selectVO
01:23:49.234 [main] DEBUG com.baomidou.mybatisplus.MybatisConfiguration - addMappedStatement: com.dao.SystemintroDao.selectListView
01:23:49.234 [main] DEBUG com.baomidou.mybatisplus.MybatisConfiguration - addMappedStatement: com.dao.SystemintroDao.selectView
01:23:49.235 [main] DEBUG com.baomidou.mybatisplus.MybatisConfiguration - addMappedStatement: com.dao.SystemintroDao.deleteById
01:23:49.236 [main] DEBUG com.baomidou.mybatisplus.MybatisConfiguration - addMappedStatement: com.dao.SystemintroDao.deleteBatchIds
01:23:49.237 [main] DEBUG com.baomidou.mybatisplus.MybatisConfiguration - addMappedStatement: com.dao.SystemintroDao.updateById
01:23:49.238 [main] DEBUG com.baomidou.mybatisplus.MybatisConfiguration - addMappedStatement: com.dao.SystemintroDao.updateAllColumnById
01:23:49.238 [main] DEBUG com.baomidou.mybatisplus.MybatisConfiguration - addMappedStatement: com.dao.SystemintroDao.selectById
01:23:49.239 [main] DEBUG com.baomidou.mybatisplus.MybatisConfiguration - addMappedStatement: com.dao.SystemintroDao.selectBatchIds
01:23:49.240 [main] DEBUG com.baomidou.mybatisplus.MybatisConfiguration - addMappedStatement: com.dao.SystemintroDao.insert
01:23:49.241 [main] DEBUG com.baomidou.mybatisplus.MybatisConfiguration - addMappedStatement: com.dao.SystemintroDao.insertAllColumn
01:23:49.241 [main] DEBUG com.baomidou.mybatisplus.MybatisConfiguration - addMappedStatement: com.dao.SystemintroDao.delete
01:23:49.242 [main] DEBUG com.baomidou.mybatisplus.MybatisConfiguration - addMappedStatement: com.dao.SystemintroDao.deleteByMap
01:23:49.243 [main] DEBUG com.baomidou.mybatisplus.MybatisConfiguration - addMappedStatement: com.dao.SystemintroDao.update
01:23:49.243 [main] DEBUG com.baomidou.mybatisplus.MybatisConfiguration - addMappedStatement: com.dao.SystemintroDao.updateForSet
01:23:49.244 [main] DEBUG com.baomidou.mybatisplus.MybatisConfiguration - addMappedStatement: com.dao.SystemintroDao.selectByMap
01:23:49.244 [main] DEBUG com.baomidou.mybatisplus.MybatisConfiguration - addMappedStatement: com.dao.SystemintroDao.selectOne
01:23:49.245 [main] DEBUG com.baomidou.mybatisplus.MybatisConfiguration - addMappedStatement: com.dao.SystemintroDao.selectCount
01:23:49.245 [main] DEBUG com.baomidou.mybatisplus.MybatisConfiguration - addMappedStatement: com.dao.SystemintroDao.selectList
01:23:49.246 [main] DEBUG com.baomidou.mybatisplus.MybatisConfiguration - addMappedStatement: com.dao.SystemintroDao.selectPage
01:23:49.246 [main] DEBUG com.baomidou.mybatisplus.MybatisConfiguration - addMappedStatement: com.dao.SystemintroDao.selectMaps
01:23:49.247 [main] DEBUG com.baomidou.mybatisplus.MybatisConfiguration - addMappedStatement: com.dao.SystemintroDao.selectMapsPage
01:23:49.248 [main] DEBUG com.baomidou.mybatisplus.MybatisConfiguration - addMappedStatement: com.dao.SystemintroDao.selectObjs
01:23:49.249 [main] DEBUG org.mybatis.spring.SqlSessionFactoryBean - Parsed mapper file: &apos;file [C:\Users\RAZER\Desktop\PetPicJournal\PetPicBackend\target\classes\mapper\SystemintroDao.xml]&apos;
01:23:49.252 [main] DEBUG com.baomidou.mybatisplus.MybatisConfiguration - addMappedStatement: com.dao.TokenDao.selectListView
01:23:49.254 [main] DEBUG com.baomidou.mybatisplus.MybatisConfiguration - addMappedStatement: com.dao.TokenDao.deleteById
01:23:49.254 [main] DEBUG com.baomidou.mybatisplus.MybatisConfiguration - addMappedStatement: com.dao.TokenDao.deleteBatchIds
01:23:49.255 [main] DEBUG com.baomidou.mybatisplus.MybatisConfiguration - addMappedStatement: com.dao.TokenDao.updateById
01:23:49.255 [main] DEBUG com.baomidou.mybatisplus.MybatisConfiguration - addMappedStatement: com.dao.TokenDao.updateAllColumnById
01:23:49.255 [main] DEBUG com.baomidou.mybatisplus.MybatisConfiguration - addMappedStatement: com.dao.TokenDao.selectById
01:23:49.256 [main] DEBUG com.baomidou.mybatisplus.MybatisConfiguration - addMappedStatement: com.dao.TokenDao.selectBatchIds
01:23:49.256 [main] DEBUG com.baomidou.mybatisplus.MybatisConfiguration - addMappedStatement: com.dao.TokenDao.insert
01:23:49.257 [main] DEBUG com.baomidou.mybatisplus.MybatisConfiguration - addMappedStatement: com.dao.TokenDao.insertAllColumn
01:23:49.258 [main] DEBUG com.baomidou.mybatisplus.MybatisConfiguration - addMappedStatement: com.dao.TokenDao.delete
01:23:49.259 [main] DEBUG com.baomidou.mybatisplus.MybatisConfiguration - addMappedStatement: com.dao.TokenDao.deleteByMap
01:23:49.260 [main] DEBUG com.baomidou.mybatisplus.MybatisConfiguration - addMappedStatement: com.dao.TokenDao.update
01:23:49.261 [main] DEBUG com.baomidou.mybatisplus.MybatisConfiguration - addMappedStatement: com.dao.TokenDao.updateForSet
01:23:49.262 [main] DEBUG com.baomidou.mybatisplus.MybatisConfiguration - addMappedStatement: com.dao.TokenDao.selectByMap
01:23:49.263 [main] DEBUG com.baomidou.mybatisplus.MybatisConfiguration - addMappedStatement: com.dao.TokenDao.selectOne
01:23:49.264 [main] DEBUG com.baomidou.mybatisplus.MybatisConfiguration - addMappedStatement: com.dao.TokenDao.selectCount
01:23:49.265 [main] DEBUG com.baomidou.mybatisplus.MybatisConfiguration - addMappedStatement: com.dao.TokenDao.selectList
01:23:49.266 [main] DEBUG com.baomidou.mybatisplus.MybatisConfiguration - addMappedStatement: com.dao.TokenDao.selectPage
01:23:49.267 [main] DEBUG com.baomidou.mybatisplus.MybatisConfiguration - addMappedStatement: com.dao.TokenDao.selectMaps
01:23:49.267 [main] DEBUG com.baomidou.mybatisplus.MybatisConfiguration - addMappedStatement: com.dao.TokenDao.selectMapsPage
01:23:49.268 [main] DEBUG com.baomidou.mybatisplus.MybatisConfiguration - addMappedStatement: com.dao.TokenDao.selectObjs
01:23:49.268 [main] DEBUG org.mybatis.spring.SqlSessionFactoryBean - Parsed mapper file: &apos;file [C:\Users\RAZER\Desktop\PetPicJournal\PetPicBackend\target\classes\mapper\TokenDao.xml]&apos;
01:23:49.272 [main] DEBUG com.baomidou.mybatisplus.MybatisConfiguration - addMappedStatement: com.dao.UsersDao.selectListView
01:23:49.273 [main] DEBUG com.baomidou.mybatisplus.MybatisConfiguration - addMappedStatement: com.dao.UsersDao.deleteById
01:23:49.274 [main] DEBUG com.baomidou.mybatisplus.MybatisConfiguration - addMappedStatement: com.dao.UsersDao.deleteBatchIds
01:23:49.275 [main] DEBUG com.baomidou.mybatisplus.MybatisConfiguration - addMappedStatement: com.dao.UsersDao.updateById
01:23:49.275 [main] DEBUG com.baomidou.mybatisplus.MybatisConfiguration - addMappedStatement: com.dao.UsersDao.updateAllColumnById
01:23:49.275 [main] DEBUG com.baomidou.mybatisplus.MybatisConfiguration - addMappedStatement: com.dao.UsersDao.selectById
01:23:49.276 [main] DEBUG com.baomidou.mybatisplus.MybatisConfiguration - addMappedStatement: com.dao.UsersDao.selectBatchIds
01:23:49.277 [main] DEBUG com.baomidou.mybatisplus.MybatisConfiguration - addMappedStatement: com.dao.UsersDao.insert
01:23:49.277 [main] DEBUG com.baomidou.mybatisplus.MybatisConfiguration - addMappedStatement: com.dao.UsersDao.insertAllColumn
01:23:49.277 [main] DEBUG com.baomidou.mybatisplus.MybatisConfiguration - addMappedStatement: com.dao.UsersDao.delete
01:23:49.278 [main] DEBUG com.baomidou.mybatisplus.MybatisConfiguration - addMappedStatement: com.dao.UsersDao.deleteByMap
01:23:49.278 [main] DEBUG com.baomidou.mybatisplus.MybatisConfiguration - addMappedStatement: com.dao.UsersDao.update
01:23:49.278 [main] DEBUG com.baomidou.mybatisplus.MybatisConfiguration - addMappedStatement: com.dao.UsersDao.updateForSet
01:23:49.279 [main] DEBUG com.baomidou.mybatisplus.MybatisConfiguration - addMappedStatement: com.dao.UsersDao.selectByMap
01:23:49.279 [main] DEBUG com.baomidou.mybatisplus.MybatisConfiguration - addMappedStatement: com.dao.UsersDao.selectOne
01:23:49.280 [main] DEBUG com.baomidou.mybatisplus.MybatisConfiguration - addMappedStatement: com.dao.UsersDao.selectCount
01:23:49.280 [main] DEBUG com.baomidou.mybatisplus.MybatisConfiguration - addMappedStatement: com.dao.UsersDao.selectList
01:23:49.280 [main] DEBUG com.baomidou.mybatisplus.MybatisConfiguration - addMappedStatement: com.dao.UsersDao.selectPage
01:23:49.281 [main] DEBUG com.baomidou.mybatisplus.MybatisConfiguration - addMappedStatement: com.dao.UsersDao.selectMaps
01:23:49.281 [main] DEBUG com.baomidou.mybatisplus.MybatisConfiguration - addMappedStatement: com.dao.UsersDao.selectMapsPage
01:23:49.282 [main] DEBUG com.baomidou.mybatisplus.MybatisConfiguration - addMappedStatement: com.dao.UsersDao.selectObjs
01:23:49.282 [main] DEBUG org.mybatis.spring.SqlSessionFactoryBean - Parsed mapper file: &apos;file [C:\Users\RAZER\Desktop\PetPicJournal\PetPicBackend\target\classes\mapper\UsersDao.xml]&apos;
01:23:49.282 [main] DEBUG org.springframework.beans.factory.support.DefaultListableBeanFactory - Returning cached instance of singleton bean &apos;org.springframework.aop.support.DefaultBeanFactoryPointcutAdvisor#0&apos;
01:23:49.282 [main] DEBUG org.springframework.beans.factory.support.DefaultListableBeanFactory - Returning cached instance of singleton bean &apos;org.springframework.aop.support.DefaultBeanFactoryPointcutAdvisor#0&apos;
01:23:49.284 [main] DEBUG org.springframework.beans.factory.support.DefaultListableBeanFactory - Finished creating instance of bean &apos;sqlSessionFactory&apos;
01:23:49.284 [main] DEBUG org.springframework.beans.factory.support.DefaultListableBeanFactory - Returning cached instance of singleton bean &apos;org.springframework.aop.support.DefaultBeanFactoryPointcutAdvisor#0&apos;
01:23:49.284 [main] DEBUG org.springframework.beans.factory.support.DefaultListableBeanFactory - Returning cached instance of singleton bean &apos;org.springframework.aop.support.DefaultBeanFactoryPointcutAdvisor#0&apos;
01:23:49.285 [main] DEBUG org.springframework.beans.factory.support.DefaultListableBeanFactory - Autowiring by type from bean name &apos;aboutusDao&apos; via property &apos;sqlSessionFactory&apos; to bean named &apos;sqlSessionFactory&apos;
01:23:49.285 [main] DEBUG org.springframework.beans.factory.support.DefaultListableBeanFactory - Invoking afterPropertiesSet() on bean with name &apos;aboutusDao&apos;
01:23:49.285 [main] DEBUG org.springframework.beans.factory.support.DefaultListableBeanFactory - Returning cached instance of singleton bean &apos;org.springframework.aop.support.DefaultBeanFactoryPointcutAdvisor#0&apos;
01:23:49.285 [main] DEBUG org.springframework.beans.factory.support.DefaultListableBeanFactory - Returning cached instance of singleton bean &apos;org.springframework.aop.support.DefaultBeanFactoryPointcutAdvisor#0&apos;
01:23:49.286 [main] DEBUG org.springframework.beans.factory.support.DefaultListableBeanFactory - Finished creating instance of bean &apos;aboutusDao&apos;
01:23:49.286 [main] DEBUG org.springframework.beans.factory.support.DefaultListableBeanFactory - Returning cached instance of singleton bean &apos;org.springframework.aop.support.DefaultBeanFactoryPointcutAdvisor#0&apos;
01:23:49.286 [main] DEBUG org.springframework.beans.factory.support.DefaultListableBeanFactory - Returning cached instance of singleton bean &apos;org.springframework.aop.support.DefaultBeanFactoryPointcutAdvisor#0&apos;
01:23:49.288 [main] DEBUG org.springframework.beans.factory.annotation.AutowiredAnnotationBeanPostProcessor - Autowiring by type from bean name &apos;aboutusService&apos; to bean named &apos;aboutusDao&apos;
01:23:49.288 [main] DEBUG org.springframework.beans.factory.support.DefaultListableBeanFactory - Returning cached instance of singleton bean &apos;org.springframework.aop.support.DefaultBeanFactoryPointcutAdvisor#0&apos;
01:23:49.288 [main] DEBUG org.springframework.beans.factory.support.DefaultListableBeanFactory - Returning cached instance of singleton bean &apos;org.springframework.aop.support.DefaultBeanFactoryPointcutAdvisor#0&apos;
01:23:49.288 [main] DEBUG org.springframework.beans.factory.support.DefaultListableBeanFactory - Creating shared instance of singleton bean &apos;transactionAdvice&apos;
01:23:49.288 [main] DEBUG org.springframework.beans.factory.support.DefaultListableBeanFactory - Creating instance of bean &apos;transactionAdvice&apos;
01:23:49.288 [main] DEBUG org.springframework.beans.factory.support.DefaultListableBeanFactory - Eagerly caching bean &apos;transactionAdvice&apos; to allow for resolving potential circular references
01:23:49.291 [main] DEBUG org.springframework.beans.factory.support.DefaultListableBeanFactory - Creating shared instance of singleton bean &apos;transactionManager&apos;
01:23:49.291 [main] DEBUG org.springframework.beans.factory.support.DefaultListableBeanFactory - Creating instance of bean &apos;transactionManager&apos;
01:23:49.291 [main] DEBUG org.springframework.beans.factory.support.DefaultListableBeanFactory - Returning cached instance of singleton bean &apos;org.springframework.aop.support.DefaultBeanFactoryPointcutAdvisor#0&apos;
01:23:49.291 [main] DEBUG org.springframework.beans.factory.support.DefaultListableBeanFactory - Eagerly caching bean &apos;transactionManager&apos; to allow for resolving potential circular references
01:23:49.293 [main] DEBUG org.springframework.beans.factory.support.DefaultListableBeanFactory - Returning cached instance of singleton bean &apos;dataSource&apos;
01:23:49.294 [main] DEBUG org.springframework.beans.factory.support.DefaultListableBeanFactory - Invoking afterPropertiesSet() on bean with name &apos;transactionManager&apos;
01:23:49.294 [main] DEBUG org.springframework.beans.factory.support.DefaultListableBeanFactory - Returning cached instance of singleton bean &apos;org.springframework.aop.support.DefaultBeanFactoryPointcutAdvisor#0&apos;
01:23:49.294 [main] DEBUG org.springframework.beans.factory.support.DefaultListableBeanFactory - Returning cached instance of singleton bean &apos;org.springframework.aop.support.DefaultBeanFactoryPointcutAdvisor#0&apos;
01:23:49.295 [main] DEBUG org.springframework.beans.factory.support.DefaultListableBeanFactory - Finished creating instance of bean &apos;transactionManager&apos;
01:23:49.295 [main] DEBUG org.springframework.beans.factory.support.DefaultListableBeanFactory - Creating instance of bean &apos;(inner bean)#5a021cb9&apos;
01:23:49.295 [main] DEBUG org.springframework.beans.factory.support.DefaultListableBeanFactory - Returning cached instance of singleton bean &apos;org.springframework.aop.support.DefaultBeanFactoryPointcutAdvisor#0&apos;
01:23:49.297 [main] DEBUG org.springframework.transaction.interceptor.NameMatchTransactionAttributeSource - Adding transactional method [add*] with attribute [PROPAGATION_REQUIRED,ISOLATION_DEFAULT]
01:23:49.297 [main] DEBUG org.springframework.transaction.interceptor.NameMatchTransactionAttributeSource - Adding transactional method [append*] with attribute [PROPAGATION_REQUIRED,ISOLATION_DEFAULT]
01:23:49.297 [main] DEBUG org.springframework.transaction.interceptor.NameMatchTransactionAttributeSource - Adding transactional method [save*] with attribute [PROPAGATION_REQUIRED,ISOLATION_DEFAULT]
01:23:49.297 [main] DEBUG org.springframework.transaction.interceptor.NameMatchTransactionAttributeSource - Adding transactional method [update*] with attribute [PROPAGATION_REQUIRED,ISOLATION_DEFAULT]
01:23:49.297 [main] DEBUG org.springframework.transaction.interceptor.NameMatchTransactionAttributeSource - Adding transactional method [modify*] with attribute [PROPAGATION_REQUIRED,ISOLATION_DEFAULT]
01:23:49.297 [main] DEBUG org.springframework.transaction.interceptor.NameMatchTransactionAttributeSource - Adding transactional method [edit*] with attribute [PROPAGATION_REQUIRED,ISOLATION_DEFAULT]
01:23:49.297 [main] DEBUG org.springframework.transaction.interceptor.NameMatchTransactionAttributeSource - Adding transactional method [insert*] with attribute [PROPAGATION_REQUIRED,ISOLATION_DEFAULT]
01:23:49.297 [main] DEBUG org.springframework.transaction.interceptor.NameMatchTransactionAttributeSource - Adding transactional method [delete*] with attribute [PROPAGATION_REQUIRED,ISOLATION_DEFAULT]
01:23:49.297 [main] DEBUG org.springframework.transaction.interceptor.NameMatchTransactionAttributeSource - Adding transactional method [remove*] with attribute [PROPAGATION_REQUIRED,ISOLATION_DEFAULT]
01:23:49.297 [main] DEBUG org.springframework.transaction.interceptor.NameMatchTransactionAttributeSource - Adding transactional method [repair] with attribute [PROPAGATION_REQUIRED,ISOLATION_DEFAULT]
01:23:49.297 [main] DEBUG org.springframework.transaction.interceptor.NameMatchTransactionAttributeSource - Adding transactional method [get*] with attribute [PROPAGATION_REQUIRED,ISOLATION_DEFAULT,readOnly]
01:23:49.297 [main] DEBUG org.springframework.transaction.interceptor.NameMatchTransactionAttributeSource - Adding transactional method [find*] with attribute [PROPAGATION_REQUIRED,ISOLATION_DEFAULT,readOnly]
01:23:49.297 [main] DEBUG org.springframework.transaction.interceptor.NameMatchTransactionAttributeSource - Adding transactional method [load*] with attribute [PROPAGATION_REQUIRED,ISOLATION_DEFAULT,readOnly]
01:23:49.297 [main] DEBUG org.springframework.transaction.interceptor.NameMatchTransactionAttributeSource - Adding transactional method [search*] with attribute [PROPAGATION_REQUIRED,ISOLATION_DEFAULT,readOnly]
01:23:49.297 [main] DEBUG org.springframework.transaction.interceptor.NameMatchTransactionAttributeSource - Adding transactional method [datagrid*] with attribute [PROPAGATION_REQUIRED,ISOLATION_DEFAULT,readOnly]
01:23:49.297 [main] DEBUG org.springframework.transaction.interceptor.NameMatchTransactionAttributeSource - Adding transactional method [*] with attribute [PROPAGATION_REQUIRED,ISOLATION_DEFAULT]
01:23:49.297 [main] DEBUG org.springframework.beans.factory.support.DefaultListableBeanFactory - Returning cached instance of singleton bean &apos;org.springframework.aop.support.DefaultBeanFactoryPointcutAdvisor#0&apos;
01:23:49.297 [main] DEBUG org.springframework.beans.factory.support.DefaultListableBeanFactory - Returning cached instance of singleton bean &apos;org.springframework.aop.support.DefaultBeanFactoryPointcutAdvisor#0&apos;
01:23:49.297 [main] DEBUG org.springframework.beans.factory.support.DefaultListableBeanFactory - Finished creating instance of bean &apos;(inner bean)#5a021cb9&apos;
01:23:49.298 [main] DEBUG org.springframework.beans.factory.support.DefaultListableBeanFactory - Invoking afterPropertiesSet() on bean with name &apos;transactionAdvice&apos;
01:23:49.298 [main] DEBUG org.springframework.beans.factory.support.DefaultListableBeanFactory - Finished creating instance of bean &apos;transactionAdvice&apos;
01:23:49.298 [main] DEBUG org.springframework.aop.aspectj.autoproxy.AspectJAwareAdvisorAutoProxyCreator - Creating implicit proxy for bean &apos;aboutusService&apos; with 0 common interceptors and 2 specific interceptors
01:23:49.298 [main] DEBUG org.springframework.aop.framework.JdkDynamicAopProxy - Creating JDK dynamic proxy: target source is SingletonTargetSource for target object [com.service.impl.AboutusServiceImpl@51768776]
01:23:49.298 [main] DEBUG org.springframework.beans.factory.support.DefaultListableBeanFactory - Finished creating instance of bean &apos;aboutusService&apos;
01:23:49.298 [main] DEBUG org.springframework.beans.factory.support.DefaultListableBeanFactory - Creating shared instance of singleton bean &apos;chatService&apos;
01:23:49.298 [main] DEBUG org.springframework.beans.factory.support.DefaultListableBeanFactory - Creating instance of bean &apos;chatService&apos;
01:23:49.298 [main] DEBUG org.springframework.beans.factory.support.DefaultListableBeanFactory - Returning cached instance of singleton bean &apos;org.springframework.aop.support.DefaultBeanFactoryPointcutAdvisor#0&apos;
01:23:49.298 [main] DEBUG org.springframework.beans.factory.annotation.InjectionMetadata - Registered injected element on class [com.service.impl.ChatServiceImpl]: AutowiredFieldElement for protected com.baomidou.mybatisplus.mapper.BaseMapper com.baomidou.mybatisplus.service.impl.ServiceImpl.baseMapper
01:23:49.298 [main] DEBUG org.springframework.beans.factory.support.DefaultListableBeanFactory - Eagerly caching bean &apos;chatService&apos; to allow for resolving potential circular references
01:23:49.301 [main] DEBUG org.springframework.beans.factory.annotation.InjectionMetadata - Processing injected element of bean &apos;chatService&apos;: AutowiredFieldElement for protected com.baomidou.mybatisplus.mapper.BaseMapper com.baomidou.mybatisplus.service.impl.ServiceImpl.baseMapper
01:23:49.301 [main] DEBUG org.springframework.core.annotation.AnnotationUtils - Failed to meta-introspect annotation [interface org.springframework.beans.factory.annotation.Autowired]: java.lang.IllegalArgumentException: Annotation must not be null
01:23:49.301 [main] DEBUG org.springframework.beans.factory.support.DefaultListableBeanFactory - Creating shared instance of singleton bean &apos;chatDao&apos;
01:23:49.301 [main] DEBUG org.springframework.beans.factory.support.DefaultListableBeanFactory - Creating instance of bean &apos;chatDao&apos;
01:23:49.301 [main] DEBUG org.springframework.beans.factory.support.DefaultListableBeanFactory - Returning cached instance of singleton bean &apos;org.springframework.aop.support.DefaultBeanFactoryPointcutAdvisor#0&apos;
01:23:49.301 [main] DEBUG org.springframework.beans.factory.support.DefaultListableBeanFactory - Eagerly caching bean &apos;chatDao&apos; to allow for resolving potential circular references
01:23:49.301 [main] DEBUG org.springframework.beans.factory.support.DefaultListableBeanFactory - Returning cached instance of singleton bean &apos;sqlSessionFactory&apos;
01:23:49.301 [main] DEBUG org.springframework.beans.factory.support.DefaultListableBeanFactory - Autowiring by type from bean name &apos;chatDao&apos; via property &apos;sqlSessionFactory&apos; to bean named &apos;sqlSessionFactory&apos;
01:23:49.303 [main] DEBUG org.springframework.beans.factory.support.DefaultListableBeanFactory - Invoking afterPropertiesSet() on bean with name &apos;chatDao&apos;
01:23:49.303 [main] DEBUG org.springframework.beans.factory.support.DefaultListableBeanFactory - Returning cached instance of singleton bean &apos;org.springframework.aop.support.DefaultBeanFactoryPointcutAdvisor#0&apos;
01:23:49.303 [main] DEBUG org.springframework.beans.factory.support.DefaultListableBeanFactory - Returning cached instance of singleton bean &apos;org.springframework.aop.support.DefaultBeanFactoryPointcutAdvisor#0&apos;
01:23:49.303 [main] DEBUG org.springframework.beans.factory.support.DefaultListableBeanFactory - Finished creating instance of bean &apos;chatDao&apos;
01:23:49.303 [main] DEBUG org.springframework.beans.factory.support.DefaultListableBeanFactory - Returning cached instance of singleton bean &apos;org.springframework.aop.support.DefaultBeanFactoryPointcutAdvisor#0&apos;
01:23:49.303 [main] DEBUG org.springframework.beans.factory.support.DefaultListableBeanFactory - Returning cached instance of singleton bean &apos;org.springframework.aop.support.DefaultBeanFactoryPointcutAdvisor#0&apos;
01:23:49.304 [main] DEBUG org.springframework.beans.factory.annotation.AutowiredAnnotationBeanPostProcessor - Autowiring by type from bean name &apos;chatService&apos; to bean named &apos;chatDao&apos;
01:23:49.304 [main] DEBUG org.springframework.beans.factory.support.DefaultListableBeanFactory - Returning cached instance of singleton bean &apos;org.springframework.aop.support.DefaultBeanFactoryPointcutAdvisor#0&apos;
01:23:49.304 [main] DEBUG org.springframework.beans.factory.support.DefaultListableBeanFactory - Returning cached instance of singleton bean &apos;org.springframework.aop.support.DefaultBeanFactoryPointcutAdvisor#0&apos;
01:23:49.305 [main] DEBUG org.springframework.aop.aspectj.autoproxy.AspectJAwareAdvisorAutoProxyCreator - Creating implicit proxy for bean &apos;chatService&apos; with 0 common interceptors and 2 specific interceptors
01:23:49.305 [main] DEBUG org.springframework.aop.framework.JdkDynamicAopProxy - Creating JDK dynamic proxy: target source is SingletonTargetSource for target object [com.service.impl.ChatServiceImpl@67af833b]
01:23:49.305 [main] DEBUG org.springframework.beans.factory.support.DefaultListableBeanFactory - Finished creating instance of bean &apos;chatService&apos;
01:23:49.305 [main] DEBUG org.springframework.beans.factory.support.DefaultListableBeanFactory - Creating shared instance of singleton bean &apos;commonService&apos;
01:23:49.305 [main] DEBUG org.springframework.beans.factory.support.DefaultListableBeanFactory - Creating instance of bean &apos;commonService&apos;
01:23:49.305 [main] DEBUG org.springframework.beans.factory.support.DefaultListableBeanFactory - Returning cached instance of singleton bean &apos;org.springframework.aop.support.DefaultBeanFactoryPointcutAdvisor#0&apos;
01:23:49.305 [main] DEBUG org.springframework.beans.factory.annotation.InjectionMetadata - Registered injected element on class [com.service.impl.CommonServiceImpl]: AutowiredFieldElement for private com.dao.CommonDao com.service.impl.CommonServiceImpl.commonDao
01:23:49.305 [main] DEBUG org.springframework.beans.factory.support.DefaultListableBeanFactory - Eagerly caching bean &apos;commonService&apos; to allow for resolving potential circular references
01:23:49.306 [main] DEBUG org.springframework.beans.factory.annotation.InjectionMetadata - Processing injected element of bean &apos;commonService&apos;: AutowiredFieldElement for private com.dao.CommonDao com.service.impl.CommonServiceImpl.commonDao
01:23:49.306 [main] DEBUG org.springframework.core.annotation.AnnotationUtils - Failed to meta-introspect annotation [interface org.springframework.beans.factory.annotation.Autowired]: java.lang.IllegalArgumentException: Annotation must not be null
01:23:49.306 [main] DEBUG org.springframework.beans.factory.support.DefaultListableBeanFactory - Creating shared instance of singleton bean &apos;commonDao&apos;
01:23:49.306 [main] DEBUG org.springframework.beans.factory.support.DefaultListableBeanFactory - Creating instance of bean &apos;commonDao&apos;
01:23:49.306 [main] DEBUG org.springframework.beans.factory.support.DefaultListableBeanFactory - Returning cached instance of singleton bean &apos;org.springframework.aop.support.DefaultBeanFactoryPointcutAdvisor#0&apos;
01:23:49.306 [main] DEBUG org.springframework.beans.factory.support.DefaultListableBeanFactory - Eagerly caching bean &apos;commonDao&apos; to allow for resolving potential circular references
01:23:49.306 [main] DEBUG org.springframework.beans.factory.support.DefaultListableBeanFactory - Returning cached instance of singleton bean &apos;sqlSessionFactory&apos;
01:23:49.306 [main] DEBUG org.springframework.beans.factory.support.DefaultListableBeanFactory - Autowiring by type from bean name &apos;commonDao&apos; via property &apos;sqlSessionFactory&apos; to bean named &apos;sqlSessionFactory&apos;
01:23:49.307 [main] DEBUG org.springframework.beans.factory.support.DefaultListableBeanFactory - Invoking afterPropertiesSet() on bean with name &apos;commonDao&apos;
01:23:49.307 [main] DEBUG org.springframework.beans.factory.support.DefaultListableBeanFactory - Returning cached instance of singleton bean &apos;org.springframework.aop.support.DefaultBeanFactoryPointcutAdvisor#0&apos;
01:23:49.307 [main] DEBUG org.springframework.beans.factory.support.DefaultListableBeanFactory - Returning cached instance of singleton bean &apos;org.springframework.aop.support.DefaultBeanFactoryPointcutAdvisor#0&apos;
01:23:49.307 [main] DEBUG org.springframework.beans.factory.support.DefaultListableBeanFactory - Finished creating instance of bean &apos;commonDao&apos;
01:23:49.307 [main] DEBUG org.springframework.beans.factory.support.DefaultListableBeanFactory - Returning cached instance of singleton bean &apos;org.springframework.aop.support.DefaultBeanFactoryPointcutAdvisor#0&apos;
01:23:49.307 [main] DEBUG org.springframework.beans.factory.support.DefaultListableBeanFactory - Returning cached instance of singleton bean &apos;org.springframework.aop.support.DefaultBeanFactoryPointcutAdvisor#0&apos;
01:23:49.307 [main] DEBUG org.springframework.beans.factory.annotation.AutowiredAnnotationBeanPostProcessor - Autowiring by type from bean name &apos;commonService&apos; to bean named &apos;commonDao&apos;
01:23:49.307 [main] DEBUG org.springframework.beans.factory.support.DefaultListableBeanFactory - Returning cached instance of singleton bean &apos;org.springframework.aop.support.DefaultBeanFactoryPointcutAdvisor#0&apos;
01:23:49.308 [main] DEBUG org.springframework.beans.factory.support.DefaultListableBeanFactory - Returning cached instance of singleton bean &apos;org.springframework.aop.support.DefaultBeanFactoryPointcutAdvisor#0&apos;
01:23:49.309 [main] DEBUG org.springframework.aop.aspectj.autoproxy.AspectJAwareAdvisorAutoProxyCreator - Creating implicit proxy for bean &apos;commonService&apos; with 0 common interceptors and 2 specific interceptors
01:23:49.309 [main] DEBUG org.springframework.aop.framework.JdkDynamicAopProxy - Creating JDK dynamic proxy: target source is SingletonTargetSource for target object [com.service.impl.CommonServiceImpl@5c77053b]
01:23:49.309 [main] DEBUG org.springframework.beans.factory.support.DefaultListableBeanFactory - Finished creating instance of bean &apos;commonService&apos;
01:23:49.309 [main] DEBUG org.springframework.beans.factory.support.DefaultListableBeanFactory - Creating shared instance of singleton bean &apos;configService&apos;
01:23:49.309 [main] DEBUG org.springframework.beans.factory.support.DefaultListableBeanFactory - Creating instance of bean &apos;configService&apos;
01:23:49.309 [main] DEBUG org.springframework.beans.factory.support.DefaultListableBeanFactory - Returning cached instance of singleton bean &apos;org.springframework.aop.support.DefaultBeanFactoryPointcutAdvisor#0&apos;
01:23:49.310 [main] DEBUG org.springframework.beans.factory.annotation.InjectionMetadata - Registered injected element on class [com.service.impl.ConfigServiceImpl]: AutowiredFieldElement for protected com.baomidou.mybatisplus.mapper.BaseMapper com.baomidou.mybatisplus.service.impl.ServiceImpl.baseMapper
01:23:49.310 [main] DEBUG org.springframework.beans.factory.support.DefaultListableBeanFactory - Eagerly caching bean &apos;configService&apos; to allow for resolving potential circular references
01:23:49.311 [main] DEBUG org.springframework.beans.factory.annotation.InjectionMetadata - Processing injected element of bean &apos;configService&apos;: AutowiredFieldElement for protected com.baomidou.mybatisplus.mapper.BaseMapper com.baomidou.mybatisplus.service.impl.ServiceImpl.baseMapper
01:23:49.311 [main] DEBUG org.springframework.core.annotation.AnnotationUtils - Failed to meta-introspect annotation [interface org.springframework.beans.factory.annotation.Autowired]: java.lang.IllegalArgumentException: Annotation must not be null
01:23:49.311 [main] DEBUG org.springframework.beans.factory.support.DefaultListableBeanFactory - Creating shared instance of singleton bean &apos;configDao&apos;
01:23:49.311 [main] DEBUG org.springframework.beans.factory.support.DefaultListableBeanFactory - Creating instance of bean &apos;configDao&apos;
01:23:49.311 [main] DEBUG org.springframework.beans.factory.support.DefaultListableBeanFactory - Returning cached instance of singleton bean &apos;org.springframework.aop.support.DefaultBeanFactoryPointcutAdvisor#0&apos;
01:23:49.311 [main] DEBUG org.springframework.beans.factory.support.DefaultListableBeanFactory - Eagerly caching bean &apos;configDao&apos; to allow for resolving potential circular references
01:23:49.311 [main] DEBUG org.springframework.beans.factory.support.DefaultListableBeanFactory - Returning cached instance of singleton bean &apos;sqlSessionFactory&apos;
01:23:49.311 [main] DEBUG org.springframework.beans.factory.support.DefaultListableBeanFactory - Autowiring by type from bean name &apos;configDao&apos; via property &apos;sqlSessionFactory&apos; to bean named &apos;sqlSessionFactory&apos;
01:23:49.312 [main] DEBUG org.springframework.beans.factory.support.DefaultListableBeanFactory - Invoking afterPropertiesSet() on bean with name &apos;configDao&apos;
01:23:49.312 [main] DEBUG org.springframework.beans.factory.support.DefaultListableBeanFactory - Returning cached instance of singleton bean &apos;org.springframework.aop.support.DefaultBeanFactoryPointcutAdvisor#0&apos;
01:23:49.312 [main] DEBUG org.springframework.beans.factory.support.DefaultListableBeanFactory - Returning cached instance of singleton bean &apos;org.springframework.aop.support.DefaultBeanFactoryPointcutAdvisor#0&apos;
01:23:49.312 [main] DEBUG org.springframework.beans.factory.support.DefaultListableBeanFactory - Finished creating instance of bean &apos;configDao&apos;
01:23:49.312 [main] DEBUG org.springframework.beans.factory.support.DefaultListableBeanFactory - Returning cached instance of singleton bean &apos;org.springframework.aop.support.DefaultBeanFactoryPointcutAdvisor#0&apos;
01:23:49.312 [main] DEBUG org.springframework.beans.factory.support.DefaultListableBeanFactory - Returning cached instance of singleton bean &apos;org.springframework.aop.support.DefaultBeanFactoryPointcutAdvisor#0&apos;
01:23:49.312 [main] DEBUG org.springframework.beans.factory.annotation.AutowiredAnnotationBeanPostProcessor - Autowiring by type from bean name &apos;configService&apos; to bean named &apos;configDao&apos;
01:23:49.312 [main] DEBUG org.springframework.beans.factory.support.DefaultListableBeanFactory - Returning cached instance of singleton bean &apos;org.springframework.aop.support.DefaultBeanFactoryPointcutAdvisor#0&apos;
01:23:49.312 [main] DEBUG org.springframework.beans.factory.support.DefaultListableBeanFactory - Returning cached instance of singleton bean &apos;org.springframework.aop.support.DefaultBeanFactoryPointcutAdvisor#0&apos;
01:23:49.313 [main] DEBUG org.springframework.aop.aspectj.autoproxy.AspectJAwareAdvisorAutoProxyCreator - Creating implicit proxy for bean &apos;configService&apos; with 0 common interceptors and 2 specific interceptors
01:23:49.313 [main] DEBUG org.springframework.aop.framework.JdkDynamicAopProxy - Creating JDK dynamic proxy: target source is SingletonTargetSource for target object [com.service.impl.ConfigServiceImpl@62f87c44]
01:23:49.313 [main] DEBUG org.springframework.beans.factory.support.DefaultListableBeanFactory - Finished creating instance of bean &apos;configService&apos;
01:23:49.313 [main] DEBUG org.springframework.beans.factory.support.DefaultListableBeanFactory - Creating shared instance of singleton bean &apos;discussService&apos;
01:23:49.313 [main] DEBUG org.springframework.beans.factory.support.DefaultListableBeanFactory - Creating instance of bean &apos;discussService&apos;
01:23:49.313 [main] DEBUG org.springframework.beans.factory.support.DefaultListableBeanFactory - Returning cached instance of singleton bean &apos;org.springframework.aop.support.DefaultBeanFactoryPointcutAdvisor#0&apos;
01:23:49.313 [main] DEBUG org.springframework.beans.factory.annotation.InjectionMetadata - Registered injected element on class [com.service.impl.DiscussPetServiceImpl]: AutowiredFieldElement for protected com.baomidou.mybatisplus.mapper.BaseMapper com.baomidou.mybatisplus.service.impl.ServiceImpl.baseMapper
01:23:49.313 [main] DEBUG org.springframework.beans.factory.support.DefaultListableBeanFactory - Eagerly caching bean &apos;discussService&apos; to allow for resolving potential circular references
01:23:49.314 [main] DEBUG org.springframework.beans.factory.annotation.InjectionMetadata - Processing injected element of bean &apos;discussService&apos;: AutowiredFieldElement for protected com.baomidou.mybatisplus.mapper.BaseMapper com.baomidou.mybatisplus.service.impl.ServiceImpl.baseMapper
01:23:49.314 [main] DEBUG org.springframework.core.annotation.AnnotationUtils - Failed to meta-introspect annotation [interface org.springframework.beans.factory.annotation.Autowired]: java.lang.IllegalArgumentException: Annotation must not be null
01:23:49.315 [main] DEBUG org.springframework.beans.factory.support.DefaultListableBeanFactory - Creating shared instance of singleton bean &apos;discussPetDao&apos;
01:23:49.315 [main] DEBUG org.springframework.beans.factory.support.DefaultListableBeanFactory - Creating instance of bean &apos;discussPetDao&apos;
01:23:49.315 [main] DEBUG org.springframework.beans.factory.support.DefaultListableBeanFactory - Returning cached instance of singleton bean &apos;org.springframework.aop.support.DefaultBeanFactoryPointcutAdvisor#0&apos;
01:23:49.315 [main] DEBUG org.springframework.beans.factory.support.DefaultListableBeanFactory - Eagerly caching bean &apos;discussPetDao&apos; to allow for resolving potential circular references
01:23:49.315 [main] DEBUG org.springframework.beans.factory.support.DefaultListableBeanFactory - Returning cached instance of singleton bean &apos;sqlSessionFactory&apos;
01:23:49.315 [main] DEBUG org.springframework.beans.factory.support.DefaultListableBeanFactory - Autowiring by type from bean name &apos;discussPetDao&apos; via property &apos;sqlSessionFactory&apos; to bean named &apos;sqlSessionFactory&apos;
01:23:49.315 [main] DEBUG org.springframework.beans.factory.support.DefaultListableBeanFactory - Invoking afterPropertiesSet() on bean with name &apos;discussPetDao&apos;
01:23:49.315 [main] DEBUG org.springframework.beans.factory.support.DefaultListableBeanFactory - Returning cached instance of singleton bean &apos;org.springframework.aop.support.DefaultBeanFactoryPointcutAdvisor#0&apos;
01:23:49.315 [main] DEBUG org.springframework.beans.factory.support.DefaultListableBeanFactory - Returning cached instance of singleton bean &apos;org.springframework.aop.support.DefaultBeanFactoryPointcutAdvisor#0&apos;
01:23:49.315 [main] DEBUG org.springframework.beans.factory.support.DefaultListableBeanFactory - Finished creating instance of bean &apos;discussPetDao&apos;
01:23:49.315 [main] DEBUG org.springframework.beans.factory.support.DefaultListableBeanFactory - Returning cached instance of singleton bean &apos;org.springframework.aop.support.DefaultBeanFactoryPointcutAdvisor#0&apos;
01:23:49.316 [main] DEBUG org.springframework.beans.factory.support.DefaultListableBeanFactory - Returning cached instance of singleton bean &apos;org.springframework.aop.support.DefaultBeanFactoryPointcutAdvisor#0&apos;
01:23:49.316 [main] DEBUG org.springframework.beans.factory.annotation.AutowiredAnnotationBeanPostProcessor - Autowiring by type from bean name &apos;discussService&apos; to bean named &apos;discussPetDao&apos;
01:23:49.316 [main] DEBUG org.springframework.beans.factory.support.DefaultListableBeanFactory - Returning cached instance of singleton bean &apos;org.springframework.aop.support.DefaultBeanFactoryPointcutAdvisor#0&apos;
01:23:49.316 [main] DEBUG org.springframework.beans.factory.support.DefaultListableBeanFactory - Returning cached instance of singleton bean &apos;org.springframework.aop.support.DefaultBeanFactoryPointcutAdvisor#0&apos;
01:23:49.316 [main] DEBUG org.springframework.aop.aspectj.autoproxy.AspectJAwareAdvisorAutoProxyCreator - Creating implicit proxy for bean &apos;discussService&apos; with 0 common interceptors and 2 specific interceptors
01:23:49.316 [main] DEBUG org.springframework.aop.framework.JdkDynamicAopProxy - Creating JDK dynamic proxy: target source is SingletonTargetSource for target object [com.service.impl.DiscussPetServiceImpl@2ca65ce4]
01:23:49.316 [main] DEBUG org.springframework.beans.factory.support.DefaultListableBeanFactory - Finished creating instance of bean &apos;discussService&apos;
01:23:49.317 [main] DEBUG org.springframework.beans.factory.support.DefaultListableBeanFactory - Creating shared instance of singleton bean &apos;imageclassService&apos;
01:23:49.317 [main] DEBUG org.springframework.beans.factory.support.DefaultListableBeanFactory - Creating instance of bean &apos;imageclassService&apos;
01:23:49.317 [main] DEBUG org.springframework.beans.factory.support.DefaultListableBeanFactory - Returning cached instance of singleton bean &apos;org.springframework.aop.support.DefaultBeanFactoryPointcutAdvisor#0&apos;
01:23:49.317 [main] DEBUG org.springframework.beans.factory.annotation.InjectionMetadata - Registered injected element on class [com.service.impl.ImageClassServiceImpl]: AutowiredFieldElement for protected com.baomidou.mybatisplus.mapper.BaseMapper com.baomidou.mybatisplus.service.impl.ServiceImpl.baseMapper
01:23:49.317 [main] DEBUG org.springframework.beans.factory.support.DefaultListableBeanFactory - Eagerly caching bean &apos;imageclassService&apos; to allow for resolving potential circular references
01:23:49.318 [main] DEBUG org.springframework.beans.factory.annotation.InjectionMetadata - Processing injected element of bean &apos;imageclassService&apos;: AutowiredFieldElement for protected com.baomidou.mybatisplus.mapper.BaseMapper com.baomidou.mybatisplus.service.impl.ServiceImpl.baseMapper
01:23:49.318 [main] DEBUG org.springframework.core.annotation.AnnotationUtils - Failed to meta-introspect annotation [interface org.springframework.beans.factory.annotation.Autowired]: java.lang.IllegalArgumentException: Annotation must not be null
01:23:49.318 [main] DEBUG org.springframework.beans.factory.support.DefaultListableBeanFactory - Creating shared instance of singleton bean &apos;imageClassDao&apos;
01:23:49.318 [main] DEBUG org.springframework.beans.factory.support.DefaultListableBeanFactory - Creating instance of bean &apos;imageClassDao&apos;
01:23:49.318 [main] DEBUG org.springframework.beans.factory.support.DefaultListableBeanFactory - Returning cached instance of singleton bean &apos;org.springframework.aop.support.DefaultBeanFactoryPointcutAdvisor#0&apos;
01:23:49.318 [main] DEBUG org.springframework.beans.factory.support.DefaultListableBeanFactory - Eagerly caching bean &apos;imageClassDao&apos; to allow for resolving potential circular references
01:23:49.318 [main] DEBUG org.springframework.beans.factory.support.DefaultListableBeanFactory - Returning cached instance of singleton bean &apos;sqlSessionFactory&apos;
01:23:49.318 [main] DEBUG org.springframework.beans.factory.support.DefaultListableBeanFactory - Autowiring by type from bean name &apos;imageClassDao&apos; via property &apos;sqlSessionFactory&apos; to bean named &apos;sqlSessionFactory&apos;
01:23:49.319 [main] DEBUG org.springframework.beans.factory.support.DefaultListableBeanFactory - Invoking afterPropertiesSet() on bean with name &apos;imageClassDao&apos;
01:23:49.319 [main] DEBUG org.springframework.beans.factory.support.DefaultListableBeanFactory - Returning cached instance of singleton bean &apos;org.springframework.aop.support.DefaultBeanFactoryPointcutAdvisor#0&apos;
01:23:49.319 [main] DEBUG org.springframework.beans.factory.support.DefaultListableBeanFactory - Returning cached instance of singleton bean &apos;org.springframework.aop.support.DefaultBeanFactoryPointcutAdvisor#0&apos;
01:23:49.319 [main] DEBUG org.springframework.beans.factory.support.DefaultListableBeanFactory - Finished creating instance of bean &apos;imageClassDao&apos;
01:23:49.319 [main] DEBUG org.springframework.beans.factory.support.DefaultListableBeanFactory - Returning cached instance of singleton bean &apos;org.springframework.aop.support.DefaultBeanFactoryPointcutAdvisor#0&apos;
01:23:49.319 [main] DEBUG org.springframework.beans.factory.support.DefaultListableBeanFactory - Returning cached instance of singleton bean &apos;org.springframework.aop.support.DefaultBeanFactoryPointcutAdvisor#0&apos;
01:23:49.321 [main] DEBUG org.springframework.beans.factory.annotation.AutowiredAnnotationBeanPostProcessor - Autowiring by type from bean name &apos;imageclassService&apos; to bean named &apos;imageClassDao&apos;
01:23:49.321 [main] DEBUG org.springframework.beans.factory.support.DefaultListableBeanFactory - Returning cached instance of singleton bean &apos;org.springframework.aop.support.DefaultBeanFactoryPointcutAdvisor#0&apos;
01:23:49.321 [main] DEBUG org.springframework.beans.factory.support.DefaultListableBeanFactory - Returning cached instance of singleton bean &apos;org.springframework.aop.support.DefaultBeanFactoryPointcutAdvisor#0&apos;
01:23:49.321 [main] DEBUG org.springframework.aop.aspectj.autoproxy.AspectJAwareAdvisorAutoProxyCreator - Creating implicit proxy for bean &apos;imageclassService&apos; with 0 common interceptors and 2 specific interceptors
01:23:49.321 [main] DEBUG org.springframework.aop.framework.JdkDynamicAopProxy - Creating JDK dynamic proxy: target source is SingletonTargetSource for target object [com.service.impl.ImageClassServiceImpl@672f11c2]
01:23:49.321 [main] DEBUG org.springframework.beans.factory.support.DefaultListableBeanFactory - Finished creating instance of bean &apos;imageclassService&apos;
01:23:49.322 [main] DEBUG org.springframework.beans.factory.support.DefaultListableBeanFactory - Creating shared instance of singleton bean &apos;userService&apos;
01:23:49.322 [main] DEBUG org.springframework.beans.factory.support.DefaultListableBeanFactory - Creating instance of bean &apos;userService&apos;
01:23:49.322 [main] DEBUG org.springframework.beans.factory.support.DefaultListableBeanFactory - Returning cached instance of singleton bean &apos;org.springframework.aop.support.DefaultBeanFactoryPointcutAdvisor#0&apos;
01:23:49.322 [main] DEBUG org.springframework.beans.factory.annotation.InjectionMetadata - Registered injected element on class [com.service.impl.LoginUserServiceImpl]: AutowiredFieldElement for protected com.baomidou.mybatisplus.mapper.BaseMapper com.baomidou.mybatisplus.service.impl.ServiceImpl.baseMapper
01:23:49.322 [main] DEBUG org.springframework.beans.factory.support.DefaultListableBeanFactory - Eagerly caching bean &apos;userService&apos; to allow for resolving potential circular references
01:23:49.324 [main] DEBUG org.springframework.beans.factory.annotation.InjectionMetadata - Processing injected element of bean &apos;userService&apos;: AutowiredFieldElement for protected com.baomidou.mybatisplus.mapper.BaseMapper com.baomidou.mybatisplus.service.impl.ServiceImpl.baseMapper
01:23:49.324 [main] DEBUG org.springframework.core.annotation.AnnotationUtils - Failed to meta-introspect annotation [interface org.springframework.beans.factory.annotation.Autowired]: java.lang.IllegalArgumentException: Annotation must not be null
01:23:49.324 [main] DEBUG org.springframework.beans.factory.support.DefaultListableBeanFactory - Creating shared instance of singleton bean &apos;loginUserDao&apos;
01:23:49.325 [main] DEBUG org.springframework.beans.factory.support.DefaultListableBeanFactory - Creating instance of bean &apos;loginUserDao&apos;
01:23:49.325 [main] DEBUG org.springframework.beans.factory.support.DefaultListableBeanFactory - Returning cached instance of singleton bean &apos;org.springframework.aop.support.DefaultBeanFactoryPointcutAdvisor#0&apos;
01:23:49.325 [main] DEBUG org.springframework.beans.factory.support.DefaultListableBeanFactory - Eagerly caching bean &apos;loginUserDao&apos; to allow for resolving potential circular references
01:23:49.325 [main] DEBUG org.springframework.beans.factory.support.DefaultListableBeanFactory - Returning cached instance of singleton bean &apos;sqlSessionFactory&apos;
01:23:49.325 [main] DEBUG org.springframework.beans.factory.support.DefaultListableBeanFactory - Autowiring by type from bean name &apos;loginUserDao&apos; via property &apos;sqlSessionFactory&apos; to bean named &apos;sqlSessionFactory&apos;
01:23:49.325 [main] DEBUG org.springframework.beans.factory.support.DefaultListableBeanFactory - Invoking afterPropertiesSet() on bean with name &apos;loginUserDao&apos;
01:23:49.325 [main] DEBUG org.springframework.beans.factory.support.DefaultListableBeanFactory - Returning cached instance of singleton bean &apos;org.springframework.aop.support.DefaultBeanFactoryPointcutAdvisor#0&apos;
01:23:49.325 [main] DEBUG org.springframework.beans.factory.support.DefaultListableBeanFactory - Returning cached instance of singleton bean &apos;org.springframework.aop.support.DefaultBeanFactoryPointcutAdvisor#0&apos;
01:23:49.325 [main] DEBUG org.springframework.beans.factory.support.DefaultListableBeanFactory - Finished creating instance of bean &apos;loginUserDao&apos;
01:23:49.325 [main] DEBUG org.springframework.beans.factory.support.DefaultListableBeanFactory - Returning cached instance of singleton bean &apos;org.springframework.aop.support.DefaultBeanFactoryPointcutAdvisor#0&apos;
01:23:49.325 [main] DEBUG org.springframework.beans.factory.support.DefaultListableBeanFactory - Returning cached instance of singleton bean &apos;org.springframework.aop.support.DefaultBeanFactoryPointcutAdvisor#0&apos;
01:23:49.327 [main] DEBUG org.springframework.beans.factory.annotation.AutowiredAnnotationBeanPostProcessor - Autowiring by type from bean name &apos;userService&apos; to bean named &apos;loginUserDao&apos;
01:23:49.327 [main] DEBUG org.springframework.beans.factory.support.DefaultListableBeanFactory - Returning cached instance of singleton bean &apos;org.springframework.aop.support.DefaultBeanFactoryPointcutAdvisor#0&apos;
01:23:49.327 [main] DEBUG org.springframework.beans.factory.support.DefaultListableBeanFactory - Returning cached instance of singleton bean &apos;org.springframework.aop.support.DefaultBeanFactoryPointcutAdvisor#0&apos;
01:23:49.327 [main] DEBUG org.springframework.aop.aspectj.autoproxy.AspectJAwareAdvisorAutoProxyCreator - Creating implicit proxy for bean &apos;userService&apos; with 0 common interceptors and 2 specific interceptors
01:23:49.327 [main] DEBUG org.springframework.aop.framework.JdkDynamicAopProxy - Creating JDK dynamic proxy: target source is SingletonTargetSource for target object [com.service.impl.LoginUserServiceImpl@40f33492]
01:23:49.327 [main] DEBUG org.springframework.beans.factory.support.DefaultListableBeanFactory - Finished creating instance of bean &apos;userService&apos;
01:23:49.327 [main] DEBUG org.springframework.beans.factory.support.DefaultListableBeanFactory - Creating shared instance of singleton bean &apos;newsService&apos;
01:23:49.327 [main] DEBUG org.springframework.beans.factory.support.DefaultListableBeanFactory - Creating instance of bean &apos;newsService&apos;
01:23:49.327 [main] DEBUG org.springframework.beans.factory.support.DefaultListableBeanFactory - Returning cached instance of singleton bean &apos;org.springframework.aop.support.DefaultBeanFactoryPointcutAdvisor#0&apos;
01:23:49.328 [main] DEBUG org.springframework.beans.factory.annotation.InjectionMetadata - Registered injected element on class [com.service.impl.NewsServiceImpl]: AutowiredFieldElement for protected com.baomidou.mybatisplus.mapper.BaseMapper com.baomidou.mybatisplus.service.impl.ServiceImpl.baseMapper
01:23:49.328 [main] DEBUG org.springframework.beans.factory.support.DefaultListableBeanFactory - Eagerly caching bean &apos;newsService&apos; to allow for resolving potential circular references
01:23:49.329 [main] DEBUG org.springframework.beans.factory.annotation.InjectionMetadata - Processing injected element of bean &apos;newsService&apos;: AutowiredFieldElement for protected com.baomidou.mybatisplus.mapper.BaseMapper com.baomidou.mybatisplus.service.impl.ServiceImpl.baseMapper
01:23:49.329 [main] DEBUG org.springframework.core.annotation.AnnotationUtils - Failed to meta-introspect annotation [interface org.springframework.beans.factory.annotation.Autowired]: java.lang.IllegalArgumentException: Annotation must not be null
01:23:49.329 [main] DEBUG org.springframework.beans.factory.support.DefaultListableBeanFactory - Creating shared instance of singleton bean &apos;newsDao&apos;
01:23:49.329 [main] DEBUG org.springframework.beans.factory.support.DefaultListableBeanFactory - Creating instance of bean &apos;newsDao&apos;
01:23:49.329 [main] DEBUG org.springframework.beans.factory.support.DefaultListableBeanFactory - Returning cached instance of singleton bean &apos;org.springframework.aop.support.DefaultBeanFactoryPointcutAdvisor#0&apos;
01:23:49.329 [main] DEBUG org.springframework.beans.factory.support.DefaultListableBeanFactory - Eagerly caching bean &apos;newsDao&apos; to allow for resolving potential circular references
01:23:49.329 [main] DEBUG org.springframework.beans.factory.support.DefaultListableBeanFactory - Returning cached instance of singleton bean &apos;sqlSessionFactory&apos;
01:23:49.331 [main] DEBUG org.springframework.beans.factory.support.DefaultListableBeanFactory - Autowiring by type from bean name &apos;newsDao&apos; via property &apos;sqlSessionFactory&apos; to bean named &apos;sqlSessionFactory&apos;
01:23:49.331 [main] DEBUG org.springframework.beans.factory.support.DefaultListableBeanFactory - Invoking afterPropertiesSet() on bean with name &apos;newsDao&apos;
01:23:49.331 [main] DEBUG org.springframework.beans.factory.support.DefaultListableBeanFactory - Returning cached instance of singleton bean &apos;org.springframework.aop.support.DefaultBeanFactoryPointcutAdvisor#0&apos;
01:23:49.331 [main] DEBUG org.springframework.beans.factory.support.DefaultListableBeanFactory - Returning cached instance of singleton bean &apos;org.springframework.aop.support.DefaultBeanFactoryPointcutAdvisor#0&apos;
01:23:49.331 [main] DEBUG org.springframework.beans.factory.support.DefaultListableBeanFactory - Finished creating instance of bean &apos;newsDao&apos;
01:23:49.331 [main] DEBUG org.springframework.beans.factory.support.DefaultListableBeanFactory - Returning cached instance of singleton bean &apos;org.springframework.aop.support.DefaultBeanFactoryPointcutAdvisor#0&apos;
01:23:49.331 [main] DEBUG org.springframework.beans.factory.support.DefaultListableBeanFactory - Returning cached instance of singleton bean &apos;org.springframework.aop.support.DefaultBeanFactoryPointcutAdvisor#0&apos;
01:23:49.332 [main] DEBUG org.springframework.beans.factory.annotation.AutowiredAnnotationBeanPostProcessor - Autowiring by type from bean name &apos;newsService&apos; to bean named &apos;newsDao&apos;
01:23:49.332 [main] DEBUG org.springframework.beans.factory.support.DefaultListableBeanFactory - Returning cached instance of singleton bean &apos;org.springframework.aop.support.DefaultBeanFactoryPointcutAdvisor#0&apos;
01:23:49.332 [main] DEBUG org.springframework.beans.factory.support.DefaultListableBeanFactory - Returning cached instance of singleton bean &apos;org.springframework.aop.support.DefaultBeanFactoryPointcutAdvisor#0&apos;
01:23:49.332 [main] DEBUG org.springframework.aop.aspectj.autoproxy.AspectJAwareAdvisorAutoProxyCreator - Creating implicit proxy for bean &apos;newsService&apos; with 0 common interceptors and 2 specific interceptors
01:23:49.332 [main] DEBUG org.springframework.aop.framework.JdkDynamicAopProxy - Creating JDK dynamic proxy: target source is SingletonTargetSource for target object [com.service.impl.NewsServiceImpl@24be2d9c]
01:23:49.332 [main] DEBUG org.springframework.beans.factory.support.DefaultListableBeanFactory - Finished creating instance of bean &apos;newsService&apos;
01:23:49.332 [main] DEBUG org.springframework.beans.factory.support.DefaultListableBeanFactory - Creating shared instance of singleton bean &apos;petImageService&apos;
01:23:49.332 [main] DEBUG org.springframework.beans.factory.support.DefaultListableBeanFactory - Creating instance of bean &apos;petImageService&apos;
01:23:49.332 [main] DEBUG org.springframework.beans.factory.support.DefaultListableBeanFactory - Returning cached instance of singleton bean &apos;org.springframework.aop.support.DefaultBeanFactoryPointcutAdvisor#0&apos;
01:23:49.332 [main] DEBUG org.springframework.beans.factory.annotation.InjectionMetadata - Registered injected element on class [com.service.impl.PetImageServiceImpl]: AutowiredFieldElement for protected com.baomidou.mybatisplus.mapper.BaseMapper com.baomidou.mybatisplus.service.impl.ServiceImpl.baseMapper
01:23:49.332 [main] DEBUG org.springframework.beans.factory.support.DefaultListableBeanFactory - Eagerly caching bean &apos;petImageService&apos; to allow for resolving potential circular references
01:23:49.333 [main] DEBUG org.springframework.beans.factory.annotation.InjectionMetadata - Processing injected element of bean &apos;petImageService&apos;: AutowiredFieldElement for protected com.baomidou.mybatisplus.mapper.BaseMapper com.baomidou.mybatisplus.service.impl.ServiceImpl.baseMapper
01:23:49.333 [main] DEBUG org.springframework.core.annotation.AnnotationUtils - Failed to meta-introspect annotation [interface org.springframework.beans.factory.annotation.Autowired]: java.lang.IllegalArgumentException: Annotation must not be null
01:23:49.334 [main] DEBUG org.springframework.beans.factory.support.DefaultListableBeanFactory - Creating shared instance of singleton bean &apos;petImageDao&apos;
01:23:49.334 [main] DEBUG org.springframework.beans.factory.support.DefaultListableBeanFactory - Creating instance of bean &apos;petImageDao&apos;
01:23:49.334 [main] DEBUG org.springframework.beans.factory.support.DefaultListableBeanFactory - Returning cached instance of singleton bean &apos;org.springframework.aop.support.DefaultBeanFactoryPointcutAdvisor#0&apos;
01:23:49.334 [main] DEBUG org.springframework.beans.factory.support.DefaultListableBeanFactory - Eagerly caching bean &apos;petImageDao&apos; to allow for resolving potential circular references
01:23:49.334 [main] DEBUG org.springframework.beans.factory.support.DefaultListableBeanFactory - Returning cached instance of singleton bean &apos;sqlSessionFactory&apos;
01:23:49.334 [main] DEBUG org.springframework.beans.factory.support.DefaultListableBeanFactory - Autowiring by type from bean name &apos;petImageDao&apos; via property &apos;sqlSessionFactory&apos; to bean named &apos;sqlSessionFactory&apos;
01:23:49.334 [main] DEBUG org.springframework.beans.factory.support.DefaultListableBeanFactory - Invoking afterPropertiesSet() on bean with name &apos;petImageDao&apos;
01:23:49.334 [main] DEBUG org.springframework.beans.factory.support.DefaultListableBeanFactory - Returning cached instance of singleton bean &apos;org.springframework.aop.support.DefaultBeanFactoryPointcutAdvisor#0&apos;
01:23:49.334 [main] DEBUG org.springframework.beans.factory.support.DefaultListableBeanFactory - Returning cached instance of singleton bean &apos;org.springframework.aop.support.DefaultBeanFactoryPointcutAdvisor#0&apos;
01:23:49.334 [main] DEBUG org.springframework.beans.factory.support.DefaultListableBeanFactory - Finished creating instance of bean &apos;petImageDao&apos;
01:23:49.334 [main] DEBUG org.springframework.beans.factory.support.DefaultListableBeanFactory - Returning cached instance of singleton bean &apos;org.springframework.aop.support.DefaultBeanFactoryPointcutAdvisor#0&apos;
01:23:49.334 [main] DEBUG org.springframework.beans.factory.support.DefaultListableBeanFactory - Returning cached instance of singleton bean &apos;org.springframework.aop.support.DefaultBeanFactoryPointcutAdvisor#0&apos;
01:23:49.335 [main] DEBUG org.springframework.beans.factory.annotation.AutowiredAnnotationBeanPostProcessor - Autowiring by type from bean name &apos;petImageService&apos; to bean named &apos;petImageDao&apos;
01:23:49.335 [main] DEBUG org.springframework.beans.factory.support.DefaultListableBeanFactory - Returning cached instance of singleton bean &apos;org.springframework.aop.support.DefaultBeanFactoryPointcutAdvisor#0&apos;
01:23:49.335 [main] DEBUG org.springframework.beans.factory.support.DefaultListableBeanFactory - Returning cached instance of singleton bean &apos;org.springframework.aop.support.DefaultBeanFactoryPointcutAdvisor#0&apos;
01:23:49.336 [main] DEBUG org.springframework.aop.aspectj.autoproxy.AspectJAwareAdvisorAutoProxyCreator - Creating implicit proxy for bean &apos;petImageService&apos; with 0 common interceptors and 2 specific interceptors
01:23:49.336 [main] DEBUG org.springframework.aop.framework.JdkDynamicAopProxy - Creating JDK dynamic proxy: target source is SingletonTargetSource for target object [com.service.impl.PetImageServiceImpl@7a0e1b5e]
01:23:49.336 [main] DEBUG org.springframework.beans.factory.support.DefaultListableBeanFactory - Finished creating instance of bean &apos;petImageService&apos;
01:23:49.336 [main] DEBUG org.springframework.beans.factory.support.DefaultListableBeanFactory - Creating shared instance of singleton bean &apos;storeupService&apos;
01:23:49.336 [main] DEBUG org.springframework.beans.factory.support.DefaultListableBeanFactory - Creating instance of bean &apos;storeupService&apos;
01:23:49.336 [main] DEBUG org.springframework.beans.factory.support.DefaultListableBeanFactory - Returning cached instance of singleton bean &apos;org.springframework.aop.support.DefaultBeanFactoryPointcutAdvisor#0&apos;
01:23:49.336 [main] DEBUG org.springframework.beans.factory.annotation.InjectionMetadata - Registered injected element on class [com.service.impl.StoreupServiceImpl]: AutowiredFieldElement for protected com.baomidou.mybatisplus.mapper.BaseMapper com.baomidou.mybatisplus.service.impl.ServiceImpl.baseMapper
01:23:49.336 [main] DEBUG org.springframework.beans.factory.support.DefaultListableBeanFactory - Eagerly caching bean &apos;storeupService&apos; to allow for resolving potential circular references
01:23:49.338 [main] DEBUG org.springframework.beans.factory.annotation.InjectionMetadata - Processing injected element of bean &apos;storeupService&apos;: AutowiredFieldElement for protected com.baomidou.mybatisplus.mapper.BaseMapper com.baomidou.mybatisplus.service.impl.ServiceImpl.baseMapper
01:23:49.338 [main] DEBUG org.springframework.core.annotation.AnnotationUtils - Failed to meta-introspect annotation [interface org.springframework.beans.factory.annotation.Autowired]: java.lang.IllegalArgumentException: Annotation must not be null
01:23:49.338 [main] DEBUG org.springframework.beans.factory.support.DefaultListableBeanFactory - Creating shared instance of singleton bean &apos;storeupDao&apos;
01:23:49.338 [main] DEBUG org.springframework.beans.factory.support.DefaultListableBeanFactory - Creating instance of bean &apos;storeupDao&apos;
01:23:49.338 [main] DEBUG org.springframework.beans.factory.support.DefaultListableBeanFactory - Returning cached instance of singleton bean &apos;org.springframework.aop.support.DefaultBeanFactoryPointcutAdvisor#0&apos;
01:23:49.338 [main] DEBUG org.springframework.beans.factory.support.DefaultListableBeanFactory - Eagerly caching bean &apos;storeupDao&apos; to allow for resolving potential circular references
01:23:49.338 [main] DEBUG org.springframework.beans.factory.support.DefaultListableBeanFactory - Returning cached instance of singleton bean &apos;sqlSessionFactory&apos;
01:23:49.338 [main] DEBUG org.springframework.beans.factory.support.DefaultListableBeanFactory - Autowiring by type from bean name &apos;storeupDao&apos; via property &apos;sqlSessionFactory&apos; to bean named &apos;sqlSessionFactory&apos;
01:23:49.339 [main] DEBUG org.springframework.beans.factory.support.DefaultListableBeanFactory - Invoking afterPropertiesSet() on bean with name &apos;storeupDao&apos;
01:23:49.339 [main] DEBUG org.springframework.beans.factory.support.DefaultListableBeanFactory - Returning cached instance of singleton bean &apos;org.springframework.aop.support.DefaultBeanFactoryPointcutAdvisor#0&apos;
01:23:49.339 [main] DEBUG org.springframework.beans.factory.support.DefaultListableBeanFactory - Returning cached instance of singleton bean &apos;org.springframework.aop.support.DefaultBeanFactoryPointcutAdvisor#0&apos;
01:23:49.339 [main] DEBUG org.springframework.beans.factory.support.DefaultListableBeanFactory - Finished creating instance of bean &apos;storeupDao&apos;
01:23:49.339 [main] DEBUG org.springframework.beans.factory.support.DefaultListableBeanFactory - Returning cached instance of singleton bean &apos;org.springframework.aop.support.DefaultBeanFactoryPointcutAdvisor#0&apos;
01:23:49.339 [main] DEBUG org.springframework.beans.factory.support.DefaultListableBeanFactory - Returning cached instance of singleton bean &apos;org.springframework.aop.support.DefaultBeanFactoryPointcutAdvisor#0&apos;
01:23:49.340 [main] DEBUG org.springframework.beans.factory.annotation.AutowiredAnnotationBeanPostProcessor - Autowiring by type from bean name &apos;storeupService&apos; to bean named &apos;storeupDao&apos;
01:23:49.340 [main] DEBUG org.springframework.beans.factory.support.DefaultListableBeanFactory - Returning cached instance of singleton bean &apos;org.springframework.aop.support.DefaultBeanFactoryPointcutAdvisor#0&apos;
01:23:49.340 [main] DEBUG org.springframework.beans.factory.support.DefaultListableBeanFactory - Returning cached instance of singleton bean &apos;org.springframework.aop.support.DefaultBeanFactoryPointcutAdvisor#0&apos;
01:23:49.340 [main] DEBUG org.springframework.aop.aspectj.autoproxy.AspectJAwareAdvisorAutoProxyCreator - Creating implicit proxy for bean &apos;storeupService&apos; with 0 common interceptors and 2 specific interceptors
01:23:49.340 [main] DEBUG org.springframework.aop.framework.JdkDynamicAopProxy - Creating JDK dynamic proxy: target source is SingletonTargetSource for target object [com.service.impl.StoreupServiceImpl@3b1bb3ab]
01:23:49.341 [main] DEBUG org.springframework.beans.factory.support.DefaultListableBeanFactory - Finished creating instance of bean &apos;storeupService&apos;
01:23:49.341 [main] DEBUG org.springframework.beans.factory.support.DefaultListableBeanFactory - Creating shared instance of singleton bean &apos;systemintroService&apos;
01:23:49.341 [main] DEBUG org.springframework.beans.factory.support.DefaultListableBeanFactory - Creating instance of bean &apos;systemintroService&apos;
01:23:49.341 [main] DEBUG org.springframework.beans.factory.support.DefaultListableBeanFactory - Returning cached instance of singleton bean &apos;org.springframework.aop.support.DefaultBeanFactoryPointcutAdvisor#0&apos;
01:23:49.341 [main] DEBUG org.springframework.beans.factory.annotation.InjectionMetadata - Registered injected element on class [com.service.impl.SystemintroServiceImpl]: AutowiredFieldElement for protected com.baomidou.mybatisplus.mapper.BaseMapper com.baomidou.mybatisplus.service.impl.ServiceImpl.baseMapper
01:23:49.341 [main] DEBUG org.springframework.beans.factory.support.DefaultListableBeanFactory - Eagerly caching bean &apos;systemintroService&apos; to allow for resolving potential circular references
01:23:49.343 [main] DEBUG org.springframework.beans.factory.annotation.InjectionMetadata - Processing injected element of bean &apos;systemintroService&apos;: AutowiredFieldElement for protected com.baomidou.mybatisplus.mapper.BaseMapper com.baomidou.mybatisplus.service.impl.ServiceImpl.baseMapper
01:23:49.343 [main] DEBUG org.springframework.core.annotation.AnnotationUtils - Failed to meta-introspect annotation [interface org.springframework.beans.factory.annotation.Autowired]: java.lang.IllegalArgumentException: Annotation must not be null
01:23:49.343 [main] DEBUG org.springframework.beans.factory.support.DefaultListableBeanFactory - Creating shared instance of singleton bean &apos;systemintroDao&apos;
01:23:49.343 [main] DEBUG org.springframework.beans.factory.support.DefaultListableBeanFactory - Creating instance of bean &apos;systemintroDao&apos;
01:23:49.343 [main] DEBUG org.springframework.beans.factory.support.DefaultListableBeanFactory - Returning cached instance of singleton bean &apos;org.springframework.aop.support.DefaultBeanFactoryPointcutAdvisor#0&apos;
01:23:49.343 [main] DEBUG org.springframework.beans.factory.support.DefaultListableBeanFactory - Eagerly caching bean &apos;systemintroDao&apos; to allow for resolving potential circular references
01:23:49.343 [main] DEBUG org.springframework.beans.factory.support.DefaultListableBeanFactory - Returning cached instance of singleton bean &apos;sqlSessionFactory&apos;
01:23:49.343 [main] DEBUG org.springframework.beans.factory.support.DefaultListableBeanFactory - Autowiring by type from bean name &apos;systemintroDao&apos; via property &apos;sqlSessionFactory&apos; to bean named &apos;sqlSessionFactory&apos;
01:23:49.343 [main] DEBUG org.springframework.beans.factory.support.DefaultListableBeanFactory - Invoking afterPropertiesSet() on bean with name &apos;systemintroDao&apos;
01:23:49.343 [main] DEBUG org.springframework.beans.factory.support.DefaultListableBeanFactory - Returning cached instance of singleton bean &apos;org.springframework.aop.support.DefaultBeanFactoryPointcutAdvisor#0&apos;
01:23:49.343 [main] DEBUG org.springframework.beans.factory.support.DefaultListableBeanFactory - Returning cached instance of singleton bean &apos;org.springframework.aop.support.DefaultBeanFactoryPointcutAdvisor#0&apos;
01:23:49.344 [main] DEBUG org.springframework.beans.factory.support.DefaultListableBeanFactory - Finished creating instance of bean &apos;systemintroDao&apos;
01:23:49.344 [main] DEBUG org.springframework.beans.factory.support.DefaultListableBeanFactory - Returning cached instance of singleton bean &apos;org.springframework.aop.support.DefaultBeanFactoryPointcutAdvisor#0&apos;
01:23:49.344 [main] DEBUG org.springframework.beans.factory.support.DefaultListableBeanFactory - Returning cached instance of singleton bean &apos;org.springframework.aop.support.DefaultBeanFactoryPointcutAdvisor#0&apos;
01:23:49.345 [main] DEBUG org.springframework.beans.factory.annotation.AutowiredAnnotationBeanPostProcessor - Autowiring by type from bean name &apos;systemintroService&apos; to bean named &apos;systemintroDao&apos;
01:23:49.345 [main] DEBUG org.springframework.beans.factory.support.DefaultListableBeanFactory - Returning cached instance of singleton bean &apos;org.springframework.aop.support.DefaultBeanFactoryPointcutAdvisor#0&apos;
01:23:49.345 [main] DEBUG org.springframework.beans.factory.support.DefaultListableBeanFactory - Returning cached instance of singleton bean &apos;org.springframework.aop.support.DefaultBeanFactoryPointcutAdvisor#0&apos;
01:23:49.345 [main] DEBUG org.springframework.aop.aspectj.autoproxy.AspectJAwareAdvisorAutoProxyCreator - Creating implicit proxy for bean &apos;systemintroService&apos; with 0 common interceptors and 2 specific interceptors
01:23:49.345 [main] DEBUG org.springframework.aop.framework.JdkDynamicAopProxy - Creating JDK dynamic proxy: target source is SingletonTargetSource for target object [com.service.impl.SystemintroServiceImpl@5d8445d7]
01:23:49.345 [main] DEBUG org.springframework.beans.factory.support.DefaultListableBeanFactory - Finished creating instance of bean &apos;systemintroService&apos;
01:23:49.345 [main] DEBUG org.springframework.beans.factory.support.DefaultListableBeanFactory - Creating shared instance of singleton bean &apos;tokenService&apos;
01:23:49.345 [main] DEBUG org.springframework.beans.factory.support.DefaultListableBeanFactory - Creating instance of bean &apos;tokenService&apos;
01:23:49.346 [main] DEBUG org.springframework.beans.factory.support.DefaultListableBeanFactory - Returning cached instance of singleton bean &apos;org.springframework.aop.support.DefaultBeanFactoryPointcutAdvisor#0&apos;
01:23:49.346 [main] DEBUG org.springframework.beans.factory.annotation.InjectionMetadata - Registered injected element on class [com.service.impl.TokenServiceImpl]: AutowiredFieldElement for protected com.baomidou.mybatisplus.mapper.BaseMapper com.baomidou.mybatisplus.service.impl.ServiceImpl.baseMapper
01:23:49.346 [main] DEBUG org.springframework.beans.factory.support.DefaultListableBeanFactory - Eagerly caching bean &apos;tokenService&apos; to allow for resolving potential circular references
01:23:49.347 [main] DEBUG org.springframework.beans.factory.annotation.InjectionMetadata - Processing injected element of bean &apos;tokenService&apos;: AutowiredFieldElement for protected com.baomidou.mybatisplus.mapper.BaseMapper com.baomidou.mybatisplus.service.impl.ServiceImpl.baseMapper
01:23:49.348 [main] DEBUG org.springframework.core.annotation.AnnotationUtils - Failed to meta-introspect annotation [interface org.springframework.beans.factory.annotation.Autowired]: java.lang.IllegalArgumentException: Annotation must not be null
01:23:49.348 [main] DEBUG org.springframework.beans.factory.support.DefaultListableBeanFactory - Creating shared instance of singleton bean &apos;tokenDao&apos;
01:23:49.348 [main] DEBUG org.springframework.beans.factory.support.DefaultListableBeanFactory - Creating instance of bean &apos;tokenDao&apos;
01:23:49.348 [main] DEBUG org.springframework.beans.factory.support.DefaultListableBeanFactory - Returning cached instance of singleton bean &apos;org.springframework.aop.support.DefaultBeanFactoryPointcutAdvisor#0&apos;
01:23:49.348 [main] DEBUG org.springframework.beans.factory.support.DefaultListableBeanFactory - Eagerly caching bean &apos;tokenDao&apos; to allow for resolving potential circular references
01:23:49.348 [main] DEBUG org.springframework.beans.factory.support.DefaultListableBeanFactory - Returning cached instance of singleton bean &apos;sqlSessionFactory&apos;
01:23:49.348 [main] DEBUG org.springframework.beans.factory.support.DefaultListableBeanFactory - Autowiring by type from bean name &apos;tokenDao&apos; via property &apos;sqlSessionFactory&apos; to bean named &apos;sqlSessionFactory&apos;
01:23:49.348 [main] DEBUG org.springframework.beans.factory.support.DefaultListableBeanFactory - Invoking afterPropertiesSet() on bean with name &apos;tokenDao&apos;
01:23:49.348 [main] DEBUG org.springframework.beans.factory.support.DefaultListableBeanFactory - Returning cached instance of singleton bean &apos;org.springframework.aop.support.DefaultBeanFactoryPointcutAdvisor#0&apos;
01:23:49.348 [main] DEBUG org.springframework.beans.factory.support.DefaultListableBeanFactory - Returning cached instance of singleton bean &apos;org.springframework.aop.support.DefaultBeanFactoryPointcutAdvisor#0&apos;
01:23:49.349 [main] DEBUG org.springframework.beans.factory.support.DefaultListableBeanFactory - Finished creating instance of bean &apos;tokenDao&apos;
01:23:49.349 [main] DEBUG org.springframework.beans.factory.support.DefaultListableBeanFactory - Returning cached instance of singleton bean &apos;org.springframework.aop.support.DefaultBeanFactoryPointcutAdvisor#0&apos;
01:23:49.349 [main] DEBUG org.springframework.beans.factory.support.DefaultListableBeanFactory - Returning cached instance of singleton bean &apos;org.springframework.aop.support.DefaultBeanFactoryPointcutAdvisor#0&apos;
01:23:49.351 [main] DEBUG org.springframework.beans.factory.annotation.AutowiredAnnotationBeanPostProcessor - Autowiring by type from bean name &apos;tokenService&apos; to bean named &apos;tokenDao&apos;
01:23:49.351 [main] DEBUG org.springframework.beans.factory.support.DefaultListableBeanFactory - Returning cached instance of singleton bean &apos;org.springframework.aop.support.DefaultBeanFactoryPointcutAdvisor#0&apos;
01:23:49.351 [main] DEBUG org.springframework.beans.factory.support.DefaultListableBeanFactory - Returning cached instance of singleton bean &apos;org.springframework.aop.support.DefaultBeanFactoryPointcutAdvisor#0&apos;
01:23:49.351 [main] DEBUG org.springframework.aop.aspectj.autoproxy.AspectJAwareAdvisorAutoProxyCreator - Creating implicit proxy for bean &apos;tokenService&apos; with 0 common interceptors and 2 specific interceptors
01:23:49.351 [main] DEBUG org.springframework.aop.framework.JdkDynamicAopProxy - Creating JDK dynamic proxy: target source is SingletonTargetSource for target object [com.service.impl.TokenServiceImpl@408b35bf]
01:23:49.351 [main] DEBUG org.springframework.beans.factory.support.DefaultListableBeanFactory - Finished creating instance of bean &apos;tokenService&apos;
01:23:49.351 [main] DEBUG org.springframework.beans.factory.support.DefaultListableBeanFactory - Creating shared instance of singleton bean &apos;usersService&apos;
01:23:49.351 [main] DEBUG org.springframework.beans.factory.support.DefaultListableBeanFactory - Creating instance of bean &apos;usersService&apos;
01:23:49.351 [main] DEBUG org.springframework.beans.factory.support.DefaultListableBeanFactory - Returning cached instance of singleton bean &apos;org.springframework.aop.support.DefaultBeanFactoryPointcutAdvisor#0&apos;
01:23:49.352 [main] DEBUG org.springframework.beans.factory.annotation.InjectionMetadata - Registered injected element on class [com.service.impl.UsersServiceImpl]: AutowiredFieldElement for protected com.baomidou.mybatisplus.mapper.BaseMapper com.baomidou.mybatisplus.service.impl.ServiceImpl.baseMapper
01:23:49.352 [main] DEBUG org.springframework.beans.factory.support.DefaultListableBeanFactory - Eagerly caching bean &apos;usersService&apos; to allow for resolving potential circular references
01:23:49.353 [main] DEBUG org.springframework.beans.factory.annotation.InjectionMetadata - Processing injected element of bean &apos;usersService&apos;: AutowiredFieldElement for protected com.baomidou.mybatisplus.mapper.BaseMapper com.baomidou.mybatisplus.service.impl.ServiceImpl.baseMapper
01:23:49.353 [main] DEBUG org.springframework.core.annotation.AnnotationUtils - Failed to meta-introspect annotation [interface org.springframework.beans.factory.annotation.Autowired]: java.lang.IllegalArgumentException: Annotation must not be null
01:23:49.354 [main] DEBUG org.springframework.beans.factory.support.DefaultListableBeanFactory - Creating shared instance of singleton bean &apos;usersDao&apos;
01:23:49.354 [main] DEBUG org.springframework.beans.factory.support.DefaultListableBeanFactory - Creating instance of bean &apos;usersDao&apos;
01:23:49.354 [main] DEBUG org.springframework.beans.factory.support.DefaultListableBeanFactory - Returning cached instance of singleton bean &apos;org.springframework.aop.support.DefaultBeanFactoryPointcutAdvisor#0&apos;
01:23:49.354 [main] DEBUG org.springframework.beans.factory.support.DefaultListableBeanFactory - Eagerly caching bean &apos;usersDao&apos; to allow for resolving potential circular references
01:23:49.354 [main] DEBUG org.springframework.beans.factory.support.DefaultListableBeanFactory - Returning cached instance of singleton bean &apos;sqlSessionFactory&apos;
01:23:49.354 [main] DEBUG org.springframework.beans.factory.support.DefaultListableBeanFactory - Autowiring by type from bean name &apos;usersDao&apos; via property &apos;sqlSessionFactory&apos; to bean named &apos;sqlSessionFactory&apos;
01:23:49.354 [main] DEBUG org.springframework.beans.factory.support.DefaultListableBeanFactory - Invoking afterPropertiesSet() on bean with name &apos;usersDao&apos;
01:23:49.354 [main] DEBUG org.springframework.beans.factory.support.DefaultListableBeanFactory - Returning cached instance of singleton bean &apos;org.springframework.aop.support.DefaultBeanFactoryPointcutAdvisor#0&apos;
01:23:49.354 [main] DEBUG org.springframework.beans.factory.support.DefaultListableBeanFactory - Returning cached instance of singleton bean &apos;org.springframework.aop.support.DefaultBeanFactoryPointcutAdvisor#0&apos;
01:23:49.354 [main] DEBUG org.springframework.beans.factory.support.DefaultListableBeanFactory - Finished creating instance of bean &apos;usersDao&apos;
01:23:49.354 [main] DEBUG org.springframework.beans.factory.support.DefaultListableBeanFactory - Returning cached instance of singleton bean &apos;org.springframework.aop.support.DefaultBeanFactoryPointcutAdvisor#0&apos;
01:23:49.354 [main] DEBUG org.springframework.beans.factory.support.DefaultListableBeanFactory - Returning cached instance of singleton bean &apos;org.springframework.aop.support.DefaultBeanFactoryPointcutAdvisor#0&apos;
01:23:49.356 [main] DEBUG org.springframework.beans.factory.annotation.AutowiredAnnotationBeanPostProcessor - Autowiring by type from bean name &apos;usersService&apos; to bean named &apos;usersDao&apos;
01:23:49.356 [main] DEBUG org.springframework.beans.factory.support.DefaultListableBeanFactory - Returning cached instance of singleton bean &apos;org.springframework.aop.support.DefaultBeanFactoryPointcutAdvisor#0&apos;
01:23:49.356 [main] DEBUG org.springframework.beans.factory.support.DefaultListableBeanFactory - Returning cached instance of singleton bean &apos;org.springframework.aop.support.DefaultBeanFactoryPointcutAdvisor#0&apos;
01:23:49.356 [main] DEBUG org.springframework.aop.aspectj.autoproxy.AspectJAwareAdvisorAutoProxyCreator - Creating implicit proxy for bean &apos;usersService&apos; with 0 common interceptors and 2 specific interceptors
01:23:49.356 [main] DEBUG org.springframework.aop.framework.JdkDynamicAopProxy - Creating JDK dynamic proxy: target source is SingletonTargetSource for target object [com.service.impl.UsersServiceImpl@726386ed]
01:23:49.356 [main] DEBUG org.springframework.beans.factory.support.DefaultListableBeanFactory - Finished creating instance of bean &apos;usersService&apos;
01:23:49.356 [main] DEBUG org.springframework.beans.factory.support.DefaultListableBeanFactory - Returning cached instance of singleton bean &apos;org.springframework.context.annotation.internalConfigurationAnnotationProcessor&apos;
01:23:49.356 [main] DEBUG org.springframework.beans.factory.support.DefaultListableBeanFactory - Returning cached instance of singleton bean &apos;org.springframework.context.annotation.internalAutowiredAnnotationProcessor&apos;
01:23:49.356 [main] DEBUG org.springframework.beans.factory.support.DefaultListableBeanFactory - Returning cached instance of singleton bean &apos;org.springframework.context.annotation.internalRequiredAnnotationProcessor&apos;
01:23:49.356 [main] DEBUG org.springframework.beans.factory.support.DefaultListableBeanFactory - Returning cached instance of singleton bean &apos;org.springframework.context.annotation.internalCommonAnnotationProcessor&apos;
01:23:49.356 [main] DEBUG org.springframework.beans.factory.support.DefaultListableBeanFactory - Creating shared instance of singleton bean &apos;org.springframework.context.event.internalEventListenerProcessor&apos;
01:23:49.356 [main] DEBUG org.springframework.beans.factory.support.DefaultListableBeanFactory - Creating instance of bean &apos;org.springframework.context.event.internalEventListenerProcessor&apos;
01:23:49.356 [main] DEBUG org.springframework.beans.factory.support.DefaultListableBeanFactory - Returning cached instance of singleton bean &apos;org.springframework.aop.support.DefaultBeanFactoryPointcutAdvisor#0&apos;
01:23:49.356 [main] DEBUG org.springframework.beans.factory.support.DefaultListableBeanFactory - Eagerly caching bean &apos;org.springframework.context.event.internalEventListenerProcessor&apos; to allow for resolving potential circular references
01:23:49.358 [main] DEBUG org.springframework.beans.factory.support.DefaultListableBeanFactory - Returning cached instance of singleton bean &apos;org.springframework.aop.support.DefaultBeanFactoryPointcutAdvisor#0&apos;
01:23:49.358 [main] DEBUG org.springframework.beans.factory.support.DefaultListableBeanFactory - Returning cached instance of singleton bean &apos;org.springframework.aop.support.DefaultBeanFactoryPointcutAdvisor#0&apos;
01:23:49.358 [main] DEBUG org.springframework.beans.factory.support.DefaultListableBeanFactory - Finished creating instance of bean &apos;org.springframework.context.event.internalEventListenerProcessor&apos;
01:23:49.358 [main] DEBUG org.springframework.beans.factory.support.DefaultListableBeanFactory - Creating shared instance of singleton bean &apos;org.springframework.context.event.internalEventListenerFactory&apos;
01:23:49.358 [main] DEBUG org.springframework.beans.factory.support.DefaultListableBeanFactory - Creating instance of bean &apos;org.springframework.context.event.internalEventListenerFactory&apos;
01:23:49.358 [main] DEBUG org.springframework.beans.factory.support.DefaultListableBeanFactory - Returning cached instance of singleton bean &apos;org.springframework.aop.support.DefaultBeanFactoryPointcutAdvisor#0&apos;
01:23:49.358 [main] DEBUG org.springframework.beans.factory.support.DefaultListableBeanFactory - Eagerly caching bean &apos;org.springframework.context.event.internalEventListenerFactory&apos; to allow for resolving potential circular references
01:23:49.360 [main] DEBUG org.springframework.beans.factory.support.DefaultListableBeanFactory - Returning cached instance of singleton bean &apos;org.springframework.aop.support.DefaultBeanFactoryPointcutAdvisor#0&apos;
01:23:49.360 [main] DEBUG org.springframework.beans.factory.support.DefaultListableBeanFactory - Returning cached instance of singleton bean &apos;org.springframework.aop.support.DefaultBeanFactoryPointcutAdvisor#0&apos;
01:23:49.360 [main] DEBUG org.springframework.beans.factory.support.DefaultListableBeanFactory - Finished creating instance of bean &apos;org.springframework.context.event.internalEventListenerFactory&apos;
01:23:49.360 [main] DEBUG org.springframework.beans.factory.support.DefaultListableBeanFactory - Returning cached instance of singleton bean &apos;dataSource&apos;
01:23:49.360 [main] DEBUG org.springframework.beans.factory.support.DefaultListableBeanFactory - Returning cached instance of singleton bean &apos;sqlSessionFactory&apos;
01:23:49.360 [main] DEBUG org.springframework.beans.factory.support.DefaultListableBeanFactory - Returning cached instance of singleton bean &apos;globalConfig&apos;
01:23:49.360 [main] DEBUG org.springframework.beans.factory.support.DefaultListableBeanFactory - Returning cached instance of singleton bean &apos;org.mybatis.spring.mapper.MapperScannerConfigurer#0&apos;
01:23:49.360 [main] DEBUG org.springframework.beans.factory.support.DefaultListableBeanFactory - Returning cached instance of singleton bean &apos;transactionManager&apos;
01:23:49.360 [main] DEBUG org.springframework.beans.factory.support.DefaultListableBeanFactory - Returning cached instance of singleton bean &apos;transactionAdvice&apos;
01:23:49.360 [main] DEBUG org.springframework.beans.factory.support.DefaultListableBeanFactory - Returning cached instance of singleton bean &apos;org.springframework.aop.config.internalAutoProxyCreator&apos;
01:23:49.360 [main] DEBUG org.springframework.beans.factory.support.DefaultListableBeanFactory - Returning cached instance of singleton bean &apos;org.springframework.aop.support.DefaultBeanFactoryPointcutAdvisor#0&apos;
01:23:49.360 [main] DEBUG org.springframework.beans.factory.support.DefaultListableBeanFactory - Returning cached instance of singleton bean &apos;aboutusDao&apos;
01:23:49.360 [main] DEBUG org.springframework.beans.factory.support.DefaultListableBeanFactory - Returning cached instance of singleton bean &apos;chatDao&apos;
01:23:49.360 [main] DEBUG org.springframework.beans.factory.support.DefaultListableBeanFactory - Returning cached instance of singleton bean &apos;commonDao&apos;
01:23:49.360 [main] DEBUG org.springframework.beans.factory.support.DefaultListableBeanFactory - Returning cached instance of singleton bean &apos;configDao&apos;
01:23:49.360 [main] DEBUG org.springframework.beans.factory.support.DefaultListableBeanFactory - Returning cached instance of singleton bean &apos;discussPetDao&apos;
01:23:49.360 [main] DEBUG org.springframework.beans.factory.support.DefaultListableBeanFactory - Returning cached instance of singleton bean &apos;imageClassDao&apos;
01:23:49.360 [main] DEBUG org.springframework.beans.factory.support.DefaultListableBeanFactory - Returning cached instance of singleton bean &apos;loginUserDao&apos;
01:23:49.360 [main] DEBUG org.springframework.beans.factory.support.DefaultListableBeanFactory - Returning cached instance of singleton bean &apos;newsDao&apos;
01:23:49.360 [main] DEBUG org.springframework.beans.factory.support.DefaultListableBeanFactory - Returning cached instance of singleton bean &apos;petImageDao&apos;
01:23:49.360 [main] DEBUG org.springframework.beans.factory.support.DefaultListableBeanFactory - Returning cached instance of singleton bean &apos;storeupDao&apos;
01:23:49.360 [main] DEBUG org.springframework.beans.factory.support.DefaultListableBeanFactory - Returning cached instance of singleton bean &apos;systemintroDao&apos;
01:23:49.360 [main] DEBUG org.springframework.beans.factory.support.DefaultListableBeanFactory - Returning cached instance of singleton bean &apos;tokenDao&apos;
01:23:49.360 [main] DEBUG org.springframework.beans.factory.support.DefaultListableBeanFactory - Returning cached instance of singleton bean &apos;usersDao&apos;
01:23:49.360 [main] DEBUG org.springframework.beans.factory.support.DefaultListableBeanFactory - Returning cached instance of singleton bean &apos;org.springframework.context.event.internalEventListenerFactory&apos;
01:23:49.385 [main] DEBUG org.springframework.context.support.ClassPathXmlApplicationContext - Unable to locate LifecycleProcessor with name &apos;lifecycleProcessor&apos;: using default [org.springframework.context.support.DefaultLifecycleProcessor@649f2009]
01:23:49.386 [main] DEBUG org.springframework.beans.factory.support.DefaultListableBeanFactory - Returning cached instance of singleton bean &apos;lifecycleProcessor&apos;
01:23:49.386 [main] DEBUG org.springframework.beans.factory.support.DefaultListableBeanFactory - Returning cached instance of singleton bean &apos;sqlSessionFactory&apos;
01:23:49.386 [main] DEBUG org.springframework.core.env.PropertySourcesPropertyResolver - Could not find key &apos;spring.liveBeansView.mbeanDomain&apos; in any property source
01:23:49.386 [main] DEBUG org.springframework.beans.factory.support.DefaultListableBeanFactory - Returning cached instance of singleton bean &apos;petImageService&apos;
01:23:49.387 [main] DEBUG org.mybatis.spring.SqlSessionUtils - Creating a new SqlSession
01:23:49.387 [main] DEBUG org.mybatis.spring.SqlSessionUtils - SqlSession [org.apache.ibatis.session.defaults.DefaultSqlSession@14bb2297] was not registered for synchronization because synchronization is not active
01:23:49.387 [main] DEBUG org.springframework.jdbc.datasource.DataSourceUtils - Fetching JDBC Connection from DataSource
01:23:49.387 [main] DEBUG org.mybatis.spring.transaction.SpringManagedTransaction - JDBC Connection [com.alibaba.druid.proxy.jdbc.ConnectionProxyImpl@797501a] will not be managed by Spring
01:23:49.388 [main] DEBUG com.dao.PetImageDao.selectById - ==&gt;  Preparing: SELECT id AS id,pettitle,imageclass,imagetime,petimage,username,imageremark,addtime FROM petimage WHERE id=? 
01:23:49.388 [main] DEBUG com.dao.PetImageDao.selectById - ==&gt; Parameters: 31(Integer)
01:23:49.389 [main] DEBUG org.mybatis.spring.SqlSessionUtils - Closing non transactional SqlSession [org.apache.ibatis.session.defaults.DefaultSqlSession@14bb2297]
01:23:49.389 [main] DEBUG org.springframework.jdbc.datasource.DataSourceUtils - Returning JDBC Connection to DataSource
01:23:49.389 [main] DEBUG org.springframework.jdbc.support.SQLErrorCodesFactory - Looking up default SQLErrorCodes for DataSource [com.alibaba.druid.pool.DruidDataSource@71a9b4c7]
01:23:49.389 [main] DEBUG org.springframework.jdbc.datasource.DataSourceUtils - Fetching JDBC Connection from DataSource
01:23:49.389 [main] DEBUG org.springframework.jdbc.datasource.DataSourceUtils - Returning JDBC Connection to DataSource
01:23:49.390 [main] DEBUG org.springframework.jdbc.support.SQLErrorCodesFactory - SQL error codes for &apos;MySQL&apos; found
01:23:49.390 [main] DEBUG org.springframework.jdbc.support.SQLErrorCodesFactory - Caching SQL error codes for DataSource [com.alibaba.druid.pool.DruidDataSource@71a9b4c7]: database product name is &apos;MySQL&apos;
01:23:49.390 [main] DEBUG org.springframework.jdbc.support.SQLErrorCodeSQLExceptionTranslator - Translating SQLException with SQL state &apos;42S02&apos;, error code &apos;1146&apos;, message [Table &apos;ssm85bqd1pj.petimage&apos; doesn&apos;t exist] for task [
### Error querying database.  Cause: java.sql.SQLSyntaxErrorException: Table &apos;ssm85bqd1pj.petimage&apos; doesn&apos;t exist
### The error may exist in com/dao/PetImageDao.java (best guess)
### The error may involve defaultParameterMap
### The error occurred while setting parameters
### SQL: SELECT id AS id,pettitle,imageclass,imagetime,petimage,username,imageremark,addtime FROM petimage WHERE id=?
### Cause: java.sql.SQLSyntaxErrorException: Table &apos;ssm85bqd1pj.petimage&apos; doesn&apos;t exist
]
</system-out>
  </testcase>
</testsuite>